       Step     Time          Energy         fmax
*Force-consistent energies used in optimization.
GPMin:    0 20:06:26       -5.347202*       0.2862
GPMin:    1 20:06:41       -5.448485*       0.1713
GPMin:    2 20:06:52       -5.503301*       0.1068
GPMin:    3 20:07:03       -5.543242*       0.0905
GPMin:    4 20:07:13       -5.582457*       0.0717
GPMin:    5 20:07:24       -5.613927*       0.0787
GPMin:    6 20:07:34       -5.638740*       0.0611
GPMin:    7 20:07:44       -5.659872*       0.0696
GPMin:    8 20:07:52       -5.680578*       0.0805
GPMin:    9 20:08:02       -5.713373*       0.0802
GPMin:   10 20:08:13       -5.744017*       0.0769
GPMin:   11 20:08:24       -5.762984*       0.0508
GPMin:   12 20:08:33       -5.773163*       0.0655
GPMin:   13 20:08:43       -5.785368*       0.0514
GPMin:   14 20:08:53       -5.795244*       0.0491
GPMin:   15 20:09:03       -5.809819*       0.0610
GPMin:   16 20:09:13       -5.830056*       0.0702
GPMin:   17 20:09:23       -5.857170*       0.0694
GPMin:   18 20:09:32       -5.882259*       0.0651
GPMin:   19 20:09:42       -5.897250*       0.0502
GPMin:   20 20:09:51       -5.903214*       0.0282
GPMin:   21 20:10:00       -5.905188*       0.0241
GPMin:   22 20:10:08       -5.907360*       0.0173
       Step     Time          Energy         fmax
*Force-consistent energies used in optimization.
GPMin:    0 20:10:26       -5.404187*       0.6058
GPMin:    1 20:10:36       -5.578684*       0.1743
GPMin:    2 20:10:47       -5.635353*       0.1526
GPMin:    3 20:10:57       -5.674906*       0.1324
GPMin:    4 20:11:07       -5.702235*       0.0763
GPMin:    5 20:11:16       -5.720706*       0.0683
GPMin:    6 20:11:26       -5.737301*       0.0600
GPMin:    7 20:11:36       -5.748391*       0.0421
GPMin:    8 20:11:46       -5.758858*       0.0429
GPMin:    9 20:11:56       -5.768869*       0.0399
GPMin:   10 20:12:05       -5.778362*       0.0396
GPMin:   11 20:12:15       -5.790935*       0.0530
GPMin:   12 20:12:25       -5.810012*       0.0600
GPMin:   13 20:12:35       -5.833550*       0.0629
GPMin:   14 20:12:45       -5.862579*       0.0764
GPMin:   15 20:12:54       -5.887673*       0.0684
GPMin:   16 20:13:04       -5.900127*       0.0409
GPMin:   17 20:13:13       -5.903877*       0.0260
GPMin:   18 20:13:21       -5.905680*       0.0246
GPMin:   19 20:13:30       -5.907686*       0.0146
       Step     Time          Energy         fmax
*Force-consistent energies used in optimization.
GPMin:    0 20:13:47       -5.265470*       0.2098
GPMin:    1 20:13:58       -5.407107*       0.1907
GPMin:    2 20:14:09       -5.508276*       0.1488
GPMin:    3 20:14:19       -5.584718*       0.1347
GPMin:    4 20:14:30       -5.636620*       0.1258
GPMin:    5 20:14:41       -5.681485*       0.1165
GPMin:    6 20:14:51       -5.718762*       0.0970
GPMin:    7 20:15:01       -5.750036*       0.0874
GPMin:    8 20:15:10       -5.780266*       0.0760
GPMin:    9 20:15:20       -5.798977*       0.0569
GPMin:   10 20:15:30       -5.809534*       0.0704
GPMin:   11 20:15:40       -5.825590*       0.0831
GPMin:   12 20:15:49       -5.845753*       0.0740
GPMin:   13 20:15:59       -5.868125*       0.0598
GPMin:   14 20:16:09       -5.888010*       0.0577
GPMin:   15 20:16:19       -5.898821*       0.0422
GPMin:   16 20:16:27       -5.902942*       0.0360
GPMin:   17 20:16:36       -5.905243*       0.0280
GPMin:   18 20:16:45       -5.907263*       0.0214
GPMin:   19 20:16:52       -5.907958*       0.0108
       Step     Time          Energy         fmax
*Force-consistent energies used in optimization.
GPMin:    0 20:17:09       -5.501499*       0.3340
GPMin:    1 20:17:21       -5.646187*       0.1597
GPMin:    2 20:17:31       -5.717314*       0.1162
GPMin:    3 20:17:42       -5.762042*       0.1065
GPMin:    4 20:17:52       -5.800105*       0.1020
GPMin:    5 20:18:02       -5.834745*       0.0715
GPMin:    6 20:18:11       -5.860753*       0.0730
GPMin:    7 20:18:21       -5.879954*       0.0670
GPMin:    8 20:18:31       -5.894229*       0.0455
GPMin:    9 20:18:40       -5.902746*       0.0326
GPMin:   10 20:18:48       -5.905721*       0.0251
GPMin:   11 20:18:57       -5.907340*       0.0176
       Step     Time          Energy         fmax
*Force-consistent energies used in optimization.
GPMin:    0 20:19:18       -5.221759*       0.3125
GPMin:    1 20:19:32       -5.293834*       0.2155
GPMin:    2 20:19:46       -5.394398*       0.1798
GPMin:    3 20:19:57       -5.477353*       0.1497
GPMin:    4 20:20:09       -5.551159*       0.1556
GPMin:    5 20:20:20       -5.616603*       0.1750
GPMin:    6 20:20:31       -5.687947*       0.1724
GPMin:    7 20:20:42       -5.743362*       0.1232
GPMin:    8 20:20:53       -5.772998*       0.0690
GPMin:    9 20:21:02       -5.785409*       0.0608
GPMin:   10 20:21:11       -5.796106*       0.0580
GPMin:   11 20:21:20       -5.807016*       0.0627
GPMin:   12 20:21:28       -5.820802*       0.0721
GPMin:   13 20:21:38       -5.842406*       0.0717
GPMin:   14 20:21:48       -5.866316*       0.0683
GPMin:   15 20:21:58       -5.886037*       0.0684
GPMin:   16 20:22:07       -5.898614*       0.0485
GPMin:   17 20:22:16       -5.903126*       0.0262
GPMin:   18 20:22:25       -5.905009*       0.0267
GPMin:   19 20:22:33       -5.907243*       0.0205
GPMin:   20 20:22:41       -5.908000*       0.0132
       Step     Time          Energy         fmax
*Force-consistent energies used in optimization.
GPMin:    0 20:22:58       -5.195974*       0.6135
GPMin:    1 20:23:09       -5.446544*       0.2313
GPMin:    2 20:23:20       -5.535632*       0.1994
GPMin:    3 20:23:30       -5.630621*       0.1718
GPMin:    4 20:23:39       -5.717549*       0.1451
GPMin:    5 20:23:49       -5.776968*       0.1225
GPMin:    6 20:23:59       -5.820794*       0.1203
GPMin:    7 20:24:09       -5.858877*       0.1054
GPMin:    8 20:24:18       -5.884744*       0.0688
GPMin:    9 20:24:28       -5.896849*       0.0452
GPMin:   10 20:24:38       -5.901735*       0.0374
GPMin:   11 20:24:46       -5.904510*       0.0296
GPMin:   12 20:24:55       -5.906701*       0.0207
GPMin:   13 20:25:04       -5.907499*       0.0139
       Step     Time          Energy         fmax
*Force-consistent energies used in optimization.
GPMin:    0 20:25:21       -5.470523*       0.3230
GPMin:    1 20:25:32       -5.615026*       0.1591
GPMin:    2 20:25:43       -5.671612*       0.0992
GPMin:    3 20:25:52       -5.700350*       0.1097
GPMin:    4 20:26:02       -5.727732*       0.1217
GPMin:    5 20:26:12       -5.769554*       0.1188
GPMin:    6 20:26:22       -5.815502*       0.0861
GPMin:    7 20:26:33       -5.849501*       0.0681
GPMin:    8 20:26:44       -5.867324*       0.0741
GPMin:    9 20:26:53       -5.885758*       0.0598
GPMin:   10 20:27:02       -5.899620*       0.0433
GPMin:   11 20:27:11       -5.904015*       0.0292
GPMin:   12 20:27:19       -5.906294*       0.0219
GPMin:   13 20:27:27       -5.907416*       0.0137
       Step     Time          Energy         fmax
*Force-consistent energies used in optimization.
GPMin:    0 20:27:44       -5.498574*       0.6785
GPMin:    1 20:27:55       -5.683738*       0.1435
GPMin:    2 20:28:04       -5.697887*       0.1518
GPMin:    3 20:28:14       -5.756575*       0.1517
GPMin:    4 20:28:24       -5.812771*       0.1349
GPMin:    5 20:28:34       -5.842910*       0.1065
GPMin:    6 20:28:44       -5.869569*       0.0813
GPMin:    7 20:28:53       -5.885706*       0.0624
GPMin:    8 20:29:03       -5.898273*       0.0456
GPMin:    9 20:29:11       -5.903811*       0.0268
GPMin:   10 20:29:20       -5.905919*       0.0198
       Step     Time          Energy         fmax
*Force-consistent energies used in optimization.
GPMin:    0 20:29:36       -5.498574*       0.6785
GPMin:    1 20:29:47       -5.683740*       0.1435
GPMin:    2 20:29:57       -5.697883*       0.1518
GPMin:    3 20:30:06       -5.756572*       0.1517
GPMin:    4 20:30:16       -5.812771*       0.1349
GPMin:    5 20:30:26       -5.842910*       0.1065
GPMin:    6 20:30:36       -5.869567*       0.0813
GPMin:    7 20:30:45       -5.885704*       0.0624
GPMin:    8 20:30:55       -5.898271*       0.0456
GPMin:    9 20:31:04       -5.903810*       0.0268
GPMin:   10 20:31:13       -5.905919*       0.0198
       Step     Time          Energy         fmax
*Force-consistent energies used in optimization.
GPMin:    0 20:31:29       -5.452405*       0.1577
GPMin:    1 20:31:41       -5.524947*       0.1065
GPMin:    2 20:31:53       -5.553547*       0.0604
GPMin:    3 20:32:04       -5.560657*       0.0914
GPMin:    4 20:32:15       -5.566931*       0.0947
GPMin:    5 20:32:26       -5.571607*       0.0375
GPMin:    6 20:32:35       -5.573668*       0.0230
GPMin:    7 20:32:45       -5.575733*       0.0161
       Step     Time          Energy         fmax
*Force-consistent energies used in optimization.
GPMin:    0 20:33:03       -5.399479*       0.2646
GPMin:    1 20:33:16       -5.487583*       0.1212
GPMin:    2 20:33:28       -5.523253*       0.0913
GPMin:    3 20:33:38       -5.565376*       0.0969
GPMin:    4 20:33:47       -5.611663*       0.0875
GPMin:    5 20:33:57       -5.658516*       0.0891
GPMin:    6 20:34:08       -5.703097*       0.0926
GPMin:    7 20:34:18       -5.741080*       0.0862
GPMin:    8 20:34:27       -5.764618*       0.0702
GPMin:    9 20:34:37       -5.781206*       0.0535
GPMin:   10 20:34:47       -5.793153*       0.0499
GPMin:   11 20:34:57       -5.804101*       0.0540
GPMin:   12 20:35:06       -5.821517*       0.0696
GPMin:   13 20:35:16       -5.844680*       0.0762
GPMin:   14 20:35:26       -5.871244*       0.0717
GPMin:   15 20:35:36       -5.894027*       0.0505
GPMin:   16 20:35:45       -5.902989*       0.0347
GPMin:   17 20:35:53       -5.905240*       0.0233
GPMin:   18 20:36:01       -5.906826*       0.0192
       Step     Time          Energy         fmax
*Force-consistent energies used in optimization.
GPMin:    0 20:36:23       -5.035805*       0.4642
GPMin:    1 20:36:36       -5.192354*       0.0949
GPMin:    2 20:36:46       -5.213822*       0.0637
GPMin:    3 20:36:58       -5.228257*       0.0541
GPMin:    4 20:37:09       -5.241114*       0.0662
GPMin:    5 20:37:20       -5.259130*       0.0546
GPMin:    6 20:37:30       -5.278610*       0.0711
GPMin:    7 20:37:40       -5.301203*       0.0889
GPMin:    8 20:37:50       -5.333473*       0.1127
GPMin:    9 20:38:01       -5.385793*       0.1477
GPMin:   10 20:38:11       -5.458225*       0.1560
GPMin:   11 20:38:22       -5.517702*       0.0882
GPMin:   12 20:38:33       -5.533473*       0.0832
GPMin:   13 20:38:43       -5.543307*       0.0801
GPMin:   14 20:38:52       -5.560018*       0.0661
GPMin:   15 20:39:02       -5.574653*       0.0816
GPMin:   16 20:39:12       -5.592602*       0.0687
GPMin:   17 20:39:23       -5.613094*       0.0588
GPMin:   18 20:39:32       -5.622540*       0.0520
GPMin:   19 20:39:42       -5.628730*       0.0465
GPMin:   20 20:39:51       -5.634388*       0.0367
GPMin:   21 20:39:59       -5.637988*       0.0393
GPMin:   22 20:40:08       -5.643041*       0.0257
GPMin:   23 20:40:17       -5.646736*       0.0310
GPMin:   24 20:40:25       -5.650716*       0.0395
GPMin:   25 20:40:34       -5.656475*       0.0420
GPMin:   26 20:40:42       -5.665267*       0.0484
GPMin:   27 20:40:51       -5.678258*       0.0597
GPMin:   28 20:41:00       -5.698346*       0.0715
GPMin:   29 20:41:10       -5.723141*       0.0758
GPMin:   30 20:41:20       -5.744192*       0.0585
GPMin:   31 20:41:29       -5.753750*       0.0320
GPMin:   32 20:41:39       -5.755867*       0.0239
GPMin:   33 20:41:48       -5.757190*       0.0172
       Step     Time          Energy         fmax
*Force-consistent energies used in optimization.
GPMin:    0 20:42:08       -4.944601*       0.2482
GPMin:    1 20:42:21       -5.110475*       0.2314
GPMin:    2 20:42:32       -5.223846*       0.1677
GPMin:    3 20:42:43       -5.301697*       0.1731
GPMin:    4 20:42:53       -5.376485*       0.1644
GPMin:    5 20:43:04       -5.449417*       0.1252
GPMin:    6 20:43:14       -5.501307*       0.1242
GPMin:    7 20:43:22       -5.535293*       0.1239
GPMin:    8 20:43:32       -5.565854*       0.1039
GPMin:    9 20:43:42       -5.592464*       0.0969
GPMin:   10 20:43:52       -5.615483*       0.1100
GPMin:   11 20:44:01       -5.644502*       0.1181
GPMin:   12 20:44:11       -5.679450*       0.1079
GPMin:   13 20:44:21       -5.709081*       0.0764
GPMin:   14 20:44:30       -5.730852*       0.0792
GPMin:   15 20:44:40       -5.756612*       0.1057
GPMin:   16 20:44:50       -5.794832*       0.1176
GPMin:   17 20:45:00       -5.837375*       0.1237
GPMin:   18 20:45:09       -5.869019*       0.0981
GPMin:   19 20:45:19       -5.885303*       0.0725
GPMin:   20 20:45:29       -5.892321*       0.0567
GPMin:   21 20:45:39       -5.898119*       0.0526
GPMin:   22 20:45:47       -5.903232*       0.0330
GPMin:   23 20:45:56       -5.905765*       0.0221
GPMin:   24 20:46:05       -5.906794*       0.0178
       Step     Time          Energy         fmax
*Force-consistent energies used in optimization.
GPMin:    0 20:46:22       -5.498574*       0.6787
GPMin:    1 20:46:33       -5.683728*       0.1435
GPMin:    2 20:46:43       -5.697802*       0.1518
GPMin:    3 20:46:53       -5.756482*       0.1517
GPMin:    4 20:47:02       -5.812731*       0.1349
GPMin:    5 20:47:12       -5.842871*       0.1066
GPMin:    6 20:47:22       -5.869539*       0.0813
GPMin:    7 20:47:32       -5.885684*       0.0624
GPMin:    8 20:47:41       -5.898256*       0.0456
GPMin:    9 20:47:50       -5.903806*       0.0268
GPMin:   10 20:47:58       -5.905918*       0.0198
       Step     Time          Energy         fmax
*Force-consistent energies used in optimization.
GPMin:    0 20:48:16       -5.569997*       0.0705
GPMin:    1 20:49:13       -5.580852*       0.0875
GPMin:    2 20:49:34       -5.587877*       0.1036
GPMin:    3 20:49:45       -5.605164*       0.0366
GPMin:    4 20:49:55       -5.612429*       0.0358
GPMin:    5 20:50:04       -5.621158*       0.0500
GPMin:    6 20:50:26       -5.631930*       0.0526
GPMin:    7 20:50:35       -5.638211*       0.0350
GPMin:    8 20:50:45       -5.642892*       0.0255
GPMin:    9 20:50:53       -5.647263*       0.0440
GPMin:   10 20:51:03       -5.657367*       0.0748
GPMin:   11 20:51:13       -5.676688*       0.0580
GPMin:   12 20:51:22       -5.701680*       0.0760
GPMin:   13 20:51:32       -5.731130*       0.0668
GPMin:   14 20:51:42       -5.749425*       0.0363
GPMin:   15 20:51:51       -5.753539*       0.0197
       Step     Time          Energy         fmax
*Force-consistent energies used in optimization.
GPMin:    0 20:52:09       -5.207004*       0.7111
GPMin:    1 20:52:21       -5.487169*       0.2236
GPMin:    2 20:52:31       -5.550559*       0.1331
GPMin:    3 20:52:41       -5.582196*       0.1285
GPMin:    4 20:52:51       -5.620808*       0.0838
GPMin:    5 20:53:01       -5.641522*       0.0783
GPMin:    6 20:53:10       -5.674218*       0.0910
GPMin:    7 20:53:20       -5.710370*       0.0952
GPMin:    8 20:53:30       -5.750134*       0.0949
GPMin:    9 20:53:40       -5.785623*       0.0849
GPMin:   10 20:53:49       -5.812651*       0.0804
GPMin:   11 20:53:59       -5.831769*       0.0737
GPMin:   12 20:54:09       -5.848108*       0.0738
GPMin:   13 20:54:19       -5.865392*       0.0757
GPMin:   14 20:54:27       -5.881601*       0.0619
GPMin:   15 20:54:36       -5.893930*       0.0471
GPMin:   16 20:54:45       -5.901134*       0.0374
GPMin:   17 20:54:53       -5.904212*       0.0289
GPMin:   18 20:55:02       -5.906710*       0.0230
GPMin:   19 20:55:10       -5.907710*       0.0145
       Step     Time          Energy         fmax
*Force-consistent energies used in optimization.
GPMin:    0 20:55:27       -5.451585*       0.3891
GPMin:    1 20:55:39       -5.539021*       0.0953
GPMin:    2 20:55:48       -5.552085*       0.0536
GPMin:    3 20:55:59       -5.558385*       0.0661
GPMin:    4 20:56:09       -5.567039*       0.0296
GPMin:    5 20:56:17       -5.575552*       0.0267
GPMin:    6 20:56:26       -5.582813*       0.0284
GPMin:    7 20:56:35       -5.589695*       0.0284
GPMin:    8 20:56:43       -5.598051*       0.0345
GPMin:    9 20:56:53       -5.610292*       0.0381
GPMin:   10 20:57:01       -5.625665*       0.0495
GPMin:   11 20:57:11       -5.647994*       0.0635
GPMin:   12 20:57:19       -5.674702*       0.0732
GPMin:   13 20:57:29       -5.695101*       0.0611
GPMin:   14 20:57:38       -5.705179*       0.0479
GPMin:   15 20:57:48       -5.716647*       0.0634
GPMin:   16 20:57:57       -5.733696*       0.0377
GPMin:   17 20:58:07       -5.745535*       0.0304
GPMin:   18 20:58:17       -5.751304*       0.0303
GPMin:   19 20:58:25       -5.755925*       0.0200
GPMin:   20 20:58:34       -5.758687*       0.0187
       Step     Time          Energy         fmax
*Force-consistent energies used in optimization.
GPMin:    0 20:58:51       -4.891515*       1.0652
GPMin:    1 20:59:03       -5.354622*       0.3862
GPMin:    2 20:59:14       -5.484421*       0.1686
GPMin:    3 20:59:25       -5.526748*       0.1431
GPMin:    4 20:59:34       -5.568987*       0.1157
GPMin:    5 20:59:45       -5.604651*       0.0987
GPMin:    6 20:59:55       -5.637060*       0.1051
GPMin:    7 21:00:06       -5.677896*       0.1045
GPMin:    8 21:00:16       -5.712743*       0.0905
GPMin:    9 21:00:25       -5.739893*       0.0902
GPMin:   10 21:00:35       -5.759621*       0.0817
GPMin:   11 21:00:45       -5.776314*       0.0954
GPMin:   12 21:00:55       -5.790301*       0.0675
GPMin:   13 21:01:04       -5.799452*       0.0730
GPMin:   14 21:01:14       -5.808256*       0.0722
GPMin:   15 21:01:24       -5.819236*       0.0722
GPMin:   16 21:01:34       -5.835302*       0.0745
GPMin:   17 21:01:43       -5.854570*       0.0722
GPMin:   18 21:01:53       -5.874109*       0.0740
GPMin:   19 21:02:03       -5.889136*       0.0609
GPMin:   20 21:02:12       -5.898371*       0.0381
GPMin:   21 21:02:21       -5.902391*       0.0344
GPMin:   22 21:02:29       -5.904909*       0.0291
GPMin:   23 21:02:38       -5.906922*       0.0226
GPMin:   24 21:02:46       -5.907788*       0.0132
       Step     Time          Energy         fmax
*Force-consistent energies used in optimization.
GPMin:    0 21:03:04       -5.348029*       0.3814
GPMin:    1 21:03:15       -5.453480*       0.1695
GPMin:    2 21:03:25       -5.526639*       0.1342
GPMin:    3 21:03:35       -5.581277*       0.1184
GPMin:    4 21:03:45       -5.616202*       0.1268
GPMin:    5 21:03:54       -5.662737*       0.1073
GPMin:    6 21:04:04       -5.699378*       0.0815
GPMin:    7 21:04:13       -5.727464*       0.0931
GPMin:    8 21:04:21       -5.760199*       0.1107
GPMin:    9 21:04:31       -5.799906*       0.1102
GPMin:   10 21:04:41       -5.840880*       0.0788
GPMin:   11 21:04:50       -5.865951*       0.0616
GPMin:   12 21:05:00       -5.881265*       0.0626
GPMin:   13 21:05:10       -5.892792*       0.0533
GPMin:   14 21:05:19       -5.900957*       0.0351
GPMin:   15 21:05:27       -5.904865*       0.0255
GPMin:   16 21:05:36       -5.906698*       0.0165
       Step     Time          Energy         fmax
*Force-consistent energies used in optimization.
GPMin:    0 21:05:53       -4.930959*       0.5576
GPMin:    1 21:06:07       -5.098733*       0.1849
GPMin:    2 21:06:17       -5.148653*       0.1625
GPMin:    3 21:06:28       -5.202597*       0.1232
GPMin:    4 21:06:38       -5.248100*       0.1277
GPMin:    5 21:06:48       -5.299281*       0.0954
GPMin:    6 21:06:57       -5.336803*       0.1098
GPMin:    7 21:07:07       -5.367073*       0.0986
GPMin:    8 21:07:17       -5.402227*       0.0914
GPMin:    9 21:07:26       -5.435523*       0.0750
GPMin:   10 21:07:36       -5.465652*       0.0724
GPMin:   11 21:07:47       -5.492442*       0.0711
GPMin:   12 21:07:57       -5.512636*       0.0841
GPMin:   13 21:08:06       -5.541474*       0.0944
GPMin:   14 21:08:16       -5.584777*       0.0922
GPMin:   15 21:08:27       -5.632423*       0.1102
GPMin:   16 21:08:37       -5.673065*       0.1121
GPMin:   17 21:08:47       -5.702581*       0.0967
GPMin:   18 21:08:56       -5.723898*       0.0770
GPMin:   19 21:09:05       -5.734258*       0.0606
GPMin:   20 21:09:14       -5.739055*       0.0431
GPMin:   21 21:09:22       -5.741034*       0.0227
GPMin:   22 21:09:31       -5.741862*       0.0175
       Step     Time          Energy         fmax
*Force-consistent energies used in optimization.
GPMin:    0 21:09:49       -5.305407*       0.6765
GPMin:    1 21:10:01       -5.485609*       0.1265
GPMin:    2 21:10:11       -5.516179*       0.1156
GPMin:    3 21:10:21       -5.547931*       0.1005
GPMin:    4 21:10:31       -5.568766*       0.0411
GPMin:    5 21:10:41       -5.572108*       0.0213
GPMin:    6 21:10:49       -5.573296*       0.0118
       Step     Time          Energy         fmax
*Force-consistent energies used in optimization.
GPMin:    0 21:11:07       -5.393517*       0.4989
GPMin:    1 21:11:18       -5.566418*       0.1260
GPMin:    2 21:11:29       -5.593135*       0.1314
GPMin:    3 21:11:38       -5.637836*       0.1240
GPMin:    4 21:11:47       -5.677735*       0.1035
GPMin:    5 21:11:55       -5.714824*       0.0919
GPMin:    6 21:12:05       -5.746090*       0.1007
GPMin:    7 21:12:15       -5.779199*       0.1122
GPMin:    8 21:12:25       -5.817057*       0.1205
GPMin:    9 21:12:35       -5.854383*       0.1065
GPMin:   10 21:12:45       -5.877737*       0.0720
GPMin:   11 21:12:54       -5.890427*       0.0636
GPMin:   12 21:13:03       -5.899250*       0.0417
GPMin:   13 21:13:12       -5.903091*       0.0339
GPMin:   14 21:13:20       -5.905920*       0.0248
GPMin:   15 21:13:29       -5.907260*       0.0181
       Step     Time          Energy         fmax
*Force-consistent energies used in optimization.
GPMin:    0 21:13:45       -5.386909*       0.5726
GPMin:    1 21:13:57       -5.567683*       0.1973
GPMin:    2 21:14:08       -5.625784*       0.1780
GPMin:    3 21:14:19       -5.683943*       0.1361
GPMin:    4 21:14:30       -5.707523*       0.0629
GPMin:    5 21:14:39       -5.713917*       0.0525
GPMin:    6 21:14:49       -5.721967*       0.0393
GPMin:    7 21:14:59       -5.730900*       0.0385
GPMin:    8 21:15:08       -5.737576*       0.0296
GPMin:    9 21:15:17       -5.742134*       0.0251
GPMin:   10 21:15:26       -5.744236*       0.0185
       Step     Time          Energy         fmax
*Force-consistent energies used in optimization.
GPMin:    0 21:15:44       -5.110342*       0.4472
GPMin:    1 21:15:56       -5.313104*       0.2151
GPMin:    2 21:16:07       -5.416987*       0.1807
GPMin:    3 21:16:18       -5.483641*       0.1069
GPMin:    4 21:16:28       -5.508995*       0.0782
GPMin:    5 21:16:38       -5.532418*       0.0739
GPMin:    6 21:16:48       -5.556994*       0.0837
GPMin:    7 21:16:58       -5.588376*       0.0793
GPMin:    8 21:17:07       -5.615890*       0.0691
GPMin:    9 21:17:17       -5.637379*       0.0805
GPMin:   10 21:17:26       -5.661635*       0.0955
GPMin:   11 21:17:34       -5.697162*       0.1174
GPMin:   12 21:17:44       -5.744700*       0.1414
GPMin:   13 21:17:54       -5.794440*       0.1423
GPMin:   14 21:18:03       -5.834451*       0.1077
GPMin:   15 21:18:14       -5.856625*       0.0772
GPMin:   16 21:18:23       -5.869279*       0.0915
GPMin:   17 21:18:33       -5.883827*       0.0639
GPMin:   18 21:18:43       -5.894655*       0.0389
GPMin:   19 21:18:51       -5.901072*       0.0340
GPMin:   20 21:19:00       -5.904896*       0.0278
GPMin:   21 21:19:09       -5.906637*       0.0201
GPMin:   22 21:19:17       -5.907705*       0.0156
       Step     Time          Energy         fmax
*Force-consistent energies used in optimization.
GPMin:    0 21:19:35       -5.042422*       1.1925
GPMin:    1 21:19:47       -5.479669*       0.4092
GPMin:    2 21:19:59       -5.614594*       0.3229
GPMin:    3 21:20:10       -5.687490*       0.2076
GPMin:    4 21:20:20       -5.741765*       0.1758
GPMin:    5 21:20:29       -5.779415*       0.1692
GPMin:    6 21:20:39       -5.815773*       0.1681
GPMin:    7 21:20:49       -5.851557*       0.1406
GPMin:    8 21:20:58       -5.877476*       0.0921
GPMin:    9 21:21:08       -5.889563*       0.0608
GPMin:   10 21:21:18       -5.896170*       0.0526
GPMin:   11 21:21:26       -5.901377*       0.0404
GPMin:   12 21:21:35       -5.904167*       0.0315
GPMin:   13 21:21:44       -5.906208*       0.0238
GPMin:   14 21:21:53       -5.907087*       0.0174
       Step     Time          Energy         fmax
*Force-consistent energies used in optimization.
GPMin:    0 21:22:10       -5.376588*       0.3258
GPMin:    1 21:22:22       -5.500699*       0.1147
GPMin:    2 21:22:32       -5.537731*       0.1068
GPMin:    3 21:22:41       -5.564072*       0.0602
GPMin:    4 21:22:51       -5.572218*       0.0379
GPMin:    5 21:22:59       -5.575142*       0.0209
GPMin:    6 21:23:08       -5.577413*       0.0235
GPMin:    7 21:23:17       -5.586230*       0.0392
GPMin:    8 21:23:26       -5.601584*       0.0512
GPMin:    9 21:23:36       -5.627889*       0.0754
GPMin:   10 21:23:46       -5.667036*       0.0959
GPMin:   11 21:23:55       -5.718507*       0.0973
GPMin:   12 21:24:05       -5.770047*       0.0940
GPMin:   13 21:24:15       -5.805567*       0.0722
GPMin:   14 21:24:25       -5.826156*       0.0703
GPMin:   15 21:24:34       -5.842386*       0.0729
GPMin:   16 21:24:44       -5.860940*       0.0700
GPMin:   17 21:24:54       -5.880097*       0.0681
GPMin:   18 21:25:02       -5.895342*       0.0506
GPMin:   19 21:25:11       -5.902216*       0.0324
GPMin:   20 21:25:20       -5.904677*       0.0283
GPMin:   21 21:25:29       -5.906751*       0.0168
       Step     Time          Energy         fmax
*Force-consistent energies used in optimization.
GPMin:    0 21:25:46       -4.989232*       1.0697
GPMin:    1 21:25:57       -5.450803*       0.3905
GPMin:    2 21:26:08       -5.564516*       0.1371
GPMin:    3 21:26:17       -5.586818*       0.1089
GPMin:    4 21:26:27       -5.615828*       0.1127
GPMin:    5 21:26:37       -5.637096*       0.0735
GPMin:    6 21:26:47       -5.652064*       0.0784
GPMin:    7 21:26:55       -5.668365*       0.0775
GPMin:    8 21:27:04       -5.682196*       0.0924
GPMin:    9 21:27:12       -5.699237*       0.0973
GPMin:   10 21:27:22       -5.720612*       0.0894
GPMin:   11 21:27:32       -5.747999*       0.1026
GPMin:   12 21:27:41       -5.783574*       0.1225
GPMin:   13 21:27:51       -5.823857*       0.1332
GPMin:   14 21:28:01       -5.859921*       0.1310
GPMin:   15 21:28:10       -5.885931*       0.0911
GPMin:   16 21:28:20       -5.901008*       0.0437
GPMin:   17 21:28:30       -5.904761*       0.0299
GPMin:   18 21:28:39       -5.906115*       0.0213
GPMin:   19 21:28:46       -5.907120*       0.0164
       Step     Time          Energy         fmax
*Force-consistent energies used in optimization.
GPMin:    0 21:29:03       -5.558697*       0.4417
GPMin:    1 21:29:14       -5.671968*       0.1019
GPMin:    2 21:29:23       -5.692715*       0.0785
GPMin:    3 21:29:34       -5.711126*       0.0482
GPMin:    4 21:29:44       -5.721943*       0.0414
GPMin:    5 21:29:54       -5.728918*       0.0287
GPMin:    6 21:30:02       -5.733755*       0.0359
GPMin:    7 21:30:12       -5.750555*       0.0480
GPMin:    8 21:30:22       -5.771325*       0.0445
GPMin:    9 21:30:31       -5.785335*       0.0479
GPMin:   10 21:30:41       -5.797620*       0.0510
GPMin:   11 21:30:51       -5.817464*       0.0571
GPMin:   12 21:31:01       -5.846107*       0.0684
GPMin:   13 21:31:10       -5.874567*       0.0703
GPMin:   14 21:31:20       -5.895608*       0.0501
GPMin:   15 21:31:29       -5.903022*       0.0260
GPMin:   16 21:31:38       -5.905715*       0.0256
GPMin:   17 21:31:46       -5.907969*       0.0130
       Step     Time          Energy         fmax
*Force-consistent energies used in optimization.
GPMin:    0 21:32:04       -4.941031*       0.5284
GPMin:    1 21:32:15       -5.247778*       0.2459
GPMin:    2 21:32:25       -5.339374*       0.2272
GPMin:    3 21:32:36       -5.402014*       0.1948
GPMin:    4 21:32:46       -5.461940*       0.1544
GPMin:    5 21:32:54       -5.520390*       0.1625
GPMin:    6 21:33:04       -5.597196*       0.1748
GPMin:    7 21:33:13       -5.669424*       0.1588
GPMin:    8 21:33:22       -5.717659*       0.1100
GPMin:    9 21:33:32       -5.734989*       0.0612
GPMin:   10 21:33:41       -5.739097*       0.0541
GPMin:   11 21:33:50       -5.748187*       0.0378
GPMin:   12 21:34:00       -5.753336*       0.0361
GPMin:   13 21:34:09       -5.756532*       0.0277
GPMin:   14 21:34:18       -5.758698*       0.0305
GPMin:   15 21:34:26       -5.761177*       0.0199
       Step     Time          Energy         fmax
*Force-consistent energies used in optimization.
GPMin:    0 21:34:48       -5.401314*       0.2126
GPMin:    1 21:34:59       -5.483939*       0.1760
GPMin:    2 21:35:10       -5.547649*       0.1101
GPMin:    3 21:35:21       -5.575978*       0.0948
GPMin:    4 21:35:31       -5.608696*       0.1069
GPMin:    5 21:35:40       -5.654790*       0.1247
GPMin:    6 21:35:51       -5.705419*       0.1061
GPMin:    7 21:36:02       -5.734846*       0.0461
GPMin:    8 21:36:11       -5.739233*       0.0216
GPMin:    9 21:36:19       -5.740659*       0.0161
       Step     Time          Energy         fmax
*Force-consistent energies used in optimization.
GPMin:    0 21:36:36       -5.474455*       0.2498
GPMin:    1 21:36:47       -5.543815*       0.1256
GPMin:    2 21:36:58       -5.599938*       0.0945
GPMin:    3 21:37:09       -5.639020*       0.0885
GPMin:    4 21:37:19       -5.667174*       0.0737
GPMin:    5 21:37:28       -5.691441*       0.0684
GPMin:    6 21:37:38       -5.718497*       0.0766
GPMin:    7 21:37:48       -5.746357*       0.0790
GPMin:    8 21:37:57       -5.773546*       0.0640
GPMin:    9 21:38:07       -5.790191*       0.0592
GPMin:   10 21:38:17       -5.802248*       0.0643
GPMin:   11 21:38:26       -5.818684*       0.0601
GPMin:   12 21:38:36       -5.840535*       0.0729
GPMin:   13 21:38:46       -5.870441*       0.0752
GPMin:   14 21:38:56       -5.894527*       0.0524
GPMin:   15 21:39:05       -5.902532*       0.0302
GPMin:   16 21:39:13       -5.904854*       0.0231
GPMin:   17 21:39:22       -5.906876*       0.0173
       Step     Time          Energy         fmax
*Force-consistent energies used in optimization.
GPMin:    0 21:39:38       -4.538952*       0.3722
GPMin:    1 21:39:49       -4.851808*       0.3408
GPMin:    2 21:39:59       -5.069175*       0.2935
GPMin:    3 21:40:10       -5.227127*       0.2215
GPMin:    4 21:40:21       -5.312670*       0.1409
GPMin:    5 21:40:30       -5.343291*       0.1115
GPMin:    6 21:40:39       -5.364220*       0.1188
GPMin:    7 21:40:51       -5.398395*       0.1142
GPMin:    8 21:41:02       -5.436905*       0.1083
GPMin:    9 21:41:13       -5.474152*       0.1031
GPMin:   10 21:41:26       -5.509747*       0.1174
GPMin:   11 21:41:38       -5.545981*       0.1239
GPMin:   12 21:41:49       -5.582841*       0.1068
GPMin:   13 21:42:00       -5.616650*       0.0885
GPMin:   14 21:42:10       -5.641276*       0.0902
GPMin:   15 21:42:18       -5.657525*       0.0997
GPMin:   16 21:42:27       -5.674962*       0.1152
GPMin:   17 21:42:35       -5.701814*       0.1275
GPMin:   18 21:42:45       -5.737403*       0.1294
GPMin:   19 21:42:55       -5.770491*       0.1076
GPMin:   20 21:43:05       -5.795456*       0.0736
GPMin:   21 21:43:13       -5.810008*       0.0781
GPMin:   22 21:43:22       -5.821487*       0.0804
GPMin:   23 21:43:30       -5.834983*       0.0765
GPMin:   24 21:43:40       -5.849945*       0.0774
GPMin:   25 21:43:50       -5.865103*       0.0814
GPMin:   26 21:44:00       -5.879488*       0.0726
GPMin:   27 21:44:10       -5.891594*       0.0580
GPMin:   28 21:44:18       -5.898616*       0.0450
GPMin:   29 21:44:27       -5.902031*       0.0368
GPMin:   30 21:44:36       -5.904874*       0.0302
GPMin:   31 21:44:44       -5.906181*       0.0246
GPMin:   32 21:44:53       -5.907478*       0.0240
GPMin:   33 21:45:00       -5.907839*       0.0178
       Step     Time          Energy         fmax
*Force-consistent energies used in optimization.
GPMin:    0 21:45:18       -5.100829*       0.8542
GPMin:    1 21:45:30       -5.347822*       0.1886
GPMin:    2 21:45:40       -5.387255*       0.1616
GPMin:    3 21:45:51       -5.461752*       0.1676
GPMin:    4 21:46:02       -5.540975*       0.1675
GPMin:    5 21:46:13       -5.604914*       0.1682
GPMin:    6 21:46:23       -5.661347*       0.1512
GPMin:    7 21:46:32       -5.701190*       0.1737
GPMin:    8 21:46:42       -5.755438*       0.1830
GPMin:    9 21:46:53       -5.809779*       0.1371
GPMin:   10 21:47:03       -5.841194*       0.0803
GPMin:   11 21:47:11       -5.857970*       0.0826
GPMin:   12 21:47:20       -5.875475*       0.0740
GPMin:   13 21:47:28       -5.890182*       0.0585
GPMin:   14 21:47:37       -5.899003*       0.0478
GPMin:   15 21:47:46       -5.903738*       0.0340
GPMin:   16 21:47:54       -5.906299*       0.0232
GPMin:   17 21:48:02       -5.907309*       0.0157
       Step     Time          Energy         fmax
*Force-consistent energies used in optimization.
GPMin:    0 21:48:20       -5.462476*       0.4567
GPMin:    1 21:48:31       -5.628992*       0.1809
GPMin:    2 21:48:42       -5.707070*       0.1538
GPMin:    3 21:48:52       -5.765149*       0.1110
GPMin:    4 21:49:02       -5.798735*       0.0713
GPMin:    5 21:49:12       -5.818455*       0.0770
GPMin:    6 21:49:22       -5.837380*       0.0660
GPMin:    7 21:49:31       -5.854510*       0.0789
GPMin:    8 21:49:41       -5.878957*       0.0766
GPMin:    9 21:49:51       -5.896893*       0.0437
GPMin:   10 21:49:59       -5.902681*       0.0374
GPMin:   11 21:50:08       -5.905627*       0.0226
GPMin:   12 21:50:16       -5.907097*       0.0194
       Step     Time          Energy         fmax
*Force-consistent energies used in optimization.
GPMin:    0 21:50:33       -5.553157*       0.4263
GPMin:    1 21:50:44       -5.704103*       0.2035
GPMin:    2 21:50:55       -5.773753*       0.1523
GPMin:    3 21:51:06       -5.819238*       0.1416
GPMin:    4 21:51:15       -5.851024*       0.1245
GPMin:    5 21:51:25       -5.879041*       0.0803
GPMin:    6 21:51:35       -5.893727*       0.0474
GPMin:    7 21:51:45       -5.901165*       0.0301
GPMin:    8 21:51:54       -5.904638*       0.0239
GPMin:    9 21:52:02       -5.907078*       0.0180
       Step     Time          Energy         fmax
*Force-consistent energies used in optimization.
GPMin:    0 21:52:20       -5.244502*       0.7552
GPMin:    1 21:52:31       -5.501181*       0.1939
GPMin:    2 21:52:41       -5.573505*       0.1453
GPMin:    3 21:52:52       -5.627093*       0.1253
GPMin:    4 21:53:04       -5.681266*       0.0931
GPMin:    5 21:53:13       -5.712432*       0.0702
GPMin:    6 21:53:22       -5.726888*       0.0711
GPMin:    7 21:53:32       -5.738995*       0.0617
GPMin:    8 21:53:41       -5.745584*       0.0307
GPMin:    9 21:53:50       -5.747877*       0.0267
GPMin:   10 21:53:58       -5.749745*       0.0197
       Step     Time          Energy         fmax
*Force-consistent energies used in optimization.
GPMin:    0 21:54:14       -5.269819*       0.2648
GPMin:    1 21:54:25       -5.404774*       0.1531
GPMin:    2 21:54:36       -5.474044*       0.1207
GPMin:    3 21:54:46       -5.522764*       0.1217
GPMin:    4 21:54:57       -5.585128*       0.1350
GPMin:    5 21:55:08       -5.649570*       0.1417
GPMin:    6 21:55:19       -5.707016*       0.1228
GPMin:    7 21:55:29       -5.750811*       0.1116
GPMin:    8 21:55:39       -5.786911*       0.1015
GPMin:    9 21:55:49       -5.825153*       0.0852
GPMin:   10 21:56:00       -5.858053*       0.0865
GPMin:   11 21:56:11       -5.878639*       0.0763
GPMin:   12 21:56:20       -5.889910*       0.0570
GPMin:   13 21:56:30       -5.898262*       0.0395
GPMin:   14 21:56:39       -5.903715*       0.0329
GPMin:   15 21:56:47       -5.906435*       0.0203
GPMin:   16 21:56:56       -5.907622*       0.0148
       Step     Time          Energy         fmax
*Force-consistent energies used in optimization.
GPMin:    0 21:57:14       -5.394479*       0.6408
GPMin:    1 21:57:26       -5.627187*       0.2090
GPMin:    2 21:57:38       -5.691506*       0.1213
GPMin:    3 21:57:48       -5.724411*       0.0926
GPMin:    4 21:57:58       -5.739624*       0.0763
GPMin:    5 21:58:07       -5.749884*       0.0341
GPMin:    6 21:58:15       -5.753827*       0.0222
GPMin:    7 21:58:24       -5.755976*       0.0209
GPMin:    8 21:58:32       -5.757812*       0.0243
GPMin:    9 21:58:41       -5.760566*       0.0169
       Step     Time          Energy         fmax
*Force-consistent energies used in optimization.
GPMin:    0 21:59:01       -5.330265*       0.5317
GPMin:    1 21:59:12       -5.524511*       0.2103
GPMin:    2 21:59:23       -5.621458*       0.1911
GPMin:    3 21:59:34       -5.701073*       0.1827
GPMin:    4 21:59:44       -5.771856*       0.1670
GPMin:    5 21:59:55       -5.836029*       0.1288
GPMin:    6 22:00:05       -5.875386*       0.0785
GPMin:    7 22:00:14       -5.889457*       0.0663
GPMin:    8 22:00:22       -5.898611*       0.0583
GPMin:    9 22:00:31       -5.904468*       0.0247
GPMin:   10 22:00:40       -5.906822*       0.0190
       Step     Time          Energy         fmax
*Force-consistent energies used in optimization.
GPMin:    0 22:00:57       -5.570973*       0.2389
GPMin:    1 22:01:09       -5.661847*       0.1743
GPMin:    2 22:01:20       -5.721400*       0.1119
GPMin:    3 22:01:31       -5.738944*       0.0581
GPMin:    4 22:01:40       -5.746685*       0.0331
GPMin:    5 22:01:48       -5.753836*       0.0299
GPMin:    6 22:01:57       -5.760470*       0.0284
GPMin:    7 22:02:07       -5.770509*       0.0340
GPMin:    8 22:02:15       -5.783073*       0.0439
GPMin:    9 22:02:25       -5.800970*       0.0530
GPMin:   10 22:02:34       -5.823203*       0.0635
GPMin:   11 22:02:45       -5.852233*       0.0762
GPMin:   12 22:02:55       -5.882807*       0.0651
GPMin:   13 22:03:05       -5.900167*       0.0340
GPMin:   14 22:03:13       -5.904290*       0.0242
GPMin:   15 22:03:23       -5.906388*       0.0215
GPMin:   16 22:03:31       -5.907608*       0.0121
       Step     Time          Energy         fmax
*Force-consistent energies used in optimization.
GPMin:    0 22:03:49       -5.638762*       0.3041
GPMin:    1 22:04:00       -5.766738*       0.1764
GPMin:    2 22:04:11       -5.829699*       0.1168
GPMin:    3 22:04:21       -5.859867*       0.0783
GPMin:    4 22:04:29       -5.880194*       0.0603
GPMin:    5 22:04:39       -5.897422*       0.0389
GPMin:    6 22:04:49       -5.905165*       0.0236
GPMin:    7 22:04:57       -5.906983*       0.0161
       Step     Time          Energy         fmax
*Force-consistent energies used in optimization.
GPMin:    0 22:05:19       -5.352532*       0.2083
GPMin:    1 22:05:32       -5.461190*       0.2111
GPMin:    2 22:05:43       -5.570629*       0.2222
GPMin:    3 22:05:54       -5.659905*       0.1810
GPMin:    4 22:06:05       -5.720420*       0.0956
GPMin:    5 22:06:14       -5.747892*       0.0822
GPMin:    6 22:06:24       -5.767471*       0.0797
GPMin:    7 22:06:34       -5.781308*       0.0736
GPMin:    8 22:06:43       -5.796199*       0.0537
GPMin:    9 22:06:53       -5.810302*       0.0588
GPMin:   10 22:07:03       -5.825432*       0.0674
GPMin:   11 22:07:12       -5.846240*       0.0803
GPMin:   12 22:07:22       -5.870120*       0.0816
GPMin:   13 22:07:32       -5.890923*       0.0607
GPMin:   14 22:07:41       -5.902012*       0.0346
GPMin:   15 22:07:50       -5.904399*       0.0291
GPMin:   16 22:07:59       -5.906381*       0.0199
       Step     Time          Energy         fmax
*Force-consistent energies used in optimization.
GPMin:    0 22:08:19       -5.393458*       0.1965
GPMin:    1 22:08:30       -5.471252*       0.1703
GPMin:    2 22:08:41       -5.524132*       0.1256
GPMin:    3 22:08:52       -5.562454*       0.0719
GPMin:    4 22:09:01       -5.575608*       0.0286
GPMin:    5 22:09:10       -5.578407*       0.0209
GPMin:    6 22:09:18       -5.580510*       0.0181
       Step     Time          Energy         fmax
*Force-consistent energies used in optimization.
GPMin:    0 22:09:38       -4.825177*       0.8622
GPMin:    1 22:09:50       -5.089036*       0.2103
GPMin:    2 22:10:00       -5.177153*       0.1998
GPMin:    3 22:10:11       -5.272228*       0.1989
GPMin:    4 22:10:22       -5.361799*       0.1668
GPMin:    5 22:10:32       -5.428310*       0.1049
GPMin:    6 22:10:42       -5.458384*       0.0957
GPMin:    7 22:10:51       -5.483336*       0.1184
GPMin:    8 22:11:00       -5.511178*       0.0777
GPMin:    9 22:11:09       -5.530701*       0.0686
GPMin:   10 22:11:17       -5.543688*       0.0432
GPMin:   11 22:11:26       -5.550115*       0.0437
GPMin:   12 22:11:34       -5.553800*       0.0387
GPMin:   13 22:11:43       -5.558221*       0.0389
GPMin:   14 22:11:51       -5.562700*       0.0322
GPMin:   15 22:11:59       -5.566929*       0.0288
GPMin:   16 22:12:07       -5.570775*       0.0261
GPMin:   17 22:12:14       -5.573923*       0.0217
GPMin:   18 22:12:21       -5.576305*       0.0184
       Step     Time          Energy         fmax
*Force-consistent energies used in optimization.
GPMin:    0 22:12:36       -5.084166*       0.2607
GPMin:    1 22:12:46       -5.216384*       0.2087
GPMin:    2 22:12:55       -5.317773*       0.1878
GPMin:    3 22:13:03       -5.414380*       0.1685
GPMin:    4 22:13:12       -5.505531*       0.1686
GPMin:    5 22:13:21       -5.591262*       0.1674
GPMin:    6 22:13:30       -5.665572*       0.1412
GPMin:    7 22:13:39       -5.718701*       0.0876
GPMin:    8 22:13:47       -5.754000*       0.1031
GPMin:    9 22:13:55       -5.792599*       0.1127
GPMin:   10 22:14:03       -5.831431*       0.1065
GPMin:   11 22:14:10       -5.863780*       0.0869
GPMin:   12 22:14:18       -5.884009*       0.0751
GPMin:   13 22:14:27       -5.892543*       0.0546
GPMin:   14 22:14:34       -5.898563*       0.0460
GPMin:   15 22:14:41       -5.903482*       0.0382
GPMin:   16 22:14:48       -5.906106*       0.0233
GPMin:   17 22:14:55       -5.907283*       0.0182
       Step     Time          Energy         fmax
*Force-consistent energies used in optimization.
GPMin:    0 22:15:21       -5.570973*       0.2388
GPMin:    1 22:15:31       -5.661800*       0.1743
GPMin:    2 22:15:40       -5.721386*       0.1119
GPMin:    3 22:15:49       -5.738942*       0.0581
GPMin:    4 22:15:56       -5.746684*       0.0331
GPMin:    5 22:16:03       -5.753840*       0.0299
GPMin:    6 22:16:10       -5.760473*       0.0284
GPMin:    7 22:16:18       -5.770511*       0.0341
GPMin:    8 22:16:25       -5.783075*       0.0439
GPMin:    9 22:16:33       -5.800971*       0.0530
GPMin:   10 22:16:41       -5.823206*       0.0634
GPMin:   11 22:16:50       -5.852234*       0.0762
GPMin:   12 22:16:58       -5.882804*       0.0651
GPMin:   13 22:17:06       -5.900166*       0.0340
GPMin:   14 22:17:13       -5.904291*       0.0242
GPMin:   15 22:17:20       -5.906388*       0.0215
GPMin:   16 22:17:26       -5.907608*       0.0121
       Step     Time          Energy         fmax
*Force-consistent energies used in optimization.
GPMin:    0 22:17:50       -5.251115*       0.6341
GPMin:    1 22:18:00       -5.494435*       0.2062
GPMin:    2 22:18:08       -5.547154*       0.1733
GPMin:    3 22:18:17       -5.597076*       0.1087
GPMin:    4 22:18:25       -5.623080*       0.0679
GPMin:    5 22:18:32       -5.642541*       0.0828
GPMin:    6 22:18:39       -5.670328*       0.0808
GPMin:    7 22:18:46       -5.702101*       0.0861
GPMin:    8 22:18:54       -5.734820*       0.1024
GPMin:    9 22:19:02       -5.771165*       0.1176
GPMin:   10 22:19:11       -5.808799*       0.1283
GPMin:   11 22:19:19       -5.846664*       0.1290
GPMin:   12 22:19:27       -5.879313*       0.1031
GPMin:   13 22:19:36       -5.898452*       0.0518
GPMin:   14 22:19:43       -5.904519*       0.0296
GPMin:   15 22:19:49       -5.906169*       0.0238
GPMin:   16 22:19:57       -5.907347*       0.0130
       Step     Time          Energy         fmax
*Force-consistent energies used in optimization.
GPMin:    0 22:20:22       -5.100829*       0.8541
GPMin:    1 22:20:32       -5.347820*       0.1886
GPMin:    2 22:20:41       -5.387289*       0.1615
GPMin:    3 22:20:51       -5.461790*       0.1675
GPMin:    4 22:21:00       -5.540982*       0.1675
GPMin:    5 22:21:10       -5.604937*       0.1682
GPMin:    6 22:21:19       -5.661360*       0.1512
GPMin:    7 22:21:27       -5.701203*       0.1737
GPMin:    8 22:21:36       -5.755452*       0.1830
GPMin:    9 22:21:46       -5.809788*       0.1371
GPMin:   10 22:21:54       -5.841203*       0.0803
GPMin:   11 22:22:02       -5.857981*       0.0826
GPMin:   12 22:22:10       -5.875484*       0.0740
GPMin:   13 22:22:17       -5.890188*       0.0585
GPMin:   14 22:22:25       -5.899006*       0.0478
GPMin:   15 22:22:33       -5.903739*       0.0340
GPMin:   16 22:22:40       -5.906300*       0.0232
GPMin:   17 22:22:47       -5.907309*       0.0157
       Step     Time          Energy         fmax
*Force-consistent energies used in optimization.
GPMin:    0 22:23:03       -5.402560*       0.6553
GPMin:    1 22:23:13       -5.563920*       0.1297
GPMin:    2 22:23:22       -5.580826*       0.0337
GPMin:    3 22:23:29       -5.583659*       0.0211
GPMin:    4 22:23:37       -5.584741*       0.0210
GPMin:    5 22:23:45       -5.586627*       0.0398
GPMin:    6 22:23:53       -5.591865*       0.0343
GPMin:    7 22:24:00       -5.598338*       0.0351
GPMin:    8 22:24:08       -5.607239*       0.0423
GPMin:    9 22:24:16       -5.623334*       0.0618
GPMin:   10 22:24:24       -5.642772*       0.0766
GPMin:   11 22:24:31       -5.670179*       0.0835
GPMin:   12 22:24:39       -5.701167*       0.0768
GPMin:   13 22:24:47       -5.730087*       0.0818
GPMin:   14 22:24:55       -5.751803*       0.0577
GPMin:   15 22:25:03       -5.760040*       0.0219
GPMin:   16 22:25:10       -5.761205*       0.0164
       Step     Time          Energy         fmax
*Force-consistent energies used in optimization.
GPMin:    0 22:25:29       -5.271833*       0.1993
GPMin:    1 22:25:41       -5.357841*       0.1588
GPMin:    2 22:25:53       -5.441919*       0.1378
GPMin:    3 22:26:03       -5.505727*       0.1516
GPMin:    4 22:26:12       -5.567257*       0.1765
GPMin:    5 22:26:22       -5.646462*       0.1887
GPMin:    6 22:26:31       -5.720097*       0.1421
GPMin:    7 22:26:41       -5.757712*       0.0843
GPMin:    8 22:26:50       -5.770536*       0.0567
GPMin:    9 22:26:58       -5.781459*       0.0543
GPMin:   10 22:27:06       -5.789338*       0.0618
GPMin:   11 22:27:13       -5.801463*       0.0592
GPMin:   12 22:27:22       -5.817798*       0.0533
GPMin:   13 22:27:31       -5.840288*       0.0640
GPMin:   14 22:27:39       -5.865410*       0.0810
GPMin:   15 22:27:48       -5.886639*       0.0746
GPMin:   16 22:27:56       -5.900477*       0.0432
GPMin:   17 22:28:04       -5.903623*       0.0317
GPMin:   18 22:28:11       -5.905377*       0.0282
GPMin:   19 22:28:18       -5.907321*       0.0188
       Step     Time          Energy         fmax
*Force-consistent energies used in optimization.
GPMin:    0 22:28:35       -5.115389*       0.9800
GPMin:    1 22:28:46       -5.476138*       0.2684
GPMin:    2 22:28:56       -5.542692*       0.1476
GPMin:    3 22:29:05       -5.566189*       0.1204
GPMin:    4 22:29:13       -5.587915*       0.0648
GPMin:    5 22:29:21       -5.597130*       0.0603
GPMin:    6 22:29:29       -5.609838*       0.0562
GPMin:    7 22:29:38       -5.626194*       0.0661
GPMin:    8 22:29:47       -5.649990*       0.0800
GPMin:    9 22:29:55       -5.684672*       0.0911
GPMin:   10 22:30:04       -5.728687*       0.0919
GPMin:   11 22:30:12       -5.771556*       0.1044
GPMin:   12 22:30:21       -5.810178*       0.1073
GPMin:   13 22:30:28       -5.839087*       0.0904
GPMin:   14 22:30:36       -5.857488*       0.0695
GPMin:   15 22:30:45       -5.871626*       0.0716
GPMin:   16 22:30:53       -5.886527*       0.0673
GPMin:   17 22:31:02       -5.897371*       0.0453
GPMin:   18 22:31:09       -5.901404*       0.0379
GPMin:   19 22:31:17       -5.904069*       0.0332
GPMin:   20 22:31:25       -5.906840*       0.0228
GPMin:   21 22:31:31       -5.907699*       0.0204
GPMin:   22 22:31:38       -5.908132*       0.0096
       Step     Time          Energy         fmax
*Force-consistent energies used in optimization.
GPMin:    0 22:31:59       -4.995676*       0.7098
GPMin:    1 22:32:10       -5.215625*       0.2005
GPMin:    2 22:32:20       -5.290643*       0.1772
GPMin:    3 22:32:29       -5.358059*       0.1529
GPMin:    4 22:32:40       -5.418034*       0.1206
GPMin:    5 22:32:51       -5.461739*       0.1365
GPMin:    6 22:33:00       -5.513678*       0.1489
GPMin:    7 22:33:09       -5.565626*       0.1467
GPMin:    8 22:33:17       -5.616319*       0.1092
GPMin:    9 22:33:26       -5.653348*       0.1028
GPMin:   10 22:33:35       -5.681755*       0.0973
GPMin:   11 22:33:43       -5.704613*       0.0891
GPMin:   12 22:33:52       -5.723631*       0.0669
GPMin:   13 22:34:00       -5.734304*       0.0443
GPMin:   14 22:34:08       -5.738399*       0.0399
GPMin:   15 22:34:16       -5.744653*       0.0502
GPMin:   16 22:34:24       -5.753556*       0.0412
GPMin:   17 22:34:33       -5.763232*       0.0391
GPMin:   18 22:34:42       -5.770796*       0.0453
GPMin:   19 22:34:50       -5.778900*       0.0424
GPMin:   20 22:34:58       -5.788929*       0.0437
GPMin:   21 22:35:07       -5.802981*       0.0532
GPMin:   22 22:35:16       -5.820922*       0.0634
GPMin:   23 22:35:24       -5.845778*       0.0706
GPMin:   24 22:35:33       -5.869341*       0.0728
GPMin:   25 22:35:42       -5.888134*       0.0693
GPMin:   26 22:35:50       -5.899608*       0.0462
GPMin:   27 22:35:58       -5.903531*       0.0247
GPMin:   28 22:36:06       -5.904988*       0.0311
GPMin:   29 22:36:13       -5.906974*       0.0223
GPMin:   30 22:36:20       -5.907743*       0.0134
       Step     Time          Energy         fmax
*Force-consistent energies used in optimization.
GPMin:    0 22:36:38       -5.560147*       0.5105
GPMin:    1 22:36:47       -5.684564*       0.1636
GPMin:    2 22:36:57       -5.739565*       0.1029
GPMin:    3 22:37:07       -5.759320*       0.0523
GPMin:    4 22:37:14       -5.762338*       0.0177
       Step     Time          Energy         fmax
*Force-consistent energies used in optimization.
GPMin:    0 22:37:33       -5.079325*       0.6107
GPMin:    1 22:37:44       -5.268931*       0.1749
GPMin:    2 22:37:54       -5.334963*       0.1651
GPMin:    3 22:38:03       -5.391736*       0.1535
GPMin:    4 22:38:12       -5.440474*       0.1538
GPMin:    5 22:38:21       -5.505805*       0.1625
GPMin:    6 22:38:31       -5.565077*       0.1507
GPMin:    7 22:38:40       -5.610644*       0.1014
GPMin:    8 22:38:48       -5.636252*       0.0871
GPMin:    9 22:38:57       -5.653569*       0.0891
GPMin:   10 22:39:06       -5.686432*       0.1113
GPMin:   11 22:39:16       -5.727189*       0.1152
GPMin:   12 22:39:24       -5.768943*       0.1076
GPMin:   13 22:39:34       -5.810472*       0.1020
GPMin:   14 22:39:43       -5.846117*       0.0957
GPMin:   15 22:39:53       -5.877189*       0.0720
GPMin:   16 22:40:03       -5.897362*       0.0561
GPMin:   17 22:40:11       -5.903573*       0.0276
GPMin:   18 22:40:20       -5.904742*       0.0259
GPMin:   19 22:40:29       -5.906326*       0.0204
GPMin:   20 22:40:36       -5.907305*       0.0194
       Step     Time          Energy         fmax
*Force-consistent energies used in optimization.
GPMin:    0 22:40:54       -5.056180*       0.7626
GPMin:    1 22:41:06       -5.319914*       0.2643
GPMin:    2 22:41:17       -5.438516*       0.2284
GPMin:    3 22:41:27       -5.534601*       0.1734
GPMin:    4 22:41:38       -5.616231*       0.1683
GPMin:    5 22:41:49       -5.674397*       0.1669
GPMin:    6 22:42:00       -5.728091*       0.1476
GPMin:    7 22:42:11       -5.772174*       0.1014
GPMin:    8 22:42:21       -5.791452*       0.0570
GPMin:    9 22:42:29       -5.798050*       0.0579
GPMin:   10 22:42:38       -5.806258*       0.0541
GPMin:   11 22:42:47       -5.817167*       0.0547
GPMin:   12 22:42:55       -5.833308*       0.0682
GPMin:   13 22:43:05       -5.853492*       0.0794
GPMin:   14 22:43:15       -5.875040*       0.0750
GPMin:   15 22:43:25       -5.893278*       0.0530
GPMin:   16 22:43:34       -5.901686*       0.0334
GPMin:   17 22:43:43       -5.904061*       0.0325
GPMin:   18 22:43:52       -5.906151*       0.0226
GPMin:   19 22:44:00       -5.907240*       0.0194
       Step     Time          Energy         fmax
*Force-consistent energies used in optimization.
GPMin:    0 22:44:19       -5.163818*       0.3107
GPMin:    1 22:44:31       -5.336552*       0.2557
GPMin:    2 22:44:42       -5.469274*       0.2257
GPMin:    3 22:44:52       -5.566612*       0.1713
GPMin:    4 22:45:03       -5.636435*       0.1428
GPMin:    5 22:45:14       -5.689576*       0.0981
GPMin:    6 22:45:24       -5.718540*       0.0789
GPMin:    7 22:45:33       -5.734186*       0.0819
GPMin:    8 22:45:43       -5.752807*       0.0826
GPMin:    9 22:45:53       -5.774247*       0.0742
GPMin:   10 22:46:03       -5.793802*       0.0594
GPMin:   11 22:46:13       -5.806300*       0.0564
GPMin:   12 22:46:22       -5.819667*       0.0658
GPMin:   13 22:46:32       -5.837407*       0.0677
GPMin:   14 22:46:42       -5.858618*       0.0731
GPMin:   15 22:46:52       -5.879798*       0.0687
GPMin:   16 22:47:02       -5.895120*       0.0466
GPMin:   17 22:47:10       -5.901848*       0.0315
GPMin:   18 22:47:18       -5.903958*       0.0271
GPMin:   19 22:47:25       -5.906826*       0.0236
GPMin:   20 22:47:33       -5.907671*       0.0174
       Step     Time          Energy         fmax
*Force-consistent energies used in optimization.
GPMin:    0 22:47:51       -5.246806*       0.4555
GPMin:    1 22:48:03       -5.367326*       0.1264
GPMin:    2 22:48:14       -5.410952*       0.1001
GPMin:    3 22:48:25       -5.450124*       0.1210
GPMin:    4 22:48:35       -5.500907*       0.1463
GPMin:    5 22:48:44       -5.560291*       0.1455
GPMin:    6 22:48:54       -5.607943*       0.1054
GPMin:    7 22:49:03       -5.629683*       0.1035
GPMin:    8 22:49:12       -5.656229*       0.1115
GPMin:    9 22:49:21       -5.680877*       0.1191
GPMin:   10 22:49:29       -5.708512*       0.1057
GPMin:   11 22:49:39       -5.730346*       0.0880
GPMin:   12 22:49:48       -5.756334*       0.0987
GPMin:   13 22:49:58       -5.803292*       0.1200
GPMin:   14 22:50:08       -5.849630*       0.1419
GPMin:   15 22:50:18       -5.883972*       0.1052
GPMin:   16 22:50:27       -5.899125*       0.0472
GPMin:   17 22:50:36       -5.903616*       0.0363
GPMin:   18 22:50:44       -5.906432*       0.0208
GPMin:   19 22:50:52       -5.907172*       0.0139
       Step     Time          Energy         fmax
*Force-consistent energies used in optimization.
GPMin:    0 22:51:14       -5.160972*       0.2548
GPMin:    1 22:51:26       -5.304318*       0.2016
GPMin:    2 22:51:37       -5.371595*       0.1388
GPMin:    3 22:51:46       -5.416598*       0.0746
GPMin:    4 22:51:56       -5.442286*       0.0827
GPMin:    5 22:52:05       -5.470768*       0.0913
GPMin:    6 22:52:15       -5.505643*       0.0857
GPMin:    7 22:52:25       -5.536884*       0.0707
GPMin:    8 22:52:33       -5.567174*       0.0769
GPMin:    9 22:52:43       -5.604561*       0.0958
GPMin:   10 22:52:53       -5.641129*       0.1063
GPMin:   11 22:53:02       -5.673870*       0.0998
GPMin:   12 22:53:12       -5.700672*       0.0735
GPMin:   13 22:53:21       -5.713804*       0.0448
GPMin:   14 22:53:29       -5.719493*       0.0391
GPMin:   15 22:53:39       -5.727900*       0.0442
GPMin:   16 22:53:49       -5.735212*       0.0352
GPMin:   17 22:53:59       -5.739533*       0.0217
GPMin:   18 22:54:07       -5.741237*       0.0165
       Step     Time          Energy         fmax
*Force-consistent energies used in optimization.
GPMin:    0 22:54:25       -5.263826*       0.2164
GPMin:    1 22:54:36       -5.406893*       0.1878
GPMin:    2 22:54:46       -5.505928*       0.1439
GPMin:    3 22:54:58       -5.579850*       0.1347
GPMin:    4 22:55:09       -5.633244*       0.1245
GPMin:    5 22:55:20       -5.681503*       0.1100
GPMin:    6 22:55:30       -5.717556*       0.0904
GPMin:    7 22:55:39       -5.746966*       0.0816
GPMin:    8 22:55:49       -5.781792*       0.0942
GPMin:    9 22:56:00       -5.814008*       0.0680
GPMin:   10 22:56:11       -5.834263*       0.0705
GPMin:   11 22:56:20       -5.848230*       0.0875
GPMin:   12 22:56:30       -5.866628*       0.0826
GPMin:   13 22:56:40       -5.885054*       0.0517
GPMin:   14 22:56:48       -5.896618*       0.0436
GPMin:   15 22:56:57       -5.902498*       0.0328
GPMin:   16 22:57:05       -5.905386*       0.0269
GPMin:   17 22:57:14       -5.906956*       0.0194
       Step     Time          Energy         fmax
*Force-consistent energies used in optimization.
GPMin:    0 22:57:34       -5.189199*       0.5592
GPMin:    1 22:57:48       -5.367575*       0.1725
GPMin:    2 22:57:59       -5.425573*       0.1516
GPMin:    3 22:58:11       -5.471925*       0.0935
GPMin:    4 22:58:21       -5.488110*       0.0565
GPMin:    5 22:58:30       -5.496864*       0.0497
GPMin:    6 22:58:40       -5.511290*       0.0462
GPMin:    7 22:58:50       -5.523145*       0.0620
GPMin:    8 22:59:00       -5.538975*       0.0703
GPMin:    9 22:59:09       -5.560500*       0.0780
GPMin:   10 22:59:20       -5.590095*       0.0966
GPMin:   11 22:59:30       -5.630747*       0.1106
GPMin:   12 22:59:40       -5.677389*       0.1111
GPMin:   13 22:59:51       -5.725292*       0.0939
GPMin:   14 23:00:02       -5.759659*       0.0576
GPMin:   15 23:00:12       -5.770708*       0.0465
GPMin:   16 23:00:21       -5.775760*       0.0446
GPMin:   17 23:00:29       -5.783497*       0.0417
GPMin:   18 23:00:38       -5.793499*       0.0545
GPMin:   19 23:00:47       -5.807591*       0.0641
GPMin:   20 23:00:56       -5.826039*       0.0718
GPMin:   21 23:01:06       -5.849207*       0.0757
GPMin:   22 23:01:16       -5.873047*       0.0815
GPMin:   23 23:01:26       -5.892413*       0.0624
GPMin:   24 23:01:35       -5.900588*       0.0312
GPMin:   25 23:01:43       -5.903028*       0.0295
GPMin:   26 23:01:52       -5.905982*       0.0240
GPMin:   27 23:02:01       -5.907308*       0.0170
       Step     Time          Energy         fmax
*Force-consistent energies used in optimization.
GPMin:    0 23:02:19       -5.179521*       0.5926
GPMin:    1 23:02:30       -5.429714*       0.2496
GPMin:    2 23:02:41       -5.510609*       0.2250
GPMin:    3 23:02:51       -5.583425*       0.1468
GPMin:    4 23:03:01       -5.637903*       0.1275
GPMin:    5 23:03:10       -5.671212*       0.1075
GPMin:    6 23:03:19       -5.694063*       0.0707
GPMin:    7 23:03:29       -5.703713*       0.0544
GPMin:    8 23:03:38       -5.710668*       0.0411
GPMin:    9 23:03:46       -5.716884*       0.0331
GPMin:   10 23:03:55       -5.720750*       0.0190
       Step     Time          Energy         fmax
*Force-consistent energies used in optimization.
GPMin:    0 23:04:17       -4.898442*       0.6507
GPMin:    1 23:04:29       -5.097528*       0.2332
GPMin:    2 23:04:41       -5.165630*       0.2346
GPMin:    3 23:04:52       -5.257790*       0.2387
GPMin:    4 23:05:02       -5.339630*       0.1995
GPMin:    5 23:05:13       -5.394408*       0.1239
GPMin:    6 23:05:24       -5.430189*       0.1310
GPMin:    7 23:05:34       -5.469093*       0.0984
GPMin:    8 23:05:43       -5.494291*       0.0692
GPMin:    9 23:05:52       -5.508371*       0.0666
GPMin:   10 23:06:00       -5.520244*       0.0581
GPMin:   11 23:06:09       -5.535091*       0.0697
GPMin:   12 23:06:17       -5.555417*       0.0704
GPMin:   13 23:06:27       -5.577512*       0.0570
GPMin:   14 23:06:37       -5.592458*       0.0407
GPMin:   15 23:06:45       -5.598510*       0.0373
GPMin:   16 23:06:54       -5.601570*       0.0379
GPMin:   17 23:07:02       -5.608131*       0.0486
GPMin:   18 23:07:11       -5.618033*       0.0608
GPMin:   19 23:07:19       -5.631010*       0.0707
GPMin:   20 23:07:29       -5.650716*       0.0844
GPMin:   21 23:07:38       -5.675778*       0.1000
GPMin:   22 23:07:48       -5.702596*       0.1023
GPMin:   23 23:07:57       -5.730068*       0.0638
GPMin:   24 23:08:06       -5.739241*       0.0560
GPMin:   25 23:08:15       -5.741936*       0.0524
GPMin:   26 23:08:23       -5.745769*       0.0306
GPMin:   27 23:08:32       -5.747732*       0.0248
GPMin:   28 23:08:42       -5.749427*       0.0198
       Step     Time          Energy         fmax
*Force-consistent energies used in optimization.
GPMin:    0 23:09:01       -5.297888*       0.5978
GPMin:    1 23:09:11       -5.521179*       0.2223
GPMin:    2 23:09:22       -5.601868*       0.1793
GPMin:    3 23:09:32       -5.673514*       0.1229
GPMin:    4 23:09:41       -5.716629*       0.0928
GPMin:    5 23:09:51       -5.738872*       0.1016
GPMin:    6 23:10:01       -5.760681*       0.0975
GPMin:    7 23:10:10       -5.786698*       0.0835
GPMin:    8 23:10:20       -5.812253*       0.0719
GPMin:    9 23:10:31       -5.833049*       0.0784
GPMin:   10 23:10:41       -5.849818*       0.0720
GPMin:   11 23:10:50       -5.867921*       0.0811
GPMin:   12 23:11:00       -5.887765*       0.0677
GPMin:   13 23:11:09       -5.900456*       0.0319
GPMin:   14 23:11:18       -5.904088*       0.0264
GPMin:   15 23:11:26       -5.906076*       0.0207
GPMin:   16 23:11:35       -5.907377*       0.0161
       Step     Time          Energy         fmax
*Force-consistent energies used in optimization.
GPMin:    0 23:11:54       -5.217346*       0.2299
GPMin:    1 23:12:05       -5.349821*       0.2025
GPMin:    2 23:12:16       -5.436166*       0.1472
GPMin:    3 23:12:25       -5.494986*       0.0900
GPMin:    4 23:12:35       -5.531604*       0.0792
GPMin:    5 23:12:44       -5.558147*       0.0671
GPMin:    6 23:12:56       -5.587016*       0.0735
GPMin:    7 23:13:06       -5.627752*       0.1039
GPMin:    8 23:13:15       -5.680226*       0.1293
GPMin:    9 23:13:25       -5.734939*       0.1217
GPMin:   10 23:13:35       -5.775114*       0.0719
GPMin:   11 23:13:44       -5.794658*       0.0656
GPMin:   12 23:13:54       -5.804544*       0.0652
GPMin:   13 23:14:04       -5.816370*       0.0677
GPMin:   14 23:14:14       -5.830816*       0.0836
GPMin:   15 23:14:23       -5.854042*       0.0863
GPMin:   16 23:14:33       -5.877342*       0.0694
GPMin:   17 23:14:43       -5.892944*       0.0716
GPMin:   18 23:14:51       -5.902718*       0.0351
GPMin:   19 23:15:00       -5.905523*       0.0275
GPMin:   20 23:15:07       -5.906632*       0.0254
GPMin:   21 23:15:16       -5.907790*       0.0146
       Step     Time          Energy         fmax
*Force-consistent energies used in optimization.
GPMin:    0 23:15:36       -5.562342*       0.2898
GPMin:    1 23:15:48       -5.666836*       0.1362
GPMin:    2 23:15:58       -5.714155*       0.0703
GPMin:    3 23:16:08       -5.727078*       0.0362
GPMin:    4 23:16:17       -5.730399*       0.0275
GPMin:    5 23:16:26       -5.739151*       0.0452
GPMin:    6 23:16:36       -5.752322*       0.0518
GPMin:    7 23:16:46       -5.767511*       0.0430
GPMin:    8 23:16:55       -5.779228*       0.0384
GPMin:    9 23:17:05       -5.793429*       0.0441
GPMin:   10 23:17:15       -5.817187*       0.0630
GPMin:   11 23:17:25       -5.845216*       0.0777
GPMin:   12 23:17:34       -5.874048*       0.0758
GPMin:   13 23:17:44       -5.894866*       0.0560
GPMin:   14 23:17:53       -5.903371*       0.0291
GPMin:   15 23:18:02       -5.905852*       0.0215
GPMin:   16 23:18:09       -5.907749*       0.0154
       Step     Time          Energy         fmax
*Force-consistent energies used in optimization.
GPMin:    0 23:18:28       -5.361903*       0.4022
GPMin:    1 23:18:39       -5.487013*       0.2148
GPMin:    2 23:18:49       -5.552860*       0.2062
GPMin:    3 23:18:59       -5.635434*       0.2012
GPMin:    4 23:19:10       -5.698513*       0.1508
GPMin:    5 23:19:21       -5.732740*       0.0849
GPMin:    6 23:19:31       -5.749572*       0.0553
GPMin:    7 23:19:39       -5.757201*       0.0274
GPMin:    8 23:19:48       -5.759594*       0.0249
GPMin:    9 23:19:56       -5.761300*       0.0142
       Step     Time          Energy         fmax
*Force-consistent energies used in optimization.
GPMin:    0 23:20:16       -5.439657*       0.2746
GPMin:    1 23:20:27       -5.540564*       0.1499
GPMin:    2 23:20:38       -5.593534*       0.0840
GPMin:    3 23:20:48       -5.616629*       0.0630
GPMin:    4 23:20:57       -5.647690*       0.0650
GPMin:    5 23:21:07       -5.678648*       0.0878
GPMin:    6 23:21:17       -5.720689*       0.1034
GPMin:    7 23:21:26       -5.765761*       0.0981
GPMin:    8 23:21:36       -5.807330*       0.0733
GPMin:    9 23:21:46       -5.833731*       0.0588
GPMin:   10 23:21:54       -5.852021*       0.0650
GPMin:   11 23:22:04       -5.875005*       0.0793
GPMin:   12 23:22:14       -5.894448*       0.0613
GPMin:   13 23:22:23       -5.902924*       0.0302
GPMin:   14 23:22:31       -5.905205*       0.0315
GPMin:   15 23:22:39       -5.907087*       0.0178
       Step     Time          Energy         fmax
*Force-consistent energies used in optimization.
GPMin:    0 23:22:57       -5.400762*       0.7177
GPMin:    1 23:23:08       -5.626287*       0.1666
GPMin:    2 23:23:19       -5.675509*       0.1124
GPMin:    3 23:23:30       -5.696144*       0.0945
GPMin:    4 23:23:40       -5.728100*       0.0922
GPMin:    5 23:23:51       -5.753574*       0.0723
GPMin:    6 23:24:01       -5.778631*       0.0789
GPMin:    7 23:24:10       -5.808399*       0.0707
GPMin:    8 23:24:20       -5.837746*       0.0757
GPMin:    9 23:24:30       -5.861832*       0.0791
GPMin:   10 23:24:40       -5.882538*       0.0715
GPMin:   11 23:24:49       -5.897186*       0.0423
GPMin:   12 23:24:58       -5.903416*       0.0289
GPMin:   13 23:25:06       -5.906019*       0.0189
       Step     Time          Energy         fmax
*Force-consistent energies used in optimization.
GPMin:    0 23:25:25       -5.610900*       0.1868
GPMin:    1 23:25:36       -5.677707*       0.1429
GPMin:    2 23:25:46       -5.712569*       0.0694
GPMin:    3 23:25:56       -5.724220*       0.0337
GPMin:    4 23:26:05       -5.726862*       0.0218
GPMin:    5 23:26:13       -5.727331*       0.0213
GPMin:    6 23:26:23       -5.728623*       0.0200
GPMin:    7 23:26:32       -5.735394*       0.0459
GPMin:    8 23:26:43       -5.749509*       0.0429
GPMin:    9 23:26:54       -5.762163*       0.0419
GPMin:   10 23:27:04       -5.772897*       0.0342
GPMin:   11 23:27:13       -5.785795*       0.0414
GPMin:   12 23:27:23       -5.806263*       0.0479
GPMin:   13 23:27:33       -5.831886*       0.0660
GPMin:   14 23:27:43       -5.862872*       0.0766
GPMin:   15 23:27:52       -5.889372*       0.0606
GPMin:   16 23:28:02       -5.902119*       0.0297
GPMin:   17 23:28:11       -5.905467*       0.0211
GPMin:   18 23:28:19       -5.907277*       0.0158
       Step     Time          Energy         fmax
*Force-consistent energies used in optimization.
GPMin:    0 23:28:40       -4.861383*       0.6131
GPMin:    1 23:28:52       -5.082186*       0.2338
GPMin:    2 23:29:03       -5.169204*       0.2112
GPMin:    3 23:29:14       -5.256982*       0.1884
GPMin:    4 23:29:24       -5.326354*       0.1523
GPMin:    5 23:29:34       -5.370294*       0.1352
GPMin:    6 23:29:43       -5.416729*       0.1210
GPMin:    7 23:29:53       -5.455875*       0.0841
GPMin:    8 23:30:02       -5.479224*       0.0622
GPMin:    9 23:30:12       -5.492729*       0.0849
GPMin:   10 23:30:21       -5.510600*       0.0859
GPMin:   11 23:30:29       -5.535295*       0.0806
GPMin:   12 23:30:39       -5.564677*       0.0921
GPMin:   13 23:30:49       -5.597053*       0.1076
GPMin:   14 23:30:58       -5.638001*       0.1221
GPMin:   15 23:31:09       -5.685885*       0.1222
GPMin:   16 23:31:20       -5.722915*       0.0831
GPMin:   17 23:31:30       -5.740195*       0.0382
GPMin:   18 23:31:38       -5.743191*       0.0349
GPMin:   19 23:31:47       -5.744977*       0.0259
GPMin:   20 23:31:55       -5.746308*       0.0226
GPMin:   21 23:32:04       -5.748118*       0.0240
GPMin:   22 23:32:12       -5.749361*       0.0277
GPMin:   23 23:32:21       -5.751286*       0.0197
       Step     Time          Energy         fmax
*Force-consistent energies used in optimization.
GPMin:    0 23:32:43       -4.942076*       0.3861
GPMin:    1 23:32:57       -5.150983*       0.3709
GPMin:    2 23:33:09       -5.285117*       0.3307
GPMin:    3 23:33:20       -5.399199*       0.3044
GPMin:    4 23:33:30       -5.503113*       0.3015
GPMin:    5 23:33:41       -5.602107*       0.2460
GPMin:    6 23:33:52       -5.662079*       0.1359
GPMin:    7 23:34:01       -5.682949*       0.0967
GPMin:    8 23:34:10       -5.696953*       0.0945
GPMin:    9 23:34:20       -5.711266*       0.0485
GPMin:   10 23:34:28       -5.717807*       0.0402
GPMin:   11 23:34:37       -5.722378*       0.0395
GPMin:   12 23:34:45       -5.728951*       0.0373
GPMin:   13 23:34:55       -5.735366*       0.0457
GPMin:   14 23:35:05       -5.744498*       0.0463
GPMin:   15 23:35:14       -5.756684*       0.0530
GPMin:   16 23:35:24       -5.769496*       0.0566
GPMin:   17 23:35:34       -5.782205*       0.0541
GPMin:   18 23:35:42       -5.791969*       0.0468
GPMin:   19 23:35:51       -5.801343*       0.0627
GPMin:   20 23:35:59       -5.814233*       0.0721
GPMin:   21 23:36:09       -5.834868*       0.0756
GPMin:   22 23:36:19       -5.857100*       0.0732
GPMin:   23 23:36:29       -5.878269*       0.0712
GPMin:   24 23:36:38       -5.892751*       0.0619
GPMin:   25 23:36:47       -5.900118*       0.0473
GPMin:   26 23:36:56       -5.903080*       0.0331
GPMin:   27 23:37:04       -5.905418*       0.0283
GPMin:   28 23:37:13       -5.906938*       0.0208
GPMin:   29 23:37:20       -5.907650*       0.0146
       Step     Time          Energy         fmax
*Force-consistent energies used in optimization.
GPMin:    0 23:37:41       -5.569300*       0.5025
GPMin:    1 23:37:51       -5.693069*       0.0794
GPMin:    2 23:38:01       -5.706785*       0.0808
GPMin:    3 23:38:12       -5.728138*       0.0779
GPMin:    4 23:38:22       -5.746263*       0.0481
GPMin:    5 23:38:31       -5.764052*       0.0537
GPMin:    6 23:38:41       -5.783422*       0.0466
GPMin:    7 23:38:51       -5.798954*       0.0505
GPMin:    8 23:39:01       -5.814171*       0.0579
GPMin:    9 23:39:10       -5.839377*       0.0682
GPMin:   10 23:39:20       -5.868989*       0.0690
GPMin:   11 23:39:30       -5.893346*       0.0496
GPMin:   12 23:39:39       -5.902846*       0.0282
GPMin:   13 23:39:48       -5.905033*       0.0233
GPMin:   14 23:39:57       -5.907295*       0.0170
       Step     Time          Energy         fmax
*Force-consistent energies used in optimization.
GPMin:    0 23:40:21       -5.301607*       0.1971
GPMin:    1 23:40:35       -5.389484*       0.1548
GPMin:    2 23:40:47       -5.485287*       0.1672
GPMin:    3 23:40:58       -5.568658*       0.1977
GPMin:    4 23:41:09       -5.658767*       0.1993
GPMin:    5 23:41:20       -5.734395*       0.1412
GPMin:    6 23:41:31       -5.770406*       0.0779
GPMin:    7 23:41:41       -5.784634*       0.0609
GPMin:    8 23:41:50       -5.796558*       0.0572
GPMin:    9 23:41:59       -5.807953*       0.0625
GPMin:   10 23:42:07       -5.825236*       0.0650
GPMin:   11 23:42:17       -5.847321*       0.0638
GPMin:   12 23:42:27       -5.869963*       0.0697
GPMin:   13 23:42:36       -5.890737*       0.0614
GPMin:   14 23:42:46       -5.901280*       0.0340
GPMin:   15 23:42:55       -5.903687*       0.0295
GPMin:   16 23:43:03       -5.906020*       0.0224
GPMin:   17 23:43:12       -5.907566*       0.0200
GPMin:   18 23:43:19       -5.908088*       0.0074
       Step     Time          Energy         fmax
*Force-consistent energies used in optimization.
GPMin:    0 23:43:38       -5.638762*       0.3042
GPMin:    1 23:43:49       -5.766728*       0.1764
GPMin:    2 23:44:00       -5.829694*       0.1168
GPMin:    3 23:44:10       -5.859858*       0.0783
GPMin:    4 23:44:19       -5.880192*       0.0602
GPMin:    5 23:44:29       -5.897399*       0.0389
GPMin:    6 23:44:39       -5.905144*       0.0236
GPMin:    7 23:44:47       -5.906977*       0.0161
       Step     Time          Energy         fmax
*Force-consistent energies used in optimization.
GPMin:    0 23:45:07       -5.337011*       0.7503
GPMin:    1 23:45:19       -5.589452*       0.1826
GPMin:    2 23:45:30       -5.643141*       0.1536
GPMin:    3 23:45:40       -5.685512*       0.0999
GPMin:    4 23:45:50       -5.707502*       0.0772
GPMin:    5 23:45:59       -5.713727*       0.0584
GPMin:    6 23:46:07       -5.720689*       0.0354
GPMin:    7 23:46:16       -5.725597*       0.0360
GPMin:    8 23:46:25       -5.733301*       0.0456
GPMin:    9 23:46:35       -5.742227*       0.0393
GPMin:   10 23:46:46       -5.753478*       0.0386
GPMin:   11 23:46:56       -5.765214*       0.0439
GPMin:   12 23:47:05       -5.777081*       0.0455
GPMin:   13 23:47:15       -5.790610*       0.0425
GPMin:   14 23:47:25       -5.810504*       0.0541
GPMin:   15 23:47:34       -5.836075*       0.0737
GPMin:   16 23:47:44       -5.860361*       0.0874
GPMin:   17 23:47:54       -5.885950*       0.0761
GPMin:   18 23:48:04       -5.901227*       0.0404
GPMin:   19 23:48:12       -5.903567*       0.0340
GPMin:   20 23:48:21       -5.906233*       0.0187
       Step     Time          Energy         fmax
*Force-consistent energies used in optimization.
GPMin:    0 23:48:41       -5.411105*       0.4624
GPMin:    1 23:48:52       -5.588436*       0.1914
GPMin:    2 23:49:03       -5.667289*       0.1658
GPMin:    3 23:49:14       -5.741384*       0.1457
GPMin:    4 23:49:24       -5.790039*       0.1154
GPMin:    5 23:49:34       -5.819189*       0.0823
GPMin:    6 23:49:44       -5.839396*       0.0681
GPMin:    7 23:49:52       -5.861340*       0.0641
GPMin:    8 23:50:02       -5.881157*       0.0603
GPMin:    9 23:50:12       -5.896973*       0.0414
GPMin:   10 23:50:20       -5.904304*       0.0313
GPMin:   11 23:50:28       -5.906021*       0.0225
GPMin:   12 23:50:36       -5.907474*       0.0149
       Step     Time          Energy         fmax
*Force-consistent energies used in optimization.
GPMin:    0 23:50:55       -5.570973*       0.2389
GPMin:    1 23:51:07       -5.661831*       0.1743
GPMin:    2 23:51:18       -5.721400*       0.1119
GPMin:    3 23:51:28       -5.738944*       0.0581
GPMin:    4 23:51:37       -5.746689*       0.0331
GPMin:    5 23:51:45       -5.753843*       0.0299
GPMin:    6 23:51:54       -5.760477*       0.0285
GPMin:    7 23:52:04       -5.770515*       0.0340
GPMin:    8 23:52:12       -5.783078*       0.0439
GPMin:    9 23:52:22       -5.800975*       0.0530
GPMin:   10 23:52:32       -5.823215*       0.0635
GPMin:   11 23:52:43       -5.852247*       0.0762
GPMin:   12 23:52:52       -5.882814*       0.0651
GPMin:   13 23:53:02       -5.900168*       0.0340
GPMin:   14 23:53:11       -5.904292*       0.0242
GPMin:   15 23:53:19       -5.906389*       0.0215
GPMin:   16 23:53:27       -5.907608*       0.0121
       Step     Time          Energy         fmax
*Force-consistent energies used in optimization.
GPMin:    0 23:53:47       -5.541361*       0.4032
GPMin:    1 23:53:58       -5.648509*       0.1625
GPMin:    2 23:54:08       -5.695881*       0.1287
GPMin:    3 23:54:17       -5.733195*       0.0979
GPMin:    4 23:54:27       -5.755163*       0.0745
GPMin:    5 23:54:37       -5.773759*       0.0599
GPMin:    6 23:54:46       -5.787111*       0.0460
GPMin:    7 23:54:56       -5.802983*       0.0544
GPMin:    8 23:55:06       -5.822751*       0.0678
GPMin:    9 23:55:15       -5.849962*       0.0726
GPMin:   10 23:55:25       -5.880463*       0.0632
GPMin:   11 23:55:35       -5.899911*       0.0441
GPMin:   12 23:55:44       -5.904250*       0.0282
GPMin:   13 23:55:52       -5.906379*       0.0275
GPMin:   14 23:56:00       -5.907564*       0.0166
       Step     Time          Energy         fmax
*Force-consistent energies used in optimization.
GPMin:    0 23:56:18       -5.596800*       0.2671
GPMin:    1 23:56:29       -5.689094*       0.1427
GPMin:    2 23:56:40       -5.750036*       0.1137
GPMin:    3 23:56:49       -5.792795*       0.0885
GPMin:    4 23:56:59       -5.824761*       0.0710
GPMin:    5 23:57:09       -5.852313*       0.0699
GPMin:    6 23:57:18       -5.874658*       0.0689
GPMin:    7 23:57:28       -5.892838*       0.0557
GPMin:    8 23:57:37       -5.903469*       0.0256
GPMin:    9 23:57:45       -5.905955*       0.0195
       Step     Time          Energy         fmax
*Force-consistent energies used in optimization.
GPMin:    0 23:58:06       -5.449591*       0.2359
GPMin:    1 23:58:17       -5.586848*       0.2108
GPMin:    2 23:58:27       -5.691733*       0.1971
GPMin:    3 23:58:38       -5.781594*       0.1675
GPMin:    4 23:58:49       -5.846628*       0.1377
GPMin:    5 23:58:59       -5.879059*       0.0931
GPMin:    6 23:59:08       -5.894244*       0.0552
GPMin:    7 23:59:17       -5.902201*       0.0356
GPMin:    8 23:59:26       -5.904612*       0.0240
GPMin:    9 23:59:34       -5.906630*       0.0165
