       Step     Time          Energy         fmax
*Force-consistent energies used in optimization.
GPMin:    0 20:03:40       -4.094124*       0.4776
GPMin:    1 20:03:50       -4.289478*       0.2320
GPMin:    2 20:03:59       -4.417480*       0.2142
GPMin:    3 20:04:09       -4.500249*       0.1454
GPMin:    4 20:04:17       -4.543193*       0.1211
GPMin:    5 20:04:26       -4.575993*       0.0753
GPMin:    6 20:04:33       -4.596298*       0.0632
GPMin:    7 20:04:41       -4.612873*       0.0647
GPMin:    8 20:04:48       -4.631742*       0.0726
GPMin:    9 20:04:56       -4.655785*       0.0650
GPMin:   10 20:05:04       -4.685362*       0.0745
GPMin:   11 20:05:12       -4.718611*       0.0684
GPMin:   12 20:05:19       -4.751874*       0.0952
GPMin:   13 20:05:28       -4.789534*       0.1001
GPMin:   14 20:05:36       -4.824790*       0.0778
GPMin:   15 20:05:43       -4.854593*       0.0796
GPMin:   16 20:05:50       -4.878859*       0.0635
GPMin:   17 20:05:57       -4.893446*       0.0655
GPMin:   18 20:06:04       -4.905106*       0.0765
GPMin:   19 20:06:11       -4.914263*       0.0574
GPMin:   20 20:06:17       -4.920823*       0.0492
GPMin:   21 20:06:24       -4.926219*       0.0426
GPMin:   22 20:06:31       -4.930404*       0.0257
GPMin:   23 20:06:38       -4.932108*       0.0210
GPMin:   24 20:06:44       -4.933178*       0.0169
       Step     Time          Energy         fmax
*Force-consistent energies used in optimization.
GPMin:    0 20:06:59       -4.008437*       0.6521
GPMin:    1 20:07:08       -4.183632*       0.1972
GPMin:    2 20:07:17       -4.246369*       0.1541
GPMin:    3 20:07:25       -4.298532*       0.1342
GPMin:    4 20:07:34       -4.344827*       0.1172
GPMin:    5 20:07:43       -4.382712*       0.1512
GPMin:    6 20:07:53       -4.438961*       0.1628
GPMin:    7 20:08:01       -4.489782*       0.1418
GPMin:    8 20:08:10       -4.542711*       0.1309
GPMin:    9 20:08:18       -4.599210*       0.1368
GPMin:   10 20:08:26       -4.657383*       0.1388
GPMin:   11 20:08:33       -4.713722*       0.1398
GPMin:   12 20:08:41       -4.762558*       0.1337
GPMin:   13 20:08:49       -4.804076*       0.1145
GPMin:   14 20:08:58       -4.833258*       0.0917
GPMin:   15 20:09:05       -4.851112*       0.0706
GPMin:   16 20:09:13       -4.869427*       0.0579
GPMin:   17 20:09:20       -4.880847*       0.0442
GPMin:   18 20:09:26       -4.886019*       0.0255
GPMin:   19 20:09:33       -4.887632*       0.0250
GPMin:   20 20:09:40       -4.889153*       0.0205
GPMin:   21 20:09:46       -4.889831*       0.0148
       Step     Time          Energy         fmax
*Force-consistent energies used in optimization.
GPMin:    0 20:10:04       -4.094071*       0.2283
GPMin:    1 20:10:12       -4.193011*       0.0208
GPMin:    2 20:10:20       -4.193145*       0.0220
GPMin:    3 20:10:27       -4.193989*       0.0056
       Step     Time          Energy         fmax
*Force-consistent energies used in optimization.
GPMin:    0 20:10:41       -4.225864*       0.6028
GPMin:    1 20:10:50       -4.444498*       0.2187
GPMin:    2 20:10:58       -4.523482*       0.1777
GPMin:    3 20:11:07       -4.580820*       0.1617
GPMin:    4 20:11:15       -4.622618*       0.1328
GPMin:    5 20:11:24       -4.654710*       0.1280
GPMin:    6 20:11:32       -4.699830*       0.1164
GPMin:    7 20:11:40       -4.741837*       0.1097
GPMin:    8 20:11:47       -4.776481*       0.1105
GPMin:    9 20:11:55       -4.811408*       0.0995
GPMin:   10 20:12:02       -4.841902*       0.0763
GPMin:   11 20:12:08       -4.867828*       0.0791
GPMin:   12 20:12:16       -4.890250*       0.0745
GPMin:   13 20:12:24       -4.907420*       0.0540
GPMin:   14 20:12:30       -4.918650*       0.0759
GPMin:   15 20:12:37       -4.925216*       0.0563
GPMin:   16 20:12:44       -4.929532*       0.0442
GPMin:   17 20:12:50       -4.931658*       0.0319
GPMin:   18 20:12:57       -4.932844*       0.0205
GPMin:   19 20:13:03       -4.933492*       0.0109
       Step     Time          Energy         fmax
*Force-consistent energies used in optimization.
GPMin:    0 20:13:20       -3.991848*       0.4661
GPMin:    1 20:13:30       -4.117979*       0.1063
GPMin:    2 20:13:39       -4.154135*       0.0987
GPMin:    3 20:13:48       -4.188563*       0.0448
GPMin:    4 20:13:58       -4.198038*       0.0476
GPMin:    5 20:14:09       -4.228099*       0.0746
GPMin:    6 20:14:21       -4.272085*       0.0915
GPMin:    7 20:14:30       -4.327478*       0.0866
GPMin:    8 20:14:38       -4.372725*       0.0664
GPMin:    9 20:14:46       -4.402412*       0.0602
GPMin:   10 20:14:54       -4.423717*       0.0467
GPMin:   11 20:15:00       -4.436662*       0.0342
GPMin:   12 20:15:07       -4.443369*       0.0349
GPMin:   13 20:15:14       -4.449484*       0.0276
GPMin:   14 20:15:21       -4.454318*       0.0200
       Step     Time          Energy         fmax
*Force-consistent energies used in optimization.
GPMin:    0 20:15:33       -3.959112*       0.3311
GPMin:    1 20:15:43       -4.041342*       0.1593
GPMin:    2 20:15:52       -4.094626*       0.1306
GPMin:    3 20:16:00       -4.150877*       0.1620
GPMin:    4 20:16:07       -4.227503*       0.1965
GPMin:    5 20:16:16       -4.315819*       0.2275
GPMin:    6 20:16:24       -4.417477*       0.2443
GPMin:    7 20:16:33       -4.526102*       0.2394
GPMin:    8 20:16:41       -4.630184*       0.2112
GPMin:    9 20:16:49       -4.718268*       0.1700
GPMin:   10 20:16:56       -4.783541*       0.1323
GPMin:   11 20:17:04       -4.826683*       0.1090
GPMin:   12 20:17:12       -4.857944*       0.0972
GPMin:   13 20:17:20       -4.883931*       0.0832
GPMin:   14 20:17:27       -4.900746*       0.0612
GPMin:   15 20:17:33       -4.909219*       0.0621
GPMin:   16 20:17:40       -4.914973*       0.0636
GPMin:   17 20:17:47       -4.922321*       0.0441
GPMin:   18 20:17:53       -4.928017*       0.0421
GPMin:   19 20:18:00       -4.930598*       0.0406
GPMin:   20 20:18:07       -4.932466*       0.0216
GPMin:   21 20:18:14       -4.933143*       0.0151
       Step     Time          Energy         fmax
*Force-consistent energies used in optimization.
GPMin:    0 20:18:27       -4.263735*       0.4687
GPMin:    1 20:18:36       -4.468349*       0.1898
GPMin:    2 20:18:45       -4.537452*       0.1935
GPMin:    3 20:18:53       -4.616199*       0.1818
GPMin:    4 20:19:02       -4.686338*       0.1507
GPMin:    5 20:19:10       -4.741261*       0.1042
GPMin:    6 20:19:18       -4.775048*       0.1100
GPMin:    7 20:19:27       -4.806034*       0.1017
GPMin:    8 20:19:35       -4.835063*       0.0909
GPMin:    9 20:19:43       -4.861664*       0.0872
GPMin:   10 20:19:50       -4.884146*       0.0775
GPMin:   11 20:19:57       -4.900312*       0.0650
GPMin:   12 20:20:04       -4.913851*       0.0487
GPMin:   13 20:20:10       -4.921844*       0.0443
GPMin:   14 20:20:17       -4.927614*       0.0315
GPMin:   15 20:20:24       -4.931314*       0.0237
GPMin:   16 20:20:30       -4.932699*       0.0160
       Step     Time          Energy         fmax
*Force-consistent energies used in optimization.
GPMin:    0 20:20:43       -4.281071*       0.6213
GPMin:    1 20:20:52       -4.456138*       0.0655
GPMin:    2 20:20:59       -4.466136*       0.0186
       Step     Time          Energy         fmax
*Force-consistent energies used in optimization.
GPMin:    0 20:21:12       -4.086065*       0.3044
GPMin:    1 20:21:22       -4.162945*       0.1484
GPMin:    2 20:21:30       -4.224401*       0.1795
GPMin:    3 20:21:39       -4.302643*       0.2194
GPMin:    4 20:21:47       -4.401996*       0.2559
GPMin:    5 20:21:55       -4.515281*       0.2731
GPMin:    6 20:22:04       -4.629985*       0.2495
GPMin:    7 20:22:12       -4.721502*       0.1686
GPMin:    8 20:22:21       -4.771701*       0.1221
GPMin:    9 20:22:29       -4.807560*       0.1233
GPMin:   10 20:22:38       -4.837825*       0.0894
GPMin:   11 20:22:46       -4.859177*       0.0874
GPMin:   12 20:22:53       -4.878881*       0.0817
GPMin:   13 20:23:00       -4.888549*       0.0776
GPMin:   14 20:23:06       -4.902197*       0.0702
GPMin:   15 20:23:13       -4.915146*       0.0466
GPMin:   16 20:23:20       -4.922605*       0.0489
GPMin:   17 20:23:27       -4.928182*       0.0444
GPMin:   18 20:23:33       -4.931340*       0.0214
GPMin:   19 20:23:40       -4.932174*       0.0175
       Step     Time          Energy         fmax
*Force-consistent energies used in optimization.
GPMin:    0 20:23:57       -4.204687*       0.2813
GPMin:    1 20:24:08       -4.323651*       0.1646
GPMin:    2 20:24:17       -4.407123*       0.1193
GPMin:    3 20:24:25       -4.479733*       0.1628
GPMin:    4 20:24:34       -4.558599*       0.2048
GPMin:    5 20:24:42       -4.641031*       0.2014
GPMin:    6 20:24:50       -4.704311*       0.1475
GPMin:    7 20:24:58       -4.735682*       0.0788
GPMin:    8 20:25:05       -4.750369*       0.0913
GPMin:    9 20:25:13       -4.770867*       0.0972
GPMin:   10 20:25:20       -4.791892*       0.0686
GPMin:   11 20:25:27       -4.816359*       0.0750
GPMin:   12 20:25:34       -4.839844*       0.0617
GPMin:   13 20:25:42       -4.859290*       0.0695
GPMin:   14 20:25:49       -4.877214*       0.0578
GPMin:   15 20:25:57       -4.885347*       0.0259
GPMin:   16 20:26:04       -4.886760*       0.0258
GPMin:   17 20:26:09       -4.887943*       0.0198
       Step     Time          Energy         fmax
*Force-consistent energies used in optimization.
GPMin:    0 20:26:22       -4.376192*       0.4413
GPMin:    1 20:26:30       -4.452557*       0.1274
GPMin:    2 20:26:38       -4.464548*       0.0422
GPMin:    3 20:26:44       -4.467270*       0.0139
       Step     Time          Energy         fmax
*Force-consistent energies used in optimization.
GPMin:    0 20:26:58       -4.446679*       0.1877
GPMin:    1 20:27:14       -4.455180*       0.1087
GPMin:    2 20:27:23       -4.480940*       0.0925
GPMin:    3 20:27:30       -4.539108*       0.1170
GPMin:    4 20:27:38       -4.621261*       0.1388
GPMin:    5 20:27:44       -4.717054*       0.1637
GPMin:    6 20:27:52       -4.815865*       0.1626
GPMin:    7 20:27:59       -4.891226*       0.1220
GPMin:    8 20:28:07       -4.922714*       0.0426
GPMin:    9 20:28:13       -4.925411*       0.0352
GPMin:   10 20:28:19       -4.927408*       0.0334
GPMin:   11 20:28:24       -4.930601*       0.0180
       Step     Time          Energy         fmax
*Force-consistent energies used in optimization.
GPMin:    0 20:28:38       -4.518360*       0.2271
GPMin:    1 20:28:47       -4.627066*       0.1482
GPMin:    2 20:28:55       -4.689925*       0.1152
GPMin:    3 20:29:03       -4.733386*       0.0782
GPMin:    4 20:29:11       -4.767050*       0.0924
GPMin:    5 20:29:19       -4.802665*       0.0855
GPMin:    6 20:29:26       -4.839033*       0.0694
GPMin:    7 20:29:34       -4.871646*       0.0594
GPMin:    8 20:29:41       -4.896173*       0.0582
GPMin:    9 20:29:48       -4.912662*       0.0541
GPMin:   10 20:29:55       -4.924105*       0.0412
GPMin:   11 20:30:02       -4.929417*       0.0398
GPMin:   12 20:30:09       -4.931750*       0.0400
GPMin:   13 20:30:15       -4.932995*       0.0240
GPMin:   14 20:30:21       -4.933756*       0.0067
       Step     Time          Energy         fmax
*Force-consistent energies used in optimization.
GPMin:    0 20:30:34       -4.468111*       0.5974
GPMin:    1 20:30:43       -4.642559*       0.1917
GPMin:    2 20:30:52       -4.716126*       0.1870
GPMin:    3 20:31:00       -4.775642*       0.2053
GPMin:    4 20:31:09       -4.845695*       0.1894
GPMin:    5 20:31:17       -4.900204*       0.1235
GPMin:    6 20:31:25       -4.920718*       0.0584
GPMin:    7 20:31:32       -4.924797*       0.0538
GPMin:    8 20:31:39       -4.929400*       0.0206
GPMin:    9 20:31:45       -4.930955*       0.0150
       Step     Time          Energy         fmax
*Force-consistent energies used in optimization.
GPMin:    0 20:31:58       -4.443575*       0.2778
GPMin:    1 20:32:07       -4.549340*       0.0885
GPMin:    2 20:32:15       -4.582712*       0.0915
GPMin:    3 20:32:24       -4.628220*       0.1093
GPMin:    4 20:32:31       -4.667858*       0.0879
GPMin:    5 20:32:38       -4.701753*       0.0743
GPMin:    6 20:32:46       -4.739345*       0.0747
GPMin:    7 20:32:52       -4.777181*       0.0835
GPMin:    8 20:32:59       -4.813823*       0.0763
GPMin:    9 20:33:06       -4.837840*       0.0675
GPMin:   10 20:33:13       -4.853954*       0.0742
GPMin:   11 20:33:22       -4.872163*       0.0543
GPMin:   12 20:33:30       -4.882306*       0.0423
GPMin:   13 20:33:36       -4.885667*       0.0281
GPMin:   14 20:33:43       -4.886977*       0.0283
GPMin:   15 20:33:50       -4.889538*       0.0139
       Step     Time          Energy         fmax
*Force-consistent energies used in optimization.
GPMin:    0 20:34:03       -4.326434*       0.5881
GPMin:    1 20:34:12       -4.451141*       0.1133
GPMin:    2 20:34:21       -4.465666*       0.0307
GPMin:    3 20:34:27       -4.467546*       0.0095
       Step     Time          Energy         fmax
*Force-consistent energies used in optimization.
GPMin:    0 20:34:40       -4.574762*       0.2391
GPMin:    1 20:34:50       -4.683973*       0.1730
GPMin:    2 20:34:58       -4.754962*       0.1465
GPMin:    3 20:35:07       -4.809467*       0.1086
GPMin:    4 20:35:14       -4.841108*       0.0788
GPMin:    5 20:35:22       -4.869149*       0.1031
GPMin:    6 20:35:29       -4.898550*       0.0671
GPMin:    7 20:35:37       -4.918162*       0.0495
GPMin:    8 20:35:43       -4.927980*       0.0270
GPMin:    9 20:35:49       -4.929656*       0.0240
GPMin:   10 20:35:55       -4.931433*       0.0166
       Step     Time          Energy         fmax
*Force-consistent energies used in optimization.
GPMin:    0 20:36:09       -4.171546*       0.2763
GPMin:    1 20:36:19       -4.268237*       0.1884
GPMin:    2 20:36:28       -4.363366*       0.1894
GPMin:    3 20:36:37       -4.462464*       0.2144
GPMin:    4 20:36:44       -4.563930*       0.2336
GPMin:    5 20:36:52       -4.659927*       0.2302
GPMin:    6 20:36:59       -4.741705*       0.1813
GPMin:    7 20:37:07       -4.795515*       0.1160
GPMin:    8 20:37:14       -4.830827*       0.1312
GPMin:    9 20:37:22       -4.861038*       0.0929
GPMin:   10 20:37:29       -4.877014*       0.0570
GPMin:   11 20:37:36       -4.882158*       0.0482
GPMin:   12 20:37:43       -4.885407*       0.0319
GPMin:   13 20:37:50       -4.887687*       0.0237
GPMin:   14 20:37:56       -4.888551*       0.0166
       Step     Time          Energy         fmax
*Force-consistent energies used in optimization.
GPMin:    0 20:38:09       -4.574762*       0.2390
GPMin:    1 20:38:18       -4.683940*       0.1732
GPMin:    2 20:38:27       -4.754946*       0.1466
GPMin:    3 20:38:35       -4.809452*       0.1086
GPMin:    4 20:38:43       -4.841099*       0.0788
GPMin:    5 20:38:51       -4.869140*       0.1031
GPMin:    6 20:38:58       -4.898541*       0.0671
GPMin:    7 20:39:06       -4.918158*       0.0495
GPMin:    8 20:39:12       -4.927979*       0.0270
GPMin:    9 20:39:18       -4.929656*       0.0240
GPMin:   10 20:39:24       -4.931432*       0.0166
       Step     Time          Energy         fmax
*Force-consistent energies used in optimization.
GPMin:    0 20:39:39       -4.423285*       0.2176
GPMin:    1 20:39:47       -4.523106*       0.1282
GPMin:    2 20:39:55       -4.578703*       0.1204
GPMin:    3 20:40:02       -4.658044*       0.1367
GPMin:    4 20:40:09       -4.750895*       0.1642
GPMin:    5 20:40:16       -4.829884*       0.1642
GPMin:    6 20:40:24       -4.879903*       0.1192
GPMin:    7 20:40:32       -4.900133*       0.0804
GPMin:    8 20:40:39       -4.913436*       0.0922
GPMin:    9 20:40:46       -4.925306*       0.0462
GPMin:   10 20:40:52       -4.929867*       0.0242
GPMin:   11 20:40:58       -4.931002*       0.0197
       Step     Time          Energy         fmax
*Force-consistent energies used in optimization.
GPMin:    0 20:41:12       -4.513406*       0.2661
GPMin:    1 20:41:21       -4.634023*       0.1868
GPMin:    2 20:41:28       -4.704621*       0.1405
GPMin:    3 20:41:37       -4.763721*       0.1103
GPMin:    4 20:41:44       -4.805370*       0.0869
GPMin:    5 20:41:52       -4.835343*       0.0984
GPMin:    6 20:42:00       -4.873151*       0.0868
GPMin:    7 20:42:09       -4.902390*       0.0649
GPMin:    8 20:42:17       -4.922920*       0.0438
GPMin:    9 20:42:23       -4.929618*       0.0268
GPMin:   10 20:42:28       -4.930535*       0.0256
GPMin:   11 20:42:34       -4.932287*       0.0165
       Step     Time          Energy         fmax
*Force-consistent energies used in optimization.
GPMin:    0 20:42:48       -4.362028*       0.2616
GPMin:    1 20:42:57       -4.447584*       0.1309
GPMin:    2 20:43:05       -4.461119*       0.1592
GPMin:    3 20:43:13       -4.484690*       0.0770
GPMin:    4 20:43:20       -4.540057*       0.1063
GPMin:    5 20:43:28       -4.617069*       0.1401
GPMin:    6 20:43:34       -4.703103*       0.1621
GPMin:    7 20:43:42       -4.784616*       0.1429
GPMin:    8 20:43:50       -4.838812*       0.0890
GPMin:    9 20:43:56       -4.857082*       0.0842
GPMin:   10 20:44:03       -4.871334*       0.1013
GPMin:   11 20:44:10       -4.891114*       0.0739
GPMin:   12 20:44:17       -4.905972*       0.0554
GPMin:   13 20:44:22       -4.915705*       0.0511
GPMin:   14 20:44:29       -4.926107*       0.0370
GPMin:   15 20:44:36       -4.929985*       0.0254
GPMin:   16 20:44:41       -4.931583*       0.0175
       Step     Time          Energy         fmax
*Force-consistent energies used in optimization.
GPMin:    0 20:44:56       -4.494231*       0.8023
GPMin:    1 20:45:04       -4.723182*       0.1777
GPMin:    2 20:45:12       -4.761280*       0.2147
GPMin:    3 20:45:20       -4.813129*       0.1382
GPMin:    4 20:45:27       -4.840956*       0.0810
GPMin:    5 20:45:34       -4.865696*       0.0761
GPMin:    6 20:45:41       -4.878356*       0.0451
GPMin:    7 20:45:47       -4.883254*       0.0310
GPMin:    8 20:45:54       -4.886342*       0.0189
       Step     Time          Energy         fmax
*Force-consistent energies used in optimization.
GPMin:    0 20:46:09       -4.008437*       0.6520
GPMin:    1 20:46:18       -4.183640*       0.1971
GPMin:    2 20:46:27       -4.246353*       0.1541
GPMin:    3 20:46:35       -4.298512*       0.1342
GPMin:    4 20:46:44       -4.344812*       0.1171
GPMin:    5 20:46:53       -4.382682*       0.1512
GPMin:    6 20:47:03       -4.438945*       0.1628
GPMin:    7 20:47:11       -4.489772*       0.1418
GPMin:    8 20:47:20       -4.542699*       0.1309
GPMin:    9 20:47:28       -4.599195*       0.1368
GPMin:   10 20:47:36       -4.657372*       0.1388
GPMin:   11 20:47:44       -4.713714*       0.1398
GPMin:   12 20:47:51       -4.762556*       0.1337
GPMin:   13 20:48:00       -4.804078*       0.1145
GPMin:   14 20:48:08       -4.833256*       0.0917
GPMin:   15 20:48:16       -4.851108*       0.0706
GPMin:   16 20:48:24       -4.869421*       0.0579
GPMin:   17 20:48:30       -4.880842*       0.0442
GPMin:   18 20:48:37       -4.886014*       0.0256
GPMin:   19 20:48:44       -4.887630*       0.0250
GPMin:   20 20:48:51       -4.889152*       0.0205
GPMin:   21 20:48:57       -4.889831*       0.0148
       Step     Time          Energy         fmax
*Force-consistent energies used in optimization.
GPMin:    0 20:49:11       -4.329393*       0.5515
GPMin:    1 20:49:19       -4.536576*       0.1952
GPMin:    2 20:49:28       -4.586551*       0.1507
GPMin:    3 20:49:36       -4.641231*       0.1526
GPMin:    4 20:49:44       -4.711000*       0.1514
GPMin:    5 20:49:52       -4.764216*       0.1408
GPMin:    6 20:50:00       -4.803070*       0.0873
GPMin:    7 20:50:08       -4.828544*       0.0977
GPMin:    8 20:50:15       -4.853983*       0.1002
GPMin:    9 20:50:23       -4.880392*       0.0735
GPMin:   10 20:50:30       -4.901588*       0.0646
GPMin:   11 20:50:36       -4.916132*       0.0412
GPMin:   12 20:50:43       -4.921489*       0.0431
GPMin:   13 20:50:50       -4.925890*       0.0409
GPMin:   14 20:50:56       -4.929221*       0.0366
GPMin:   15 20:51:03       -4.932111*       0.0184
       Step     Time          Energy         fmax
*Force-consistent energies used in optimization.
GPMin:    0 20:51:17       -4.472320*       0.7011
GPMin:    1 20:51:26       -4.650793*       0.2132
GPMin:    2 20:51:35       -4.726562*       0.1913
GPMin:    3 20:51:43       -4.787289*       0.2059
GPMin:    4 20:51:52       -4.855895*       0.1902
GPMin:    5 20:52:00       -4.906162*       0.1287
GPMin:    6 20:52:08       -4.925390*       0.0523
GPMin:    7 20:52:14       -4.929855*       0.0473
GPMin:    8 20:52:21       -4.932588*       0.0175
       Step     Time          Energy         fmax
*Force-consistent energies used in optimization.
GPMin:    0 20:52:34       -4.399944*       0.3651
GPMin:    1 20:52:43       -4.558563*       0.2274
GPMin:    2 20:52:51       -4.651106*       0.2159
GPMin:    3 20:53:00       -4.735931*       0.1671
GPMin:    4 20:53:08       -4.789530*       0.1062
GPMin:    5 20:53:16       -4.825023*       0.0886
GPMin:    6 20:53:24       -4.850438*       0.0737
GPMin:    7 20:53:31       -4.865632*       0.0634
GPMin:    8 20:53:39       -4.878611*       0.0396
GPMin:    9 20:53:46       -4.885173*       0.0297
GPMin:   10 20:53:52       -4.888220*       0.0209
GPMin:   11 20:53:58       -4.889345*       0.0127
       Step     Time          Energy         fmax
*Force-consistent energies used in optimization.
GPMin:    0 20:54:12       -4.479457*       0.2773
GPMin:    1 20:54:22       -4.614738*       0.1578
GPMin:    2 20:54:30       -4.669297*       0.1337
GPMin:    3 20:54:39       -4.720317*       0.1130
GPMin:    4 20:54:47       -4.764349*       0.1015
GPMin:    5 20:54:56       -4.803471*       0.0914
GPMin:    6 20:55:03       -4.838127*       0.0791
GPMin:    7 20:55:11       -4.865109*       0.0658
GPMin:    8 20:55:18       -4.887822*       0.0633
GPMin:    9 20:55:25       -4.905374*       0.0579
GPMin:   10 20:55:32       -4.921258*       0.0442
GPMin:   11 20:55:39       -4.929223*       0.0286
GPMin:   12 20:55:44       -4.932583*       0.0250
GPMin:   13 20:55:50       -4.933325*       0.0181
       Step     Time          Energy         fmax
*Force-consistent energies used in optimization.
GPMin:    0 20:56:05       -4.009986*       0.5612
GPMin:    1 20:56:15       -4.244746*       0.2551
GPMin:    2 20:56:25       -4.324757*       0.1592
GPMin:    3 20:56:33       -4.353985*       0.0969
GPMin:    4 20:56:41       -4.375731*       0.0990
GPMin:    5 20:56:49       -4.404247*       0.1262
GPMin:    6 20:56:58       -4.453806*       0.1605
GPMin:    7 20:57:06       -4.521753*       0.1728
GPMin:    8 20:57:14       -4.590583*       0.1473
GPMin:    9 20:57:23       -4.640882*       0.1190
GPMin:   10 20:57:30       -4.671276*       0.1191
GPMin:   11 20:57:39       -4.705157*       0.1205
GPMin:   12 20:57:47       -4.740618*       0.1152
GPMin:   13 20:57:56       -4.773904*       0.1015
GPMin:   14 20:58:03       -4.806304*       0.0857
GPMin:   15 20:58:10       -4.834556*       0.0752
GPMin:   16 20:58:17       -4.858106*       0.0668
GPMin:   17 20:58:24       -4.879398*       0.0599
GPMin:   18 20:58:31       -4.895290*       0.0598
GPMin:   19 20:58:38       -4.908111*       0.0538
GPMin:   20 20:58:44       -4.918841*       0.0345
GPMin:   21 20:58:51       -4.924735*       0.0374
GPMin:   22 20:58:57       -4.928817*       0.0303
GPMin:   23 20:59:04       -4.931982*       0.0208
GPMin:   24 20:59:10       -4.933011*       0.0196
       Step     Time          Energy         fmax
*Force-consistent energies used in optimization.
GPMin:    0 20:59:26       -4.104316*       0.3568
GPMin:    1 20:59:35       -4.311306*       0.2286
GPMin:    2 20:59:44       -4.431547*       0.1701
GPMin:    3 20:59:52       -4.503990*       0.1348
GPMin:    4 21:00:00       -4.535954*       0.1498
GPMin:    5 21:00:08       -4.591705*       0.1908
GPMin:    6 21:00:17       -4.653383*       0.2120
GPMin:    7 21:00:24       -4.713300*       0.1992
GPMin:    8 21:00:32       -4.762476*       0.1360
GPMin:    9 21:00:40       -4.792443*       0.1236
GPMin:   10 21:00:48       -4.826042*       0.1370
GPMin:   11 21:00:55       -4.858507*       0.0649
GPMin:   12 21:01:01       -4.874256*       0.0568
GPMin:   13 21:01:08       -4.881100*       0.0433
GPMin:   14 21:01:15       -4.884811*       0.0389
GPMin:   15 21:01:22       -4.887736*       0.0328
GPMin:   16 21:01:28       -4.889000*       0.0175
       Step     Time          Energy         fmax
*Force-consistent energies used in optimization.
GPMin:    0 21:01:42       -4.196605*       0.4546
GPMin:    1 21:01:51       -4.343931*       0.2870
GPMin:    2 21:01:59       -4.466080*       0.1801
GPMin:    3 21:02:08       -4.546662*       0.1293
GPMin:    4 21:02:15       -4.604927*       0.1265
GPMin:    5 21:02:23       -4.654339*       0.1310
GPMin:    6 21:02:31       -4.705584*       0.1170
GPMin:    7 21:02:40       -4.750898*       0.0892
GPMin:    8 21:02:47       -4.781572*       0.0635
GPMin:    9 21:02:54       -4.796415*       0.0514
GPMin:   10 21:03:01       -4.807861*       0.0571
GPMin:   11 21:03:07       -4.817036*       0.0610
GPMin:   12 21:03:14       -4.826330*       0.0541
GPMin:   13 21:03:22       -4.834482*       0.0529
GPMin:   14 21:03:29       -4.846247*       0.0666
GPMin:   15 21:03:37       -4.858872*       0.0535
GPMin:   16 21:03:45       -4.871713*       0.0513
GPMin:   17 21:03:52       -4.879162*       0.0417
GPMin:   18 21:03:59       -4.881815*       0.0335
GPMin:   19 21:04:06       -4.886438*       0.0221
GPMin:   20 21:04:13       -4.888765*       0.0197
       Step     Time          Energy         fmax
*Force-consistent energies used in optimization.
GPMin:    0 21:04:28       -4.513406*       0.2660
GPMin:    1 21:04:37       -4.634079*       0.1869
GPMin:    2 21:04:44       -4.704642*       0.1405
GPMin:    3 21:04:53       -4.763755*       0.1103
GPMin:    4 21:05:01       -4.805391*       0.0869
GPMin:    5 21:05:08       -4.835366*       0.0984
GPMin:    6 21:05:17       -4.873176*       0.0868
GPMin:    7 21:05:25       -4.902409*       0.0649
GPMin:    8 21:05:33       -4.922928*       0.0438
GPMin:    9 21:05:39       -4.929620*       0.0268
GPMin:   10 21:05:44       -4.930537*       0.0256
GPMin:   11 21:05:50       -4.932288*       0.0165
       Step     Time          Energy         fmax
*Force-consistent energies used in optimization.
GPMin:    0 21:06:03       -4.419839*       0.2606
GPMin:    1 21:06:12       -4.449928*       0.1489
GPMin:    2 21:06:20       -4.450314*       0.1157
GPMin:    3 21:06:28       -4.468563*       0.0615
GPMin:    4 21:06:35       -4.507099*       0.0993
GPMin:    5 21:06:43       -4.571564*       0.1189
GPMin:    6 21:06:50       -4.657035*       0.1472
GPMin:    7 21:06:57       -4.753409*       0.1664
GPMin:    8 21:07:04       -4.835149*       0.1500
GPMin:    9 21:07:12       -4.883858*       0.0882
GPMin:   10 21:07:20       -4.897796*       0.0698
GPMin:   11 21:07:26       -4.904038*       0.0730
GPMin:   12 21:07:33       -4.915572*       0.0486
GPMin:   13 21:07:40       -4.923622*       0.0376
GPMin:   14 21:07:46       -4.928074*       0.0367
GPMin:   15 21:07:51       -4.931465*       0.0248
GPMin:   16 21:07:57       -4.932855*       0.0152
       Step     Time          Energy         fmax
*Force-consistent energies used in optimization.
GPMin:    0 21:08:12       -4.390218*       0.7168
GPMin:    1 21:08:21       -4.580225*       0.2415
GPMin:    2 21:08:29       -4.648416*       0.1347
GPMin:    3 21:08:36       -4.696257*       0.1369
GPMin:    4 21:08:44       -4.732705*       0.0570
GPMin:    5 21:08:50       -4.744700*       0.0697
GPMin:    6 21:08:58       -4.758325*       0.0562
GPMin:    7 21:09:05       -4.768999*       0.0457
GPMin:    8 21:09:11       -4.776552*       0.0376
GPMin:    9 21:09:18       -4.782845*       0.0231
GPMin:   10 21:09:24       -4.785561*       0.0196
       Step     Time          Energy         fmax
*Force-consistent energies used in optimization.
GPMin:    0 21:09:39       -4.219163*       0.4813
GPMin:    1 21:09:48       -4.375760*       0.2537
GPMin:    2 21:09:56       -4.468113*       0.2366
GPMin:    3 21:10:05       -4.557140*       0.1928
GPMin:    4 21:10:13       -4.620359*       0.1499
GPMin:    5 21:10:21       -4.682114*       0.1440
GPMin:    6 21:10:28       -4.752721*       0.1461
GPMin:    7 21:10:36       -4.814282*       0.1339
GPMin:    8 21:10:42       -4.853929*       0.1064
GPMin:    9 21:10:49       -4.872640*       0.0873
GPMin:   10 21:10:57       -4.890692*       0.1035
GPMin:   11 21:11:04       -4.906371*       0.0663
GPMin:   12 21:11:11       -4.916523*       0.0427
GPMin:   13 21:11:17       -4.921705*       0.0330
GPMin:   14 21:11:23       -4.925504*       0.0320
GPMin:   15 21:11:29       -4.929081*       0.0263
GPMin:   16 21:11:35       -4.931145*       0.0186
       Step     Time          Energy         fmax
*Force-consistent energies used in optimization.
GPMin:    0 21:11:49       -4.447776*       0.0915
GPMin:    1 21:12:06       -4.456732*       0.0781
GPMin:    2 21:12:14       -4.474452*       0.0776
GPMin:    3 21:12:22       -4.507074*       0.1041
GPMin:    4 21:12:29       -4.567369*       0.1301
GPMin:    5 21:12:37       -4.648837*       0.1537
GPMin:    6 21:12:44       -4.742865*       0.1657
GPMin:    7 21:12:52       -4.823774*       0.1474
GPMin:    8 21:13:00       -4.869902*       0.0929
GPMin:    9 21:13:06       -4.883119*       0.0716
GPMin:   10 21:13:13       -4.894714*       0.0790
GPMin:   11 21:13:20       -4.910050*       0.0621
GPMin:   12 21:13:26       -4.919804*       0.0400
GPMin:   13 21:13:32       -4.926212*       0.0384
GPMin:   14 21:13:38       -4.931110*       0.0237
GPMin:   15 21:13:45       -4.933027*       0.0096
       Step     Time          Energy         fmax
*Force-consistent energies used in optimization.
GPMin:    0 21:14:00       -4.429828*       0.2236
GPMin:    1 21:14:08       -4.501431*       0.1273
GPMin:    2 21:14:17       -4.558657*       0.1254
GPMin:    3 21:14:24       -4.637703*       0.1384
GPMin:    4 21:14:32       -4.716047*       0.1458
GPMin:    5 21:14:40       -4.779970*       0.1191
GPMin:    6 21:14:48       -4.819989*       0.0867
GPMin:    7 21:14:56       -4.852893*       0.0864
GPMin:    8 21:15:03       -4.881495*       0.0787
GPMin:    9 21:15:10       -4.897093*       0.0594
GPMin:   10 21:15:17       -4.907476*       0.0701
GPMin:   11 21:15:24       -4.921023*       0.0477
GPMin:   12 21:15:31       -4.927541*       0.0288
GPMin:   13 21:15:38       -4.930850*       0.0223
GPMin:   14 21:15:43       -4.932073*       0.0242
GPMin:   15 21:15:49       -4.933083*       0.0107
       Step     Time          Energy         fmax
*Force-consistent energies used in optimization.
GPMin:    0 21:16:04       -4.326287*       0.2280
GPMin:    1 21:16:13       -4.450109*       0.1616
GPMin:    2 21:16:22       -4.492494*       0.0519
GPMin:    3 21:16:28       -4.501649*       0.0463
GPMin:    4 21:16:36       -4.535115*       0.0815
GPMin:    5 21:16:43       -4.583837*       0.1093
GPMin:    6 21:16:49       -4.650376*       0.1228
GPMin:    7 21:16:57       -4.719084*       0.1110
GPMin:    8 21:17:04       -4.769792*       0.0962
GPMin:    9 21:17:12       -4.796859*       0.0860
GPMin:   10 21:17:19       -4.819419*       0.0968
GPMin:   11 21:17:26       -4.849248*       0.0763
GPMin:   12 21:17:33       -4.873074*       0.0672
GPMin:   13 21:17:40       -4.891420*       0.0697
GPMin:   14 21:17:46       -4.907057*       0.0678
GPMin:   15 21:17:53       -4.918181*       0.0483
GPMin:   16 21:18:00       -4.924917*       0.0410
GPMin:   17 21:18:06       -4.929091*       0.0345
GPMin:   18 21:18:13       -4.932065*       0.0173
       Step     Time          Energy         fmax
*Force-consistent energies used in optimization.
GPMin:    0 21:18:27       -4.634998*       0.3914
GPMin:    1 21:18:37       -4.711319*       0.2638
GPMin:    2 21:18:44       -4.753748*       0.0896
GPMin:    3 21:18:53       -4.765074*       0.0892
GPMin:    4 21:19:01       -4.777767*       0.0472
GPMin:    5 21:19:09       -4.783327*       0.0617
GPMin:    6 21:19:16       -4.788082*       0.0334
GPMin:    7 21:19:23       -4.790202*       0.0175
       Step     Time          Energy         fmax
*Force-consistent energies used in optimization.
GPMin:    0 21:19:39       -4.014620*       0.5842
GPMin:    1 21:19:48       -4.199763*       0.1249
GPMin:    2 21:19:58       -4.253842*       0.1674
GPMin:    3 21:20:08       -4.328658*       0.1347
GPMin:    4 21:20:16       -4.380017*       0.0744
GPMin:    5 21:20:24       -4.406970*       0.0565
GPMin:    6 21:20:32       -4.424471*       0.0470
GPMin:    7 21:20:39       -4.436552*       0.0374
GPMin:    8 21:20:47       -4.444730*       0.0249
GPMin:    9 21:20:54       -4.449938*       0.0254
GPMin:   10 21:21:02       -4.454995*       0.0186
       Step     Time          Energy         fmax
*Force-consistent energies used in optimization.
GPMin:    0 21:21:14       -4.231167*       0.4491
GPMin:    1 21:21:22       -4.415381*       0.1038
GPMin:    2 21:21:30       -4.425121*       0.0928
GPMin:    3 21:21:37       -4.439134*       0.0323
GPMin:    4 21:21:43       -4.441883*       0.0303
GPMin:    5 21:21:51       -4.448499*       0.0251
GPMin:    6 21:21:58       -4.454674*       0.0187
       Step     Time          Energy         fmax
*Force-consistent energies used in optimization.
GPMin:    0 21:22:12       -4.265783*       0.2120
GPMin:    1 21:22:20       -4.369146*       0.2044
GPMin:    2 21:22:28       -4.453822*       0.1327
GPMin:    3 21:22:36       -4.478422*       0.0591
GPMin:    4 21:22:43       -4.489339*       0.0583
GPMin:    5 21:22:49       -4.533084*       0.0862
GPMin:    6 21:22:57       -4.602993*       0.1312
GPMin:    7 21:23:04       -4.683886*       0.1563
GPMin:    8 21:23:11       -4.762067*       0.1473
GPMin:    9 21:23:19       -4.817728*       0.1024
GPMin:   10 21:23:27       -4.843989*       0.0755
GPMin:   11 21:23:33       -4.859470*       0.0937
GPMin:   12 21:23:40       -4.881624*       0.0811
GPMin:   13 21:23:47       -4.896397*       0.0636
GPMin:   14 21:23:53       -4.908055*       0.0588
GPMin:   15 21:24:00       -4.918322*       0.0492
GPMin:   16 21:24:07       -4.926152*       0.0339
GPMin:   17 21:24:14       -4.929750*       0.0241
GPMin:   18 21:24:19       -4.931220*       0.0234
GPMin:   19 21:24:25       -4.932638*       0.0131
       Step     Time          Energy         fmax
*Force-consistent energies used in optimization.
GPMin:    0 21:24:40       -3.740796*       0.4420
GPMin:    1 21:24:47       -3.909058*       0.1525
GPMin:    2 21:24:55       -3.988753*       0.1415
GPMin:    3 21:25:03       -4.070198*       0.1469
GPMin:    4 21:25:12       -4.156721*       0.1360
GPMin:    5 21:25:19       -4.221392*       0.1121
GPMin:    6 21:25:27       -4.254469*       0.1367
GPMin:    7 21:25:35       -4.294230*       0.1567
GPMin:    8 21:25:43       -4.352226*       0.1419
GPMin:    9 21:25:52       -4.392857*       0.0748
GPMin:   10 21:25:59       -4.405572*       0.0659
GPMin:   11 21:26:06       -4.411291*       0.0573
GPMin:   12 21:26:14       -4.421447*       0.0465
GPMin:   13 21:26:21       -4.431598*       0.0401
GPMin:   14 21:26:28       -4.439503*       0.0314
GPMin:   15 21:26:35       -4.445261*       0.0342
GPMin:   16 21:26:41       -4.450728*       0.0299
GPMin:   17 21:26:48       -4.454824*       0.0177
       Step     Time          Energy         fmax
*Force-consistent energies used in optimization.
GPMin:    0 21:27:06       -4.050308*       0.5358
GPMin:    1 21:27:16       -4.189558*       0.0476
GPMin:    2 21:27:35       -4.193593*       0.0171
       Step     Time          Energy         fmax
*Force-consistent energies used in optimization.
GPMin:    0 21:27:50       -4.542534*       0.2619
GPMin:    1 21:27:59       -4.659445*       0.1881
GPMin:    2 21:28:06       -4.736283*       0.1555
GPMin:    3 21:28:14       -4.801832*       0.1260
GPMin:    4 21:28:21       -4.842476*       0.0846
GPMin:    5 21:28:29       -4.866609*       0.1046
GPMin:    6 21:28:37       -4.896636*       0.0840
GPMin:    7 21:28:45       -4.916991*       0.0464
GPMin:    8 21:28:52       -4.928703*       0.0305
GPMin:    9 21:28:58       -4.932487*       0.0173
       Step     Time          Energy         fmax
*Force-consistent energies used in optimization.
GPMin:    0 21:29:13       -4.373012*       0.1117
GPMin:    1 21:29:23       -4.390509*       0.1354
GPMin:    2 21:29:31       -4.417874*       0.0991
GPMin:    3 21:29:39       -4.434011*       0.0833
GPMin:    4 21:29:47       -4.449674*       0.0361
GPMin:    5 21:29:54       -4.453057*       0.0576
GPMin:    6 21:30:01       -4.459331*       0.0339
GPMin:    7 21:30:08       -4.462418*       0.0196
       Step     Time          Energy         fmax
*Force-consistent energies used in optimization.
GPMin:    0 21:30:23       -4.318100*       0.2694
GPMin:    1 21:30:32       -4.443371*       0.1597
GPMin:    2 21:30:40       -4.474734*       0.0810
GPMin:    3 21:30:47       -4.490047*       0.0621
GPMin:    4 21:30:54       -4.543618*       0.1020
GPMin:    5 21:31:01       -4.619184*       0.1404
GPMin:    6 21:31:09       -4.702216*       0.1574
GPMin:    7 21:31:17       -4.773066*       0.1379
GPMin:    8 21:31:25       -4.818485*       0.0820
GPMin:    9 21:31:32       -4.843597*       0.1074
GPMin:   10 21:31:40       -4.869682*       0.0855
GPMin:   11 21:31:46       -4.890005*       0.0629
GPMin:   12 21:31:53       -4.903090*       0.0692
GPMin:   13 21:32:00       -4.914297*       0.0631
GPMin:   14 21:32:06       -4.922909*       0.0542
GPMin:   15 21:32:13       -4.928056*       0.0307
GPMin:   16 21:32:20       -4.930373*       0.0283
GPMin:   17 21:32:27       -4.932078*       0.0193
       Step     Time          Energy         fmax
*Force-consistent energies used in optimization.
GPMin:    0 21:32:45       -4.465340*       0.0837
GPMin:    1 21:32:54       -4.491848*       0.2350
GPMin:    2 21:33:02       -4.570674*       0.1632
GPMin:    3 21:33:10       -4.649120*       0.1710
GPMin:    4 21:33:17       -4.719564*       0.1268
GPMin:    5 21:33:24       -4.759041*       0.0544
GPMin:    6 21:33:31       -4.768433*       0.0648
GPMin:    7 21:33:38       -4.784358*       0.0758
GPMin:    8 21:33:45       -4.807477*       0.0606
GPMin:    9 21:33:54       -4.840255*       0.0594
GPMin:   10 21:34:01       -4.873414*       0.0722
GPMin:   11 21:34:09       -4.896963*       0.0816
GPMin:   12 21:34:16       -4.910983*       0.0645
GPMin:   13 21:34:22       -4.920055*       0.0460
GPMin:   14 21:34:29       -4.925380*       0.0461
GPMin:   15 21:34:36       -4.929483*       0.0439
GPMin:   16 21:34:42       -4.932590*       0.0217
GPMin:   17 21:34:48       -4.933473*       0.0121
       Step     Time          Energy         fmax
*Force-consistent energies used in optimization.
GPMin:    0 21:35:07       -4.161868*       0.1089
GPMin:    1 21:35:17       -4.211019*       0.0929
GPMin:    2 21:35:28       -4.269880*       0.1086
GPMin:    3 21:35:37       -4.334205*       0.0832
GPMin:    4 21:35:45       -4.377376*       0.0629
GPMin:    5 21:35:52       -4.406698*       0.0533
GPMin:    6 21:36:00       -4.427396*       0.0407
GPMin:    7 21:36:08       -4.440583*       0.0289
GPMin:    8 21:36:15       -4.449705*       0.0230
GPMin:    9 21:36:22       -4.455649*       0.0199
       Step     Time          Energy         fmax
*Force-consistent energies used in optimization.
GPMin:    0 21:36:36       -4.459121*       0.1160
GPMin:    1 21:37:01       -4.468097*       0.0325
GPMin:    2 21:37:20       -4.468974*       0.0031
       Step     Time          Energy         fmax
*Force-consistent energies used in optimization.
GPMin:    0 21:37:35       -4.396905*       0.2283
GPMin:    1 21:37:44       -4.482927*       0.1070
GPMin:    2 21:37:52       -4.491676*       0.0751
GPMin:    3 21:37:59       -4.501039*       0.0319
GPMin:    4 21:38:06       -4.514616*       0.0462
GPMin:    5 21:38:14       -4.528768*       0.0562
GPMin:    6 21:38:21       -4.543978*       0.0519
GPMin:    7 21:38:28       -4.561671*       0.0557
GPMin:    8 21:38:36       -4.585501*       0.0712
GPMin:    9 21:38:44       -4.620911*       0.0819
GPMin:   10 21:38:53       -4.666719*       0.0846
GPMin:   11 21:39:01       -4.709255*       0.0960
GPMin:   12 21:39:09       -4.746918*       0.0961
GPMin:   13 21:39:16       -4.785522*       0.0868
GPMin:   14 21:39:22       -4.822069*       0.0739
GPMin:   15 21:39:29       -4.856622*       0.0654
GPMin:   16 21:39:36       -4.886560*       0.0605
GPMin:   17 21:39:42       -4.907920*       0.0496
GPMin:   18 21:39:49       -4.918689*       0.0590
GPMin:   19 21:39:56       -4.925519*       0.0511
GPMin:   20 21:40:03       -4.930065*       0.0429
GPMin:   21 21:40:09       -4.931894*       0.0233
GPMin:   22 21:40:16       -4.933097*       0.0158
       Step     Time          Energy         fmax
*Force-consistent energies used in optimization.
GPMin:    0 21:40:34       -4.031575*       0.2502
GPMin:    1 21:40:44       -4.179283*       0.2372
GPMin:    2 21:40:54       -4.280986*       0.2548
GPMin:    3 21:41:03       -4.392171*       0.2106
GPMin:    4 21:41:12       -4.454009*       0.0757
GPMin:    5 21:41:21       -4.463502*       0.0554
GPMin:    6 21:41:29       -4.479859*       0.0628
GPMin:    7 21:41:37       -4.503986*       0.0734
GPMin:    8 21:41:45       -4.547555*       0.1055
GPMin:    9 21:41:53       -4.604323*       0.1389
GPMin:   10 21:42:00       -4.672001*       0.1538
GPMin:   11 21:42:09       -4.737698*       0.1399
GPMin:   12 21:42:17       -4.788312*       0.0937
GPMin:   13 21:42:25       -4.820664*       0.0848
GPMin:   14 21:42:32       -4.841237*       0.0989
GPMin:   15 21:42:38       -4.864594*       0.0806
GPMin:   16 21:42:45       -4.885198*       0.0582
GPMin:   17 21:42:52       -4.896874*       0.0756
GPMin:   18 21:42:59       -4.905784*       0.0802
GPMin:   19 21:43:05       -4.916022*       0.0566
GPMin:   20 21:43:12       -4.923900*       0.0415
GPMin:   21 21:43:18       -4.928200*       0.0351
GPMin:   22 21:43:25       -4.930531*       0.0250
GPMin:   23 21:43:31       -4.931993*       0.0251
GPMin:   24 21:43:37       -4.932970*       0.0139
       Step     Time          Energy         fmax
*Force-consistent energies used in optimization.
GPMin:    0 21:43:52       -4.338028*       0.3581
GPMin:    1 21:44:02       -4.431898*       0.2036
GPMin:    2 21:44:10       -4.505022*       0.1542
GPMin:    3 21:44:19       -4.567894*       0.1483
GPMin:    4 21:44:27       -4.640877*       0.1393
GPMin:    5 21:44:35       -4.705785*       0.1200
GPMin:    6 21:44:44       -4.749347*       0.0742
GPMin:    7 21:44:51       -4.765612*       0.0592
GPMin:    8 21:44:58       -4.774235*       0.0555
GPMin:    9 21:45:05       -4.783729*       0.0357
GPMin:   10 21:45:11       -4.790904*       0.0286
GPMin:   11 21:45:18       -4.794783*       0.0219
GPMin:   12 21:45:25       -4.797223*       0.0234
GPMin:   13 21:45:32       -4.799412*       0.0155
       Step     Time          Energy         fmax
*Force-consistent energies used in optimization.
GPMin:    0 21:45:46       -4.584167*       0.7836
GPMin:    1 21:45:55       -4.767023*       0.2426
GPMin:    2 21:46:03       -4.799918*       0.0606
GPMin:    3 21:46:11       -4.802277*       0.0655
GPMin:    4 21:46:19       -4.804713*       0.0455
GPMin:    5 21:46:25       -4.807049*       0.0175
       Step     Time          Energy         fmax
*Force-consistent energies used in optimization.
GPMin:    0 21:46:40       -4.430819*       0.2142
GPMin:    1 21:46:48       -4.469119*       0.1295
GPMin:    2 21:46:56       -4.485754*       0.1020
GPMin:    3 21:47:05       -4.521693*       0.1143
GPMin:    4 21:47:13       -4.580488*       0.1199
GPMin:    5 21:47:21       -4.654460*       0.1473
GPMin:    6 21:47:28       -4.739347*       0.1585
GPMin:    7 21:47:36       -4.815401*       0.1367
GPMin:    8 21:47:43       -4.861017*       0.0763
GPMin:    9 21:47:51       -4.876043*       0.0688
GPMin:   10 21:47:58       -4.888484*       0.0763
GPMin:   11 21:48:04       -4.905559*       0.0527
GPMin:   12 21:48:11       -4.916686*       0.0517
GPMin:   13 21:48:18       -4.924871*       0.0504
GPMin:   14 21:48:24       -4.930141*       0.0301
GPMin:   15 21:48:31       -4.932420*       0.0185
       Step     Time          Energy         fmax
*Force-consistent energies used in optimization.
GPMin:    0 21:48:45       -4.647996*       0.2931
GPMin:    1 21:48:54       -4.731571*       0.1484
GPMin:    2 21:49:03       -4.778970*       0.1151
GPMin:    3 21:49:11       -4.803136*       0.0644
GPMin:    4 21:49:18       -4.808332*       0.0563
GPMin:    5 21:49:25       -4.811157*       0.0582
GPMin:    6 21:49:33       -4.818323*       0.0734
GPMin:    7 21:49:41       -4.831173*       0.0533
GPMin:    8 21:49:49       -4.845490*       0.0580
GPMin:    9 21:49:58       -4.865135*       0.0464
GPMin:   10 21:50:06       -4.877475*       0.0447
GPMin:   11 21:50:13       -4.882102*       0.0388
GPMin:   12 21:50:20       -4.888014*       0.0206
GPMin:   13 21:50:26       -4.889630*       0.0111
       Step     Time          Energy         fmax
*Force-consistent energies used in optimization.
GPMin:    0 21:50:41       -4.119879*       0.3522
GPMin:    1 21:50:50       -4.312085*       0.2904
GPMin:    2 21:50:59       -4.443513*       0.2169
GPMin:    3 21:51:08       -4.550964*       0.1700
GPMin:    4 21:51:16       -4.637583*       0.1346
GPMin:    5 21:51:25       -4.704194*       0.1227
GPMin:    6 21:51:32       -4.754736*       0.1094
GPMin:    7 21:51:39       -4.787540*       0.0818
GPMin:    8 21:51:45       -4.804490*       0.0667
GPMin:    9 21:51:52       -4.817502*       0.1157
GPMin:   10 21:52:01       -4.841171*       0.1069
GPMin:   11 21:52:09       -4.867233*       0.0818
GPMin:   12 21:52:18       -4.892349*       0.0877
GPMin:   13 21:52:24       -4.915914*       0.0744
GPMin:   14 21:52:31       -4.929185*       0.0558
GPMin:   15 21:52:38       -4.932052*       0.0287
GPMin:   16 21:52:45       -4.932782*       0.0185
       Step     Time          Energy         fmax
*Force-consistent energies used in optimization.
GPMin:    0 21:52:59       -4.333101*       0.8585
GPMin:    1 21:53:08       -4.643235*       0.2437
GPMin:    2 21:53:17       -4.696877*       0.1601
GPMin:    3 21:53:26       -4.739340*       0.1204
GPMin:    4 21:53:34       -4.765398*       0.0469
GPMin:    5 21:53:41       -4.769216*       0.0429
GPMin:    6 21:53:48       -4.775612*       0.0386
GPMin:    7 21:53:55       -4.782212*       0.0331
GPMin:    8 21:54:02       -4.787240*       0.0226
GPMin:    9 21:54:08       -4.789983*       0.0274
GPMin:   10 21:54:15       -4.792440*       0.0215
GPMin:   11 21:54:21       -4.794112*       0.0111
       Step     Time          Energy         fmax
*Force-consistent energies used in optimization.
GPMin:    0 21:54:35       -4.580382*       0.3069
GPMin:    1 21:54:44       -4.713157*       0.2083
GPMin:    2 21:54:53       -4.777889*       0.1185
GPMin:    3 21:55:01       -4.797027*       0.0654
GPMin:    4 21:55:08       -4.800051*       0.0272
GPMin:    5 21:55:15       -4.801342*       0.0140
       Step     Time          Energy         fmax
*Force-consistent energies used in optimization.
GPMin:    0 21:55:30       -3.973169*       0.2876
GPMin:    1 21:55:40       -4.140108*       0.2067
GPMin:    2 21:55:48       -4.219471*       0.2401
GPMin:    3 21:55:57       -4.326416*       0.2587
GPMin:    4 21:56:05       -4.429590*       0.2314
GPMin:    5 21:56:14       -4.497650*       0.1364
GPMin:    6 21:56:21       -4.525260*       0.1110
GPMin:    7 21:56:29       -4.577131*       0.1546
GPMin:    8 21:56:37       -4.640041*       0.1397
GPMin:    9 21:56:44       -4.710369*       0.1561
GPMin:   10 21:56:51       -4.776208*       0.1566
GPMin:   11 21:57:00       -4.825243*       0.1260
GPMin:   12 21:57:08       -4.852445*       0.0807
GPMin:   13 21:57:16       -4.869839*       0.1084
GPMin:   14 21:57:22       -4.887320*       0.0846
GPMin:   15 21:57:29       -4.901034*       0.0574
GPMin:   16 21:57:36       -4.908836*       0.0490
GPMin:   17 21:57:43       -4.914496*       0.0624
GPMin:   18 21:57:50       -4.921375*       0.0566
GPMin:   19 21:57:57       -4.927408*       0.0385
GPMin:   20 21:58:03       -4.930155*       0.0236
GPMin:   21 21:58:09       -4.931351*       0.0199
       Step     Time          Energy         fmax
*Force-consistent energies used in optimization.
GPMin:    0 21:58:25       -4.448155*       0.1332
GPMin:    1 21:58:33       -4.472478*       0.1279
GPMin:    2 21:58:42       -4.488988*       0.1316
GPMin:    3 21:58:51       -4.542661*       0.1189
GPMin:    4 21:58:58       -4.601353*       0.1367
GPMin:    5 21:59:06       -4.674267*       0.1517
GPMin:    6 21:59:15       -4.749309*       0.1444
GPMin:    7 21:59:24       -4.806303*       0.0969
GPMin:    8 21:59:31       -4.837879*       0.0775
GPMin:    9 21:59:39       -4.859121*       0.0781
GPMin:   10 21:59:46       -4.883564*       0.0604
GPMin:   11 21:59:53       -4.900036*       0.0560
GPMin:   12 22:00:00       -4.913909*       0.0551
GPMin:   13 22:00:06       -4.924061*       0.0399
GPMin:   14 22:00:13       -4.928933*       0.0243
GPMin:   15 22:00:19       -4.930930*       0.0284
GPMin:   16 22:00:26       -4.932601*       0.0121
       Step     Time          Energy         fmax
*Force-consistent energies used in optimization.
GPMin:    0 22:00:41       -4.468744*       0.7832
GPMin:    1 22:00:51       -4.717204*       0.2326
GPMin:    2 22:01:00       -4.767115*       0.1318
GPMin:    3 22:01:07       -4.787820*       0.0806
GPMin:    4 22:01:14       -4.796967*       0.0397
GPMin:    5 22:01:21       -4.798922*       0.0259
GPMin:    6 22:01:28       -4.802020*       0.0297
GPMin:    7 22:01:35       -4.804493*       0.0218
GPMin:    8 22:01:41       -4.805892*       0.0171
       Step     Time          Energy         fmax
*Force-consistent energies used in optimization.
GPMin:    0 22:01:57       -4.227462*       0.3292
GPMin:    1 22:02:06       -4.347803*       0.2288
GPMin:    2 22:02:13       -4.454181*       0.2653
GPMin:    3 22:02:22       -4.577517*       0.2624
GPMin:    4 22:02:30       -4.685074*       0.2137
GPMin:    5 22:02:39       -4.760224*       0.1491
GPMin:    6 22:02:47       -4.804653*       0.1211
GPMin:    7 22:02:55       -4.831068*       0.0821
GPMin:    8 22:03:03       -4.845286*       0.0995
GPMin:    9 22:03:11       -4.869529*       0.1120
GPMin:   10 22:03:19       -4.892023*       0.0881
GPMin:   11 22:03:26       -4.913092*       0.0607
GPMin:   12 22:03:34       -4.926266*       0.0443
GPMin:   13 22:03:41       -4.931748*       0.0320
GPMin:   14 22:03:48       -4.933310*       0.0158
       Step     Time          Energy         fmax
*Force-consistent energies used in optimization.
GPMin:    0 22:04:05       -4.033797*       0.5510
GPMin:    1 22:04:16       -4.234378*       0.2809
GPMin:    2 22:04:24       -4.339532*       0.2278
GPMin:    3 22:04:33       -4.424673*       0.1299
GPMin:    4 22:04:41       -4.458498*       0.1189
GPMin:    5 22:04:49       -4.493980*       0.1120
GPMin:    6 22:04:57       -4.530952*       0.0926
GPMin:    7 22:05:05       -4.573091*       0.1016
GPMin:    8 22:05:13       -4.623353*       0.1165
GPMin:    9 22:05:20       -4.676852*       0.0983
GPMin:   10 22:05:29       -4.722306*       0.0973
GPMin:   11 22:05:38       -4.753827*       0.0755
GPMin:   12 22:05:45       -4.770536*       0.0669
GPMin:   13 22:05:52       -4.778911*       0.0575
GPMin:   14 22:05:59       -4.786796*       0.0441
GPMin:   15 22:06:06       -4.792997*       0.0455
GPMin:   16 22:06:13       -4.798094*       0.0326
GPMin:   17 22:06:20       -4.801008*       0.0199
       Step     Time          Energy         fmax
*Force-consistent energies used in optimization.
GPMin:    0 22:06:37       -4.325586*       0.4496
GPMin:    1 22:06:46       -4.461188*       0.2786
GPMin:    2 22:06:55       -4.579160*       0.2926
GPMin:    3 22:07:03       -4.691194*       0.2631
GPMin:    4 22:07:12       -4.772253*       0.1891
GPMin:    5 22:07:20       -4.815108*       0.1356
GPMin:    6 22:07:29       -4.841741*       0.1030
GPMin:    7 22:07:37       -4.866364*       0.0958
GPMin:    8 22:07:44       -4.889725*       0.0739
GPMin:    9 22:07:50       -4.906364*       0.0662
GPMin:   10 22:07:57       -4.915955*       0.0515
GPMin:   11 22:08:04       -4.922139*       0.0421
GPMin:   12 22:08:11       -4.926522*       0.0334
GPMin:   13 22:08:18       -4.930166*       0.0250
GPMin:   14 22:08:24       -4.932416*       0.0192
       Step     Time          Energy         fmax
*Force-consistent energies used in optimization.
GPMin:    0 22:08:40       -4.454920*       0.1461
GPMin:    1 22:08:49       -4.495311*       0.1312
GPMin:    2 22:08:57       -4.533792*       0.1250
GPMin:    3 22:09:06       -4.599517*       0.1508
GPMin:    4 22:09:14       -4.662511*       0.1526
GPMin:    5 22:09:21       -4.715210*       0.1199
GPMin:    6 22:09:29       -4.738537*       0.0529
GPMin:    7 22:09:35       -4.747621*       0.0573
GPMin:    8 22:09:43       -4.763688*       0.0547
GPMin:    9 22:09:50       -4.782845*       0.0648
GPMin:   10 22:09:58       -4.799152*       0.0379
GPMin:   11 22:10:05       -4.807334*       0.0456
GPMin:   12 22:10:12       -4.817060*       0.0477
GPMin:   13 22:10:20       -4.829456*       0.0539
GPMin:   14 22:10:28       -4.848053*       0.0596
GPMin:   15 22:10:37       -4.866055*       0.0493
GPMin:   16 22:10:45       -4.878317*       0.0570
GPMin:   17 22:10:52       -4.882264*       0.0443
GPMin:   18 22:10:58       -4.885285*       0.0283
GPMin:   19 22:11:04       -4.888296*       0.0209
GPMin:   20 22:11:10       -4.889542*       0.0122
       Step     Time          Energy         fmax
*Force-consistent energies used in optimization.
GPMin:    0 22:11:22       -4.430819*       0.2142
GPMin:    1 22:11:30       -4.469114*       0.1295
GPMin:    2 22:11:38       -4.485744*       0.1020
GPMin:    3 22:11:47       -4.521672*       0.1143
GPMin:    4 22:11:55       -4.580454*       0.1199
GPMin:    5 22:12:03       -4.654417*       0.1473
GPMin:    6 22:12:10       -4.739298*       0.1585
GPMin:    7 22:12:18       -4.815357*       0.1367
GPMin:    8 22:12:25       -4.860990*       0.0763
GPMin:    9 22:12:33       -4.876026*       0.0688
GPMin:   10 22:12:39       -4.888465*       0.0763
GPMin:   11 22:12:46       -4.905544*       0.0527
GPMin:   12 22:12:53       -4.916675*       0.0517
GPMin:   13 22:12:59       -4.924863*       0.0504
GPMin:   14 22:13:06       -4.930136*       0.0301
GPMin:   15 22:13:13       -4.932420*       0.0185
       Step     Time          Energy         fmax
*Force-consistent energies used in optimization.
GPMin:    0 22:13:29       -4.031303*       0.4446
GPMin:    1 22:13:39       -4.194325*       0.2333
GPMin:    2 22:13:48       -4.304613*       0.1987
GPMin:    3 22:13:58       -4.383563*       0.1397
GPMin:    4 22:14:06       -4.433446*       0.1176
GPMin:    5 22:14:14       -4.464457*       0.1213
GPMin:    6 22:14:21       -4.501990*       0.1220
GPMin:    7 22:14:29       -4.534867*       0.0898
GPMin:    8 22:14:36       -4.551997*       0.0547
GPMin:    9 22:14:44       -4.558643*       0.0566
GPMin:   10 22:14:51       -4.579267*       0.0992
GPMin:   11 22:15:00       -4.620416*       0.1671
GPMin:   12 22:15:08       -4.681226*       0.1980
GPMin:   13 22:15:16       -4.743757*       0.1680
GPMin:   14 22:15:24       -4.788578*       0.1129
GPMin:   15 22:15:32       -4.819083*       0.1150
GPMin:   16 22:15:39       -4.842677*       0.0940
GPMin:   17 22:15:47       -4.857074*       0.0665
GPMin:   18 22:15:53       -4.865412*       0.0553
GPMin:   19 22:16:00       -4.874260*       0.0470
GPMin:   20 22:16:07       -4.882818*       0.0312
GPMin:   21 22:16:13       -4.887289*       0.0303
GPMin:   22 22:16:19       -4.889050*       0.0175
       Step     Time          Energy         fmax
*Force-consistent energies used in optimization.
GPMin:    0 22:16:32       -4.577062*       0.3577
GPMin:    1 22:16:41       -4.702190*       0.1811
GPMin:    2 22:16:49       -4.756712*       0.1009
GPMin:    3 22:16:57       -4.772877*       0.0545
GPMin:    4 22:17:03       -4.780623*       0.0455
GPMin:    5 22:17:11       -4.790212*       0.0476
GPMin:    6 22:17:18       -4.796148*       0.0228
GPMin:    7 22:17:24       -4.798645*       0.0138
       Step     Time          Energy         fmax
*Force-consistent energies used in optimization.
GPMin:    0 22:17:37       -4.385965*       0.1986
GPMin:    1 22:17:46       -4.463291*       0.0521
GPMin:    2 22:18:01       -4.471037*       0.0736
GPMin:    3 22:18:08       -4.511201*       0.0832
GPMin:    4 22:18:16       -4.571900*       0.1258
GPMin:    5 22:18:23       -4.656134*       0.1554
GPMin:    6 22:18:31       -4.750932*       0.1651
GPMin:    7 22:18:38       -4.834235*       0.1413
GPMin:    8 22:18:46       -4.881214*       0.0839
GPMin:    9 22:18:53       -4.895428*       0.0631
GPMin:   10 22:19:00       -4.906637*       0.0717
GPMin:   11 22:19:06       -4.917555*       0.0496
GPMin:   12 22:19:13       -4.922474*       0.0393
GPMin:   13 22:19:19       -4.927049*       0.0381
GPMin:   14 22:19:25       -4.930926*       0.0225
GPMin:   15 22:19:31       -4.932663*       0.0109
       Step     Time          Energy         fmax
*Force-consistent energies used in optimization.
GPMin:    0 22:19:50       -4.575753*       0.3025
GPMin:    1 22:20:00       -4.659398*       0.2045
GPMin:    2 22:20:08       -4.724810*       0.1305
GPMin:    3 22:20:17       -4.754418*       0.0846
GPMin:    4 22:20:25       -4.767920*       0.0609
GPMin:    5 22:20:32       -4.780736*       0.0578
GPMin:    6 22:20:39       -4.790026*       0.0300
GPMin:    7 22:20:46       -4.795731*       0.0180
       Step     Time          Energy         fmax
*Force-consistent energies used in optimization.
GPMin:    0 22:21:05       -4.134845*       0.5957
GPMin:    1 22:21:15       -4.335873*       0.1914
GPMin:    2 22:21:24       -4.400694*       0.1950
GPMin:    3 22:21:32       -4.468891*       0.2030
GPMin:    4 22:21:41       -4.545646*       0.2123
GPMin:    5 22:21:49       -4.620754*       0.1794
GPMin:    6 22:21:58       -4.666778*       0.1022
GPMin:    7 22:22:06       -4.686283*       0.1008
GPMin:    8 22:22:13       -4.713812*       0.1033
GPMin:    9 22:22:20       -4.745092*       0.0926
GPMin:   10 22:22:28       -4.774708*       0.0762
GPMin:   11 22:22:37       -4.802517*       0.0807
GPMin:   12 22:22:44       -4.833429*       0.0809
GPMin:   13 22:22:51       -4.859248*       0.0739
GPMin:   14 22:22:59       -4.878347*       0.0759
GPMin:   15 22:23:06       -4.898746*       0.0660
GPMin:   16 22:23:12       -4.909253*       0.0643
GPMin:   17 22:23:19       -4.914832*       0.0673
GPMin:   18 22:23:26       -4.922951*       0.0589
GPMin:   19 22:23:33       -4.927623*       0.0345
GPMin:   20 22:23:40       -4.930887*       0.0265
GPMin:   21 22:23:46       -4.932482*       0.0255
GPMin:   22 22:23:53       -4.933329*       0.0127
       Step     Time          Energy         fmax
*Force-consistent energies used in optimization.
GPMin:    0 22:24:09       -4.338028*       0.3583
GPMin:    1 22:24:19       -4.431841*       0.2036
GPMin:    2 22:24:28       -4.504988*       0.1542
GPMin:    3 22:24:37       -4.567859*       0.1483
GPMin:    4 22:24:44       -4.640838*       0.1393
GPMin:    5 22:24:53       -4.705745*       0.1200
GPMin:    6 22:25:01       -4.749319*       0.0743
GPMin:    7 22:25:09       -4.765603*       0.0591
GPMin:    8 22:25:16       -4.774222*       0.0556
GPMin:    9 22:25:23       -4.783722*       0.0357
GPMin:   10 22:25:30       -4.790898*       0.0286
GPMin:   11 22:25:36       -4.794782*       0.0218
GPMin:   12 22:25:43       -4.797224*       0.0234
GPMin:   13 22:25:50       -4.799414*       0.0155
       Step     Time          Energy         fmax
*Force-consistent energies used in optimization.
GPMin:    0 22:26:07       -3.974877*       0.6385
GPMin:    1 22:26:16       -4.142552*       0.1863
GPMin:    2 22:26:25       -4.202954*       0.1797
GPMin:    3 22:26:34       -4.266785*       0.1680
GPMin:    4 22:26:43       -4.329512*       0.1588
GPMin:    5 22:26:53       -4.386732*       0.1413
GPMin:    6 22:27:02       -4.426839*       0.1129
GPMin:    7 22:27:11       -4.462523*       0.0933
GPMin:    8 22:27:20       -4.498189*       0.0829
GPMin:    9 22:27:27       -4.524914*       0.0766
GPMin:   10 22:27:35       -4.538226*       0.0699
GPMin:   11 22:27:43       -4.547551*       0.0573
GPMin:   12 22:27:51       -4.556814*       0.0461
GPMin:   13 22:27:58       -4.564342*       0.0394
GPMin:   14 22:28:06       -4.573045*       0.0467
GPMin:   15 22:28:14       -4.587792*       0.0460
GPMin:   16 22:28:22       -4.607966*       0.0532
GPMin:   17 22:28:29       -4.629202*       0.0581
GPMin:   18 22:28:37       -4.651762*       0.0583
GPMin:   19 22:28:45       -4.672049*       0.0632
GPMin:   20 22:28:53       -4.692998*       0.0674
GPMin:   21 22:29:00       -4.721043*       0.0712
GPMin:   22 22:29:07       -4.754520*       0.0773
GPMin:   23 22:29:15       -4.789958*       0.0718
GPMin:   24 22:29:23       -4.825461*       0.0734
GPMin:   25 22:29:30       -4.857365*       0.0783
GPMin:   26 22:29:38       -4.881775*       0.0796
GPMin:   27 22:29:45       -4.896062*       0.0800
GPMin:   28 22:29:52       -4.904925*       0.0681
GPMin:   29 22:29:59       -4.915347*       0.0489
GPMin:   30 22:30:05       -4.922568*       0.0459
GPMin:   31 22:30:12       -4.925889*       0.0541
GPMin:   32 22:30:19       -4.929521*       0.0465
GPMin:   33 22:30:26       -4.932413*       0.0243
GPMin:   34 22:30:33       -4.933140*       0.0129
       Step     Time          Energy         fmax
*Force-consistent energies used in optimization.
GPMin:    0 22:30:48       -4.321726*       0.6535
GPMin:    1 22:30:57       -4.540313*       0.2989
GPMin:    2 22:31:07       -4.649824*       0.2334
GPMin:    3 22:31:15       -4.739629*       0.1451
GPMin:    4 22:31:24       -4.771822*       0.0498
GPMin:    5 22:31:31       -4.775820*       0.0383
GPMin:    6 22:31:37       -4.780469*       0.0305
GPMin:    7 22:31:43       -4.783570*       0.0292
GPMin:    8 22:31:50       -4.787036*       0.0190
       Step     Time          Energy         fmax
*Force-consistent energies used in optimization.
GPMin:    0 22:32:08       -4.089858*       0.3768
GPMin:    1 22:32:19       -4.303651*       0.2602
GPMin:    2 22:32:29       -4.399288*       0.1565
GPMin:    3 22:32:37       -4.443228*       0.1407
GPMin:    4 22:32:45       -4.497572*       0.1344
GPMin:    5 22:32:54       -4.565910*       0.1734
GPMin:    6 22:33:01       -4.641170*       0.1772
GPMin:    7 22:33:09       -4.702541*       0.1258
GPMin:    8 22:33:17       -4.730600*       0.0511
GPMin:    9 22:33:24       -4.737336*       0.0580
GPMin:   10 22:33:31       -4.742896*       0.0515
GPMin:   11 22:33:37       -4.747301*       0.0402
GPMin:   12 22:33:44       -4.752514*       0.0343
GPMin:   13 22:33:51       -4.759543*       0.0273
GPMin:   14 22:33:58       -4.764930*       0.0261
GPMin:   15 22:34:05       -4.770096*       0.0320
GPMin:   16 22:34:12       -4.775729*       0.0344
GPMin:   17 22:34:18       -4.781527*       0.0470
GPMin:   18 22:34:25       -4.786666*       0.0419
GPMin:   19 22:34:32       -4.791805*       0.0353
GPMin:   20 22:34:39       -4.795463*       0.0248
GPMin:   21 22:34:46       -4.797806*       0.0277
GPMin:   22 22:34:53       -4.800177*       0.0241
GPMin:   23 22:34:59       -4.801425*       0.0262
GPMin:   24 22:35:06       -4.803497*       0.0231
GPMin:   25 22:35:13       -4.804727*       0.0158
       Step     Time          Energy         fmax
*Force-consistent energies used in optimization.
GPMin:    0 22:35:33       -4.118932*       0.4996
GPMin:    1 22:35:42       -4.296021*       0.1501
GPMin:    2 22:35:51       -4.358856*       0.1297
GPMin:    3 22:35:59       -4.405525*       0.0949
GPMin:    4 22:36:08       -4.428353*       0.0571
GPMin:    5 22:36:16       -4.434602*       0.0437
GPMin:    6 22:36:23       -4.442824*       0.0341
GPMin:    7 22:36:30       -4.450022*       0.0250
GPMin:    8 22:36:38       -4.454526*       0.0223
GPMin:    9 22:36:46       -4.458495*       0.0155
       Step     Time          Energy         fmax
*Force-consistent energies used in optimization.
GPMin:    0 22:37:02       -4.566531*       0.3966
GPMin:    1 22:37:11       -4.692921*       0.1136
GPMin:    2 22:37:21       -4.733266*       0.0980
GPMin:    3 22:37:30       -4.772956*       0.0909
GPMin:    4 22:37:39       -4.794630*       0.0541
GPMin:    5 22:37:46       -4.805083*       0.0496
GPMin:    6 22:37:56       -4.815061*       0.0479
GPMin:    7 22:38:04       -4.823445*       0.0418
GPMin:    8 22:38:12       -4.833418*       0.0413
GPMin:    9 22:38:21       -4.847322*       0.0496
GPMin:   10 22:38:30       -4.863743*       0.0501
GPMin:   11 22:38:38       -4.874753*       0.0446
GPMin:   12 22:38:45       -4.881167*       0.0355
GPMin:   13 22:38:53       -4.885964*       0.0275
GPMin:   14 22:39:00       -4.889460*       0.0127
       Step     Time          Energy         fmax
*Force-consistent energies used in optimization.
GPMin:    0 22:39:23       -3.828532*       0.3467
GPMin:    1 22:39:34       -4.011486*       0.3091
GPMin:    2 22:39:44       -4.142949*       0.1973
GPMin:    3 22:39:54       -4.193121*       0.1405
GPMin:    4 22:40:02       -4.229478*       0.1524
GPMin:    5 22:40:11       -4.282954*       0.1720
GPMin:    6 22:40:20       -4.353143*       0.1909
GPMin:    7 22:40:29       -4.435172*       0.1893
GPMin:    8 22:40:38       -4.508930*       0.1510
GPMin:    9 22:40:47       -4.543145*       0.0681
GPMin:   10 22:40:55       -4.547202*       0.0435
GPMin:   11 22:41:02       -4.550100*       0.0330
GPMin:   12 22:41:09       -4.552955*       0.0405
GPMin:   13 22:41:17       -4.556898*       0.0233
GPMin:   14 22:41:23       -4.559103*       0.0203
GPMin:   15 22:41:30       -4.561394*       0.0209
GPMin:   16 22:41:37       -4.564268*       0.0287
GPMin:   17 22:41:45       -4.570112*       0.0366
GPMin:   18 22:41:54       -4.582323*       0.0481
GPMin:   19 22:42:02       -4.601942*       0.0615
GPMin:   20 22:42:10       -4.627606*       0.0675
GPMin:   21 22:42:18       -4.655643*       0.0708
GPMin:   22 22:42:26       -4.684178*       0.0747
GPMin:   23 22:42:34       -4.716677*       0.0857
GPMin:   24 22:42:42       -4.751362*       0.0796
GPMin:   25 22:42:50       -4.787228*       0.0773
GPMin:   26 22:42:57       -4.819857*       0.0767
GPMin:   27 22:43:04       -4.845705*       0.0657
GPMin:   28 22:43:11       -4.868875*       0.0794
GPMin:   29 22:43:19       -4.889378*       0.0778
GPMin:   30 22:43:26       -4.905843*       0.0587
GPMin:   31 22:43:33       -4.915407*       0.0446
GPMin:   32 22:43:40       -4.921571*       0.0489
GPMin:   33 22:43:48       -4.926692*       0.0460
GPMin:   34 22:43:55       -4.930614*       0.0241
GPMin:   35 22:44:02       -4.931666*       0.0145
       Step     Time          Energy         fmax
*Force-consistent energies used in optimization.
GPMin:    0 22:44:26       -3.915342*       0.5722
GPMin:    1 22:44:36       -4.106425*       0.1878
GPMin:    2 22:44:47       -4.187491*       0.1688
GPMin:    3 22:44:56       -4.273386*       0.1309
GPMin:    4 22:45:05       -4.339354*       0.0897
GPMin:    5 22:45:14       -4.375403*       0.0867
GPMin:    6 22:45:22       -4.404933*       0.0601
GPMin:    7 22:45:30       -4.424264*       0.0368
GPMin:    8 22:45:38       -4.434971*       0.0399
GPMin:    9 22:45:46       -4.443708*       0.0379
GPMin:   10 22:45:55       -4.450771*       0.0252
GPMin:   11 22:46:03       -4.455027*       0.0267
GPMin:   12 22:46:11       -4.458334*       0.0242
GPMin:   13 22:46:18       -4.461232*       0.0217
GPMin:   14 22:46:25       -4.463418*       0.0238
GPMin:   15 22:46:32       -4.466375*       0.0306
GPMin:   16 22:46:39       -4.474708*       0.0440
GPMin:   17 22:46:47       -4.495813*       0.0596
GPMin:   18 22:46:55       -4.538562*       0.0937
GPMin:   19 22:47:03       -4.603335*       0.1355
GPMin:   20 22:47:10       -4.685737*       0.1691
GPMin:   21 22:47:18       -4.772146*       0.1768
GPMin:   22 22:47:26       -4.841251*       0.1443
GPMin:   23 22:47:34       -4.875994*       0.0898
GPMin:   24 22:47:41       -4.886202*       0.0667
GPMin:   25 22:47:48       -4.892085*       0.0726
GPMin:   26 22:47:55       -4.905352*       0.0684
GPMin:   27 22:48:02       -4.915360*       0.0520
GPMin:   28 22:48:09       -4.921271*       0.0382
GPMin:   29 22:48:16       -4.925758*       0.0398
GPMin:   30 22:48:22       -4.930689*       0.0266
GPMin:   31 22:48:29       -4.932854*       0.0108
