       Step     Time          Energy         fmax
*Force-consistent energies used in optimization.
GPMin:    0 20:05:34       -6.675179*       0.6546
GPMin:    1 20:05:46       -6.906841*       0.2279
GPMin:    2 20:05:58       -6.996313*       0.1982
GPMin:    3 20:06:10       -7.067281*       0.1601
GPMin:    4 20:06:20       -7.111937*       0.1024
GPMin:    5 20:06:29       -7.133061*       0.0594
GPMin:    6 20:06:38       -7.139725*       0.0398
GPMin:    7 20:06:48       -7.142159*       0.0176
       Step     Time          Energy         fmax
*Force-consistent energies used in optimization.
GPMin:    0 20:07:09       -6.307303*       0.7848
GPMin:    1 20:07:24       -6.572741*       0.2954
GPMin:    2 20:07:38       -6.711696*       0.3017
GPMin:    3 20:07:52       -6.860080*       0.2939
GPMin:    4 20:08:03       -6.990529*       0.2480
GPMin:    5 20:08:15       -7.090300*       0.1752
GPMin:    6 20:08:25       -7.149539*       0.1427
GPMin:    7 20:08:35       -7.187123*       0.1164
GPMin:    8 20:08:46       -7.216406*       0.0801
GPMin:    9 20:08:55       -7.232462*       0.0559
GPMin:   10 20:09:04       -7.240257*       0.0530
GPMin:   11 20:09:14       -7.245447*       0.0388
GPMin:   12 20:09:23       -7.248969*       0.0385
GPMin:   13 20:09:32       -7.255321*       0.0369
GPMin:   14 20:09:41       -7.262503*       0.0379
GPMin:   15 20:09:51       -7.268949*       0.0322
GPMin:   16 20:10:00       -7.274402*       0.0256
GPMin:   17 20:10:09       -7.277765*       0.0225
GPMin:   18 20:10:18       -7.279376*       0.0224
GPMin:   19 20:10:26       -7.280366*       0.0144
       Step     Time          Energy         fmax
*Force-consistent energies used in optimization.
GPMin:    0 20:10:44       -6.909170*       0.3249
GPMin:    1 20:10:56       -7.034639*       0.1097
GPMin:    2 20:11:07       -7.070275*       0.0988
GPMin:    3 20:11:19       -7.095435*       0.0458
GPMin:    4 20:11:29       -7.105299*       0.0293
GPMin:    5 20:11:38       -7.108967*       0.0239
GPMin:    6 20:11:48       -7.111468*       0.0215
GPMin:    7 20:11:58       -7.114787*       0.0215
GPMin:    8 20:12:07       -7.117243*       0.0215
GPMin:    9 20:12:16       -7.120140*       0.0208
GPMin:   10 20:12:26       -7.124390*       0.0205
GPMin:   11 20:12:36       -7.129274*       0.0250
GPMin:   12 20:12:46       -7.134499*       0.0231
GPMin:   13 20:12:56       -7.139372*       0.0175
       Step     Time          Energy         fmax
*Force-consistent energies used in optimization.
GPMin:    0 20:13:13       -6.588228*       0.5289
GPMin:    1 20:13:25       -6.774496*       0.2651
GPMin:    2 20:13:36       -6.887342*       0.2652
GPMin:    3 20:13:48       -6.991115*       0.2311
GPMin:    4 20:13:58       -7.059878*       0.1446
GPMin:    5 20:14:09       -7.093337*       0.0716
GPMin:    6 20:14:18       -7.106563*       0.0636
GPMin:    7 20:14:28       -7.119607*       0.0509
GPMin:    8 20:14:38       -7.130133*       0.0466
GPMin:    9 20:14:49       -7.141692*       0.0490
GPMin:   10 20:14:59       -7.154267*       0.0421
GPMin:   11 20:15:08       -7.163380*       0.0359
GPMin:   12 20:15:19       -7.171292*       0.0537
GPMin:   13 20:15:29       -7.186034*       0.0573
GPMin:   14 20:15:40       -7.209039*       0.0633
GPMin:   15 20:15:50       -7.237154*       0.0621
GPMin:   16 20:16:00       -7.258333*       0.0565
GPMin:   17 20:16:11       -7.267591*       0.0443
GPMin:   18 20:16:20       -7.272230*       0.0313
GPMin:   19 20:16:29       -7.275478*       0.0233
GPMin:   20 20:16:39       -7.277571*       0.0240
GPMin:   21 20:16:48       -7.279175*       0.0202
GPMin:   22 20:16:56       -7.279903*       0.0134
       Step     Time          Energy         fmax
*Force-consistent energies used in optimization.
GPMin:    0 20:17:20       -5.871096*       0.8473
GPMin:    1 20:17:35       -6.252758*       0.3176
GPMin:    2 20:17:49       -6.398982*       0.2287
GPMin:    3 20:18:01       -6.493702*       0.1780
GPMin:    4 20:18:14       -6.563612*       0.1246
GPMin:    5 20:18:24       -6.618203*       0.1328
GPMin:    6 20:18:34       -6.666761*       0.1208
GPMin:    7 20:18:45       -6.711581*       0.1049
GPMin:    8 20:18:55       -6.755993*       0.1101
GPMin:    9 20:19:07       -6.795849*       0.1095
GPMin:   10 20:19:18       -6.834567*       0.1108
GPMin:   11 20:19:29       -6.875720*       0.1030
GPMin:   12 20:19:39       -6.915188*       0.0918
GPMin:   13 20:19:48       -6.944640*       0.0891
GPMin:   14 20:19:59       -6.964241*       0.0744
GPMin:   15 20:20:09       -6.979902*       0.0720
GPMin:   16 20:20:19       -6.994232*       0.0604
GPMin:   17 20:20:30       -7.009233*       0.0675
GPMin:   18 20:20:40       -7.024496*       0.0643
GPMin:   19 20:20:50       -7.037048*       0.0665
GPMin:   20 20:21:00       -7.047221*       0.0560
GPMin:   21 20:21:10       -7.056201*       0.0475
GPMin:   22 20:21:19       -7.064982*       0.0485
GPMin:   23 20:21:29       -7.072359*       0.0432
GPMin:   24 20:21:38       -7.077487*       0.0361
GPMin:   25 20:21:47       -7.080168*       0.0256
GPMin:   26 20:21:55       -7.081353*       0.0194
       Step     Time          Energy         fmax
*Force-consistent energies used in optimization.
GPMin:    0 20:22:13       -6.020607*       0.7738
GPMin:    1 20:22:26       -6.385991*       0.2623
GPMin:    2 20:22:37       -6.496611*       0.2093
GPMin:    3 20:22:48       -6.568021*       0.2127
GPMin:    4 20:23:00       -6.640303*       0.2240
GPMin:    5 20:23:11       -6.718596*       0.1859
GPMin:    6 20:23:22       -6.783870*       0.1140
GPMin:    7 20:23:32       -6.824374*       0.1160
GPMin:    8 20:23:42       -6.859684*       0.1182
GPMin:    9 20:23:53       -6.911746*       0.1343
GPMin:   10 20:24:03       -6.971466*       0.1486
GPMin:   11 20:24:14       -7.034526*       0.1503
GPMin:   12 20:24:24       -7.097008*       0.1383
GPMin:   13 20:24:34       -7.145831*       0.1053
GPMin:   14 20:24:45       -7.174602*       0.0784
GPMin:   15 20:24:54       -7.191004*       0.0813
GPMin:   16 20:25:03       -7.210395*       0.1043
GPMin:   17 20:25:12       -7.233107*       0.0786
GPMin:   18 20:25:22       -7.249261*       0.0447
GPMin:   19 20:25:31       -7.257597*       0.0450
GPMin:   20 20:25:40       -7.263498*       0.0443
GPMin:   21 20:25:49       -7.267624*       0.0354
GPMin:   22 20:25:59       -7.270501*       0.0307
GPMin:   23 20:26:08       -7.274666*       0.0321
GPMin:   24 20:26:17       -7.277366*       0.0243
GPMin:   25 20:26:27       -7.279282*       0.0216
GPMin:   26 20:26:35       -7.280019*       0.0138
       Step     Time          Energy         fmax
*Force-consistent energies used in optimization.
GPMin:    0 20:26:54       -6.588228*       0.5289
GPMin:    1 20:27:05       -6.774526*       0.2651
GPMin:    2 20:27:17       -6.887357*       0.2652
GPMin:    3 20:27:28       -6.991120*       0.2311
GPMin:    4 20:27:39       -7.059881*       0.1446
GPMin:    5 20:27:49       -7.093338*       0.0716
GPMin:    6 20:27:58       -7.106562*       0.0636
GPMin:    7 20:28:07       -7.119605*       0.0509
GPMin:    8 20:28:18       -7.130133*       0.0466
GPMin:    9 20:28:28       -7.141693*       0.0490
GPMin:   10 20:28:39       -7.154271*       0.0421
GPMin:   11 20:28:48       -7.163386*       0.0359
GPMin:   12 20:28:58       -7.171302*       0.0537
GPMin:   13 20:29:09       -7.186051*       0.0573
GPMin:   14 20:29:19       -7.209058*       0.0633
GPMin:   15 20:29:30       -7.237169*       0.0621
GPMin:   16 20:29:40       -7.258346*       0.0565
GPMin:   17 20:29:50       -7.267600*       0.0443
GPMin:   18 20:30:00       -7.272234*       0.0313
GPMin:   19 20:30:09       -7.275482*       0.0233
GPMin:   20 20:30:18       -7.277574*       0.0240
GPMin:   21 20:30:28       -7.279176*       0.0202
GPMin:   22 20:30:36       -7.279904*       0.0134
       Step     Time          Energy         fmax
*Force-consistent energies used in optimization.
GPMin:    0 20:30:55       -6.167681*       1.0608
GPMin:    1 20:31:09       -6.538871*       0.3632
GPMin:    2 20:31:22       -6.658774*       0.2432
GPMin:    3 20:31:34       -6.772270*       0.2617
GPMin:    4 20:31:47       -6.888341*       0.2866
GPMin:    5 20:31:59       -6.986152*       0.2845
GPMin:    6 20:32:10       -7.072418*       0.2461
GPMin:    7 20:32:21       -7.143620*       0.1683
GPMin:    8 20:32:31       -7.190860*       0.1428
GPMin:    9 20:32:41       -7.216810*       0.1238
GPMin:   10 20:32:51       -7.230925*       0.0668
GPMin:   11 20:33:01       -7.238601*       0.0675
GPMin:   12 20:33:11       -7.244744*       0.0426
GPMin:   13 20:33:20       -7.249513*       0.0401
GPMin:   14 20:33:29       -7.253912*       0.0396
GPMin:   15 20:33:38       -7.258849*       0.0441
GPMin:   16 20:33:48       -7.264652*       0.0421
GPMin:   17 20:33:57       -7.270442*       0.0349
GPMin:   18 20:34:06       -7.274658*       0.0287
GPMin:   19 20:34:15       -7.277880*       0.0275
GPMin:   20 20:34:25       -7.279535*       0.0190
       Step     Time          Energy         fmax
*Force-consistent energies used in optimization.
GPMin:    0 20:34:46       -5.987411*       0.5701
GPMin:    1 20:34:57       -6.335004*       0.2934
GPMin:    2 20:35:09       -6.495870*       0.2620
GPMin:    3 20:35:20       -6.632512*       0.2184
GPMin:    4 20:35:32       -6.743498*       0.1640
GPMin:    5 20:35:42       -6.803350*       0.0811
GPMin:    6 20:35:53       -6.817245*       0.0490
GPMin:    7 20:36:02       -6.822616*       0.0454
GPMin:    8 20:36:11       -6.831426*       0.0422
GPMin:    9 20:36:20       -6.837355*       0.0367
GPMin:   10 20:36:30       -6.843463*       0.0286
GPMin:   11 20:36:39       -6.846770*       0.0159
       Step     Time          Energy         fmax
*Force-consistent energies used in optimization.
GPMin:    0 20:37:01       -6.307303*       0.7849
GPMin:    1 20:37:16       -6.572734*       0.2954
GPMin:    2 20:37:30       -6.711683*       0.3017
GPMin:    3 20:37:44       -6.860073*       0.2939
GPMin:    4 20:37:55       -6.990527*       0.2480
GPMin:    5 20:38:07       -7.090299*       0.1752
GPMin:    6 20:38:17       -7.149541*       0.1427
GPMin:    7 20:38:28       -7.187123*       0.1164
GPMin:    8 20:38:38       -7.216405*       0.0801
GPMin:    9 20:38:47       -7.232460*       0.0559
GPMin:   10 20:38:56       -7.240255*       0.0530
GPMin:   11 20:39:06       -7.245443*       0.0388
GPMin:   12 20:39:15       -7.248965*       0.0385
GPMin:   13 20:39:24       -7.255316*       0.0369
GPMin:   14 20:39:33       -7.262497*       0.0379
GPMin:   15 20:39:43       -7.268943*       0.0322
GPMin:   16 20:39:52       -7.274397*       0.0256
GPMin:   17 20:40:01       -7.277762*       0.0225
GPMin:   18 20:40:10       -7.279375*       0.0224
GPMin:   19 20:40:18       -7.280366*       0.0144
       Step     Time          Energy         fmax
*Force-consistent energies used in optimization.
GPMin:    0 20:40:40       -5.961763*       0.4219
GPMin:    1 20:40:54       -6.174491*       0.3188
GPMin:    2 20:41:06       -6.323082*       0.3375
GPMin:    3 20:41:18       -6.478133*       0.2929
GPMin:    4 20:41:29       -6.609161*       0.2334
GPMin:    5 20:41:41       -6.715446*       0.2332
GPMin:    6 20:41:53       -6.810388*       0.2190
GPMin:    7 20:42:04       -6.896470*       0.1873
GPMin:    8 20:42:16       -6.968490*       0.1465
GPMin:    9 20:42:27       -7.025752*       0.1066
GPMin:   10 20:42:39       -7.073802*       0.1181
GPMin:   11 20:42:49       -7.113216*       0.1037
GPMin:   12 20:42:58       -7.142529*       0.0879
GPMin:   13 20:43:08       -7.165035*       0.0871
GPMin:   14 20:43:17       -7.186410*       0.0968
GPMin:   15 20:43:26       -7.209080*       0.0849
GPMin:   16 20:43:35       -7.231602*       0.0594
GPMin:   17 20:43:45       -7.247720*       0.0507
GPMin:   18 20:43:54       -7.256858*       0.0499
GPMin:   19 20:44:03       -7.261987*       0.0400
GPMin:   20 20:44:12       -7.266171*       0.0396
GPMin:   21 20:44:22       -7.269760*       0.0476
GPMin:   22 20:44:31       -7.274726*       0.0329
GPMin:   23 20:44:40       -7.277079*       0.0310
GPMin:   24 20:44:49       -7.279394*       0.0314
GPMin:   25 20:44:58       -7.280156*       0.0227
GPMin:   26 20:45:07       -7.280591*       0.0095
       Step     Time          Energy         fmax
*Force-consistent energies used in optimization.
GPMin:    0 20:45:24       -6.353732*       0.3390
GPMin:    1 20:45:35       -6.545573*       0.2530
GPMin:    2 20:45:46       -6.678203*       0.2595
GPMin:    3 20:45:58       -6.789560*       0.2600
GPMin:    4 20:46:09       -6.883428*       0.2388
GPMin:    5 20:46:21       -6.961845*       0.1841
GPMin:    6 20:46:32       -7.019014*       0.1134
GPMin:    7 20:46:43       -7.065946*       0.1176
GPMin:    8 20:46:53       -7.117301*       0.1132
GPMin:    9 20:47:04       -7.170901*       0.1066
GPMin:   10 20:47:14       -7.217991*       0.0921
GPMin:   11 20:47:24       -7.248634*       0.0660
GPMin:   12 20:47:34       -7.261200*       0.0575
GPMin:   13 20:47:43       -7.266589*       0.0473
GPMin:   14 20:47:53       -7.271759*       0.0326
GPMin:   15 20:48:02       -7.274432*       0.0267
GPMin:   16 20:48:12       -7.277309*       0.0242
GPMin:   17 20:48:21       -7.278964*       0.0228
GPMin:   18 20:48:29       -7.279849*       0.0175
       Step     Time          Energy         fmax
*Force-consistent energies used in optimization.
GPMin:    0 20:48:52       -5.761699*       1.0362
GPMin:    1 20:49:07       -6.139709*       0.3318
GPMin:    2 20:49:21       -6.248558*       0.2180
GPMin:    3 20:49:34       -6.321013*       0.1663
GPMin:    4 20:49:47       -6.400011*       0.1958
GPMin:    5 20:49:58       -6.475497*       0.2182
GPMin:    6 20:50:10       -6.577091*       0.2386
GPMin:    7 20:50:21       -6.685763*       0.2376
GPMin:    8 20:50:33       -6.795999*       0.2201
GPMin:    9 20:50:44       -6.904243*       0.2141
GPMin:   10 20:50:55       -7.000438*       0.1971
GPMin:   11 20:51:05       -7.069666*       0.1483
GPMin:   12 20:51:16       -7.108845*       0.1027
GPMin:   13 20:51:26       -7.131049*       0.1020
GPMin:   14 20:51:36       -7.153072*       0.1106
GPMin:   15 20:51:47       -7.179007*       0.1056
GPMin:   16 20:51:57       -7.200981*       0.1055
GPMin:   17 20:52:07       -7.217620*       0.0976
GPMin:   18 20:52:16       -7.232061*       0.0788
GPMin:   19 20:52:26       -7.243599*       0.0706
GPMin:   20 20:52:36       -7.251275*       0.0475
GPMin:   21 20:52:45       -7.257241*       0.0535
GPMin:   22 20:52:54       -7.262133*       0.0469
GPMin:   23 20:53:04       -7.266628*       0.0402
GPMin:   24 20:53:13       -7.270994*       0.0411
GPMin:   25 20:53:22       -7.274896*       0.0314
GPMin:   26 20:53:32       -7.277432*       0.0277
GPMin:   27 20:53:41       -7.278486*       0.0221
GPMin:   28 20:53:49       -7.279388*       0.0197
       Step     Time          Energy         fmax
*Force-consistent energies used in optimization.
GPMin:    0 20:54:10       -6.256957*       0.3331
GPMin:    1 20:54:25       -6.420455*       0.3520
GPMin:    2 20:54:38       -6.563782*       0.3528
GPMin:    3 20:54:50       -6.691776*       0.3219
GPMin:    4 20:55:00       -6.800309*       0.2732
GPMin:    5 20:55:11       -6.893196*       0.2061
GPMin:    6 20:55:23       -6.954365*       0.1192
GPMin:    7 20:55:33       -6.989965*       0.1004
GPMin:    8 20:55:44       -7.020332*       0.0964
GPMin:    9 20:55:54       -7.043552*       0.0786
GPMin:   10 20:56:04       -7.059755*       0.0858
GPMin:   11 20:56:14       -7.080974*       0.0981
GPMin:   12 20:56:24       -7.109180*       0.1168
GPMin:   13 20:56:34       -7.141581*       0.1320
GPMin:   14 20:56:45       -7.181606*       0.1419
GPMin:   15 20:56:55       -7.221917*       0.1301
GPMin:   16 20:57:06       -7.254314*       0.0839
GPMin:   17 20:57:16       -7.268405*       0.0510
GPMin:   18 20:57:25       -7.272064*       0.0401
GPMin:   19 20:57:35       -7.274951*       0.0309
GPMin:   20 20:57:44       -7.277221*       0.0218
GPMin:   21 20:57:52       -7.278554*       0.0204
GPMin:   22 20:58:01       -7.279795*       0.0158
       Step     Time          Energy         fmax
*Force-consistent energies used in optimization.
GPMin:    0 20:58:20       -6.042189*       1.0501
GPMin:    1 20:58:33       -6.659129*       0.5119
GPMin:    2 20:58:44       -6.891558*       0.2468
GPMin:    3 20:58:56       -6.992102*       0.1973
GPMin:    4 20:59:06       -7.059866*       0.1821
GPMin:    5 20:59:17       -7.122488*       0.1426
GPMin:    6 20:59:27       -7.165844*       0.1142
GPMin:    7 20:59:38       -7.194910*       0.1109
GPMin:    8 20:59:48       -7.219233*       0.1062
GPMin:    9 20:59:59       -7.239135*       0.0790
GPMin:   10 21:00:08       -7.252602*       0.0858
GPMin:   11 21:00:17       -7.263274*       0.0684
GPMin:   12 21:00:26       -7.270385*       0.0397
GPMin:   13 21:00:35       -7.273754*       0.0301
GPMin:   14 21:00:45       -7.275893*       0.0259
GPMin:   15 21:00:54       -7.277910*       0.0221
GPMin:   16 21:01:03       -7.279017*       0.0232
GPMin:   17 21:01:13       -7.279932*       0.0143
       Step     Time          Energy         fmax
*Force-consistent energies used in optimization.
GPMin:    0 21:01:31       -6.761983*       0.2909
GPMin:    1 21:01:43       -6.891205*       0.1370
GPMin:    2 21:01:55       -6.953009*       0.1286
GPMin:    3 21:02:05       -6.991261*       0.1394
GPMin:    4 21:02:15       -7.038710*       0.1331
GPMin:    5 21:02:26       -7.077299*       0.0936
GPMin:    6 21:02:36       -7.093228*       0.0542
GPMin:    7 21:02:46       -7.100306*       0.0483
GPMin:    8 21:02:56       -7.109437*       0.0284
GPMin:    9 21:03:05       -7.115277*       0.0249
GPMin:   10 21:03:14       -7.117284*       0.0193
       Step     Time          Energy         fmax
*Force-consistent energies used in optimization.
GPMin:    0 21:03:32       -6.632429*       0.6190
GPMin:    1 21:03:43       -6.924696*       0.2171
GPMin:    2 21:03:55       -7.019041*       0.1748
GPMin:    3 21:04:06       -7.094302*       0.1673
GPMin:    4 21:04:18       -7.167500*       0.1374
GPMin:    5 21:04:29       -7.221142*       0.0971
GPMin:    6 21:04:40       -7.255074*       0.0760
GPMin:    7 21:04:50       -7.270609*       0.0517
GPMin:    8 21:04:59       -7.276658*       0.0363
GPMin:    9 21:05:08       -7.279638*       0.0226
GPMin:   10 21:05:18       -7.280431*       0.0089
       Step     Time          Energy         fmax
*Force-consistent energies used in optimization.
GPMin:    0 21:05:44       -6.112080*       0.4523
GPMin:    1 21:05:58       -6.354532*       0.2919
GPMin:    2 21:06:13       -6.519339*       0.3035
GPMin:    3 21:06:25       -6.675730*       0.2983
GPMin:    4 21:06:37       -6.818637*       0.2705
GPMin:    5 21:06:49       -6.939858*       0.2134
GPMin:    6 21:06:59       -7.021680*       0.1345
GPMin:    7 21:07:08       -7.064633*       0.0996
GPMin:    8 21:07:18       -7.083915*       0.0750
GPMin:    9 21:07:29       -7.092874*       0.0577
GPMin:   10 21:07:38       -7.098930*       0.0410
GPMin:   11 21:07:48       -7.103238*       0.0307
GPMin:   12 21:07:57       -7.105590*       0.0261
GPMin:   13 21:08:06       -7.107352*       0.0258
GPMin:   14 21:08:15       -7.109384*       0.0274
GPMin:   15 21:08:25       -7.111789*       0.0226
GPMin:   16 21:08:34       -7.114110*       0.0232
GPMin:   17 21:08:43       -7.116507*       0.0200
GPMin:   18 21:08:53       -7.119132*       0.0196
       Step     Time          Energy         fmax
*Force-consistent energies used in optimization.
GPMin:    0 21:09:13       -6.616379*       0.4632
GPMin:    1 21:09:25       -6.816417*       0.2323
GPMin:    2 21:09:37       -6.930781*       0.2056
GPMin:    3 21:09:48       -7.021571*       0.1250
GPMin:    4 21:10:00       -7.065798*       0.0712
GPMin:    5 21:10:10       -7.083709*       0.0587
GPMin:    6 21:10:20       -7.097016*       0.0546
GPMin:    7 21:10:29       -7.106146*       0.0465
GPMin:    8 21:10:40       -7.116931*       0.0402
GPMin:    9 21:10:49       -7.127374*       0.0345
GPMin:   10 21:10:58       -7.133407*       0.0239
GPMin:   11 21:11:08       -7.135671*       0.0233
GPMin:   12 21:11:17       -7.138439*       0.0240
GPMin:   13 21:11:26       -7.140711*       0.0183
       Step     Time          Energy         fmax
*Force-consistent energies used in optimization.
GPMin:    0 21:11:45       -5.937061*       0.7897
GPMin:    1 21:11:55       -6.356062*       0.2913
GPMin:    2 21:12:06       -6.503417*       0.2473
GPMin:    3 21:12:16       -6.599123*       0.2284
GPMin:    4 21:12:27       -6.688864*       0.1917
GPMin:    5 21:12:37       -6.749875*       0.1602
GPMin:    6 21:12:47       -6.793312*       0.1313
GPMin:    7 21:12:56       -6.823638*       0.0729
GPMin:    8 21:13:06       -6.833629*       0.0478
GPMin:    9 21:13:15       -6.836310*       0.0342
GPMin:   10 21:13:24       -6.840184*       0.0235
GPMin:   11 21:13:33       -6.841982*       0.0228
GPMin:   12 21:13:42       -6.845446*       0.0196
       Step     Time          Energy         fmax
*Force-consistent energies used in optimization.
GPMin:    0 21:14:08       -5.896781*       0.6509
GPMin:    1 21:14:21       -6.229499*       0.2197
GPMin:    2 21:14:32       -6.340301*       0.1817
GPMin:    3 21:14:44       -6.411184*       0.1625
GPMin:    4 21:14:55       -6.496364*       0.1798
GPMin:    5 21:15:06       -6.601375*       0.1941
GPMin:    6 21:15:15       -6.704941*       0.1788
GPMin:    7 21:15:24       -6.787173*       0.1382
GPMin:    8 21:15:34       -6.828971*       0.0760
GPMin:    9 21:15:43       -6.839283*       0.0324
GPMin:   10 21:15:53       -6.840777*       0.0268
GPMin:   11 21:16:02       -6.843441*       0.0229
GPMin:   12 21:16:10       -6.844466*       0.0238
GPMin:   13 21:16:19       -6.847426*       0.0184
       Step     Time          Energy         fmax
*Force-consistent energies used in optimization.
GPMin:    0 21:16:38       -6.450277*       0.6342
GPMin:    1 21:16:50       -6.728463*       0.2180
GPMin:    2 21:17:01       -6.821119*       0.2034
GPMin:    3 21:17:13       -6.901709*       0.1987
GPMin:    4 21:17:24       -6.975515*       0.1607
GPMin:    5 21:17:34       -7.040639*       0.1302
GPMin:    6 21:17:45       -7.092465*       0.0897
GPMin:    7 21:17:55       -7.121449*       0.0649
GPMin:    8 21:18:05       -7.134084*       0.0628
GPMin:    9 21:18:15       -7.142809*       0.0572
GPMin:   10 21:18:24       -7.150599*       0.0575
GPMin:   11 21:18:33       -7.160677*       0.0532
GPMin:   12 21:18:42       -7.171889*       0.0591
GPMin:   13 21:18:51       -7.185167*       0.0596
GPMin:   14 21:19:02       -7.204683*       0.0770
GPMin:   15 21:19:12       -7.230156*       0.0736
GPMin:   16 21:19:23       -7.251549*       0.0531
GPMin:   17 21:19:33       -7.263012*       0.0441
GPMin:   18 21:19:42       -7.267059*       0.0416
GPMin:   19 21:19:52       -7.271533*       0.0328
GPMin:   20 21:20:01       -7.275006*       0.0306
GPMin:   21 21:20:10       -7.277549*       0.0240
GPMin:   22 21:20:19       -7.279476*       0.0213
GPMin:   23 21:20:27       -7.280071*       0.0162
       Step     Time          Energy         fmax
*Force-consistent energies used in optimization.
GPMin:    0 21:20:49       -5.737048*       0.6286
GPMin:    1 21:21:04       -6.141209*       0.3192
GPMin:    2 21:21:19       -6.330392*       0.2748
GPMin:    3 21:21:32       -6.464388*       0.2503
GPMin:    4 21:21:45       -6.566128*       0.1956
GPMin:    5 21:21:57       -6.623685*       0.0861
GPMin:    6 21:22:07       -6.640699*       0.0878
GPMin:    7 21:22:16       -6.652750*       0.0969
GPMin:    8 21:22:26       -6.671168*       0.0913
GPMin:    9 21:22:37       -6.688950*       0.0957
GPMin:   10 21:22:47       -6.710900*       0.1055
GPMin:   11 21:22:57       -6.742452*       0.1191
GPMin:   12 21:23:07       -6.777068*       0.1299
GPMin:   13 21:23:19       -6.817573*       0.1258
GPMin:   14 21:23:30       -6.869981*       0.1072
GPMin:   15 21:23:42       -6.910279*       0.1217
GPMin:   16 21:23:52       -6.945805*       0.1295
GPMin:   17 21:24:03       -6.989794*       0.1273
GPMin:   18 21:24:14       -7.038252*       0.1315
GPMin:   19 21:24:25       -7.086027*       0.1311
GPMin:   20 21:24:35       -7.129702*       0.1349
GPMin:   21 21:24:45       -7.170430*       0.1194
GPMin:   22 21:24:56       -7.204999*       0.0912
GPMin:   23 21:25:06       -7.226723*       0.0841
GPMin:   24 21:25:16       -7.238646*       0.0766
GPMin:   25 21:25:25       -7.246786*       0.0508
GPMin:   26 21:25:34       -7.252464*       0.0453
GPMin:   27 21:25:43       -7.255345*       0.0479
GPMin:   28 21:25:52       -7.259705*       0.0365
GPMin:   29 21:26:02       -7.263377*       0.0479
GPMin:   30 21:26:13       -7.268484*       0.0556
GPMin:   31 21:26:22       -7.272427*       0.0398
GPMin:   32 21:26:32       -7.276928*       0.0267
GPMin:   33 21:26:41       -7.278157*       0.0241
GPMin:   34 21:26:50       -7.279275*       0.0199
       Step     Time          Energy         fmax
*Force-consistent energies used in optimization.
GPMin:    0 21:27:11       -6.616379*       0.4632
GPMin:    1 21:27:23       -6.816405*       0.2323
GPMin:    2 21:27:35       -6.930771*       0.2056
GPMin:    3 21:27:46       -7.021565*       0.1251
GPMin:    4 21:27:57       -7.065796*       0.0712
GPMin:    5 21:28:08       -7.083706*       0.0587
GPMin:    6 21:28:17       -7.097012*       0.0546
GPMin:    7 21:28:26       -7.106143*       0.0465
GPMin:    8 21:28:36       -7.116927*       0.0402
GPMin:    9 21:28:45       -7.127371*       0.0345
GPMin:   10 21:28:55       -7.133407*       0.0239
GPMin:   11 21:29:04       -7.135672*       0.0233
GPMin:   12 21:29:13       -7.138440*       0.0240
GPMin:   13 21:29:22       -7.140712*       0.0183
       Step     Time          Energy         fmax
*Force-consistent energies used in optimization.
GPMin:    0 21:29:44       -6.241533*       0.3095
GPMin:    1 21:29:58       -6.435178*       0.2615
GPMin:    2 21:30:10       -6.585376*       0.2463
GPMin:    3 21:30:22       -6.729029*       0.2514
GPMin:    4 21:30:33       -6.857860*       0.2500
GPMin:    5 21:30:44       -6.962861*       0.2322
GPMin:    6 21:30:56       -7.041353*       0.1982
GPMin:    7 21:31:06       -7.097688*       0.1488
GPMin:    8 21:31:17       -7.140177*       0.0961
GPMin:    9 21:31:26       -7.171615*       0.0977
GPMin:   10 21:31:36       -7.195403*       0.0949
GPMin:   11 21:31:45       -7.217190*       0.0818
GPMin:   12 21:31:55       -7.234764*       0.0605
GPMin:   13 21:32:04       -7.244962*       0.0419
GPMin:   14 21:32:13       -7.249996*       0.0366
GPMin:   15 21:32:23       -7.253957*       0.0422
GPMin:   16 21:32:32       -7.258818*       0.0411
GPMin:   17 21:32:41       -7.263678*       0.0450
GPMin:   18 21:32:50       -7.269550*       0.0436
GPMin:   19 21:33:00       -7.274184*       0.0279
GPMin:   20 21:33:09       -7.276949*       0.0252
GPMin:   21 21:33:18       -7.278480*       0.0205
GPMin:   22 21:33:26       -7.279397*       0.0164
       Step     Time          Energy         fmax
*Force-consistent energies used in optimization.
GPMin:    0 21:33:49       -6.478133*       0.3762
GPMin:    1 21:34:02       -6.647610*       0.2074
GPMin:    2 21:34:14       -6.756285*       0.1932
GPMin:    3 21:34:25       -6.848996*       0.1780
GPMin:    4 21:34:37       -6.924451*       0.1333
GPMin:    5 21:34:48       -6.975342*       0.1169
GPMin:    6 21:34:59       -7.011531*       0.1102
GPMin:    7 21:35:09       -7.053191*       0.1044
GPMin:    8 21:35:19       -7.091521*       0.0900
GPMin:    9 21:35:28       -7.119895*       0.0542
GPMin:   10 21:35:39       -7.133095*       0.0437
GPMin:   11 21:35:49       -7.137544*       0.0321
GPMin:   12 21:35:59       -7.139867*       0.0220
GPMin:   13 21:36:08       -7.141215*       0.0217
GPMin:   14 21:36:16       -7.141851*       0.0115
       Step     Time          Energy         fmax
*Force-consistent energies used in optimization.
GPMin:    0 21:36:34       -6.447954*       0.2782
GPMin:    1 21:36:46       -6.585225*       0.2184
GPMin:    2 21:36:57       -6.705740*       0.2325
GPMin:    3 21:37:09       -6.821517*       0.2035
GPMin:    4 21:37:20       -6.928889*       0.1934
GPMin:    5 21:37:32       -7.013677*       0.1726
GPMin:    6 21:37:43       -7.077809*       0.1408
GPMin:    7 21:37:54       -7.129426*       0.1235
GPMin:    8 21:38:04       -7.173248*       0.1079
GPMin:    9 21:38:14       -7.214549*       0.0883
GPMin:   10 21:38:24       -7.245604*       0.0661
GPMin:   11 21:38:34       -7.260332*       0.0548
GPMin:   12 21:38:44       -7.267154*       0.0469
GPMin:   13 21:38:54       -7.271750*       0.0351
GPMin:   14 21:39:03       -7.274078*       0.0293
GPMin:   15 21:39:13       -7.277063*       0.0291
GPMin:   16 21:39:22       -7.278782*       0.0246
GPMin:   17 21:39:31       -7.279762*       0.0154
       Step     Time          Energy         fmax
*Force-consistent energies used in optimization.
GPMin:    0 21:39:50       -6.760590*       0.5018
GPMin:    1 21:40:03       -6.936127*       0.1871
GPMin:    2 21:40:14       -6.997588*       0.1184
GPMin:    3 21:40:25       -7.040164*       0.0899
GPMin:    4 21:40:35       -7.062309*       0.0731
GPMin:    5 21:40:45       -7.075413*       0.0540
GPMin:    6 21:40:56       -7.084125*       0.0406
GPMin:    7 21:41:06       -7.089373*       0.0279
GPMin:    8 21:41:15       -7.093131*       0.0286
GPMin:    9 21:41:26       -7.096779*       0.0334
GPMin:   10 21:41:38       -7.101503*       0.0352
GPMin:   11 21:41:48       -7.106116*       0.0255
GPMin:   12 21:41:59       -7.109546*       0.0126
       Step     Time          Energy         fmax
*Force-consistent energies used in optimization.
GPMin:    0 21:42:25       -5.761699*       1.0361
GPMin:    1 21:42:40       -6.139705*       0.3318
GPMin:    2 21:42:54       -6.248553*       0.2180
GPMin:    3 21:43:08       -6.321009*       0.1663
GPMin:    4 21:43:20       -6.400006*       0.1958
GPMin:    5 21:43:32       -6.475492*       0.2182
GPMin:    6 21:43:43       -6.577083*       0.2386
GPMin:    7 21:43:55       -6.685757*       0.2376
GPMin:    8 21:44:06       -6.795995*       0.2201
GPMin:    9 21:44:18       -6.904241*       0.2141
GPMin:   10 21:44:28       -7.000438*       0.1971
GPMin:   11 21:44:39       -7.069667*       0.1483
GPMin:   12 21:44:49       -7.108847*       0.1027
GPMin:   13 21:44:59       -7.131052*       0.1020
GPMin:   14 21:45:10       -7.153075*       0.1106
GPMin:   15 21:45:20       -7.179010*       0.1056
GPMin:   16 21:45:30       -7.200983*       0.1055
GPMin:   17 21:45:40       -7.217622*       0.0976
GPMin:   18 21:45:49       -7.232062*       0.0788
GPMin:   19 21:45:59       -7.243599*       0.0706
GPMin:   20 21:46:09       -7.251274*       0.0475
GPMin:   21 21:46:18       -7.257240*       0.0535
GPMin:   22 21:46:27       -7.262132*       0.0469
GPMin:   23 21:46:37       -7.266627*       0.0402
GPMin:   24 21:46:46       -7.270993*       0.0411
GPMin:   25 21:46:55       -7.274895*       0.0314
GPMin:   26 21:47:05       -7.277432*       0.0277
GPMin:   27 21:47:14       -7.278485*       0.0221
GPMin:   28 21:47:22       -7.279388*       0.0197
       Step     Time          Energy         fmax
*Force-consistent energies used in optimization.
GPMin:    0 21:47:41       -6.616379*       0.4631
GPMin:    1 21:47:54       -6.816414*       0.2323
GPMin:    2 21:48:05       -6.930779*       0.2055
GPMin:    3 21:48:17       -7.021567*       0.1251
GPMin:    4 21:48:28       -7.065797*       0.0712
GPMin:    5 21:48:39       -7.083709*       0.0587
GPMin:    6 21:48:48       -7.097015*       0.0546
GPMin:    7 21:48:57       -7.106146*       0.0465
GPMin:    8 21:49:07       -7.116930*       0.0402
GPMin:    9 21:49:17       -7.127373*       0.0345
GPMin:   10 21:49:26       -7.133408*       0.0239
GPMin:   11 21:49:35       -7.135673*       0.0233
GPMin:   12 21:49:45       -7.138441*       0.0240
GPMin:   13 21:49:54       -7.140712*       0.0183
       Step     Time          Energy         fmax
*Force-consistent energies used in optimization.
GPMin:    0 21:50:15       -6.637091*       0.3379
GPMin:    1 21:50:29       -6.836829*       0.2812
GPMin:    2 21:50:40       -6.948350*       0.1786
GPMin:    3 21:50:52       -7.017598*       0.1229
GPMin:    4 21:51:02       -7.062042*       0.0882
GPMin:    5 21:51:11       -7.077757*       0.0282
GPMin:    6 21:51:19       -7.080255*       0.0293
GPMin:    7 21:51:28       -7.082962*       0.0222
GPMin:    8 21:51:38       -7.085194*       0.0322
GPMin:    9 21:51:48       -7.089145*       0.0373
GPMin:   10 21:51:58       -7.095758*       0.0345
GPMin:   11 21:52:09       -7.102134*       0.0260
GPMin:   12 21:52:18       -7.107197*       0.0181
       Step     Time          Energy         fmax
*Force-consistent energies used in optimization.
GPMin:    0 21:52:38       -6.616379*       0.4632
GPMin:    1 21:52:51       -6.816427*       0.2323
GPMin:    2 21:53:03       -6.930791*       0.2055
GPMin:    3 21:53:14       -7.021574*       0.1250
GPMin:    4 21:53:26       -7.065796*       0.0712
GPMin:    5 21:53:36       -7.083707*       0.0587
GPMin:    6 21:53:45       -7.097011*       0.0546
GPMin:    7 21:53:54       -7.106143*       0.0465
GPMin:    8 21:54:05       -7.116927*       0.0402
GPMin:    9 21:54:14       -7.127374*       0.0345
GPMin:   10 21:54:23       -7.133409*       0.0239
GPMin:   11 21:54:32       -7.135673*       0.0233
GPMin:   12 21:54:41       -7.138441*       0.0240
GPMin:   13 21:54:50       -7.140712*       0.0183
       Step     Time          Energy         fmax
*Force-consistent energies used in optimization.
GPMin:    0 21:55:11       -6.658627*       0.3505
GPMin:    1 21:55:24       -6.871870*       0.2595
GPMin:    2 21:55:36       -7.018319*       0.2202
GPMin:    3 21:55:46       -7.123382*       0.1751
GPMin:    4 21:55:57       -7.179815*       0.1092
GPMin:    5 21:56:06       -7.209903*       0.0839
GPMin:    6 21:56:15       -7.224030*       0.0591
GPMin:    7 21:56:24       -7.236201*       0.0623
GPMin:    8 21:56:33       -7.242918*       0.0416
GPMin:    9 21:56:43       -7.247193*       0.0388
GPMin:   10 21:56:52       -7.251818*       0.0395
GPMin:   11 21:57:02       -7.257839*       0.0429
GPMin:   12 21:57:11       -7.265031*       0.0374
GPMin:   13 21:57:22       -7.271735*       0.0338
GPMin:   14 21:57:31       -7.276038*       0.0292
GPMin:   15 21:57:40       -7.278311*       0.0183
       Step     Time          Energy         fmax
*Force-consistent energies used in optimization.
GPMin:    0 21:57:58       -6.492209*       0.4272
GPMin:    1 21:58:09       -6.691097*       0.2068
GPMin:    2 21:58:20       -6.792282*       0.1579
GPMin:    3 21:58:30       -6.839478*       0.0658
GPMin:    4 21:58:39       -6.845111*       0.0274
GPMin:    5 21:58:48       -6.846715*       0.0119
       Step     Time          Energy         fmax
*Force-consistent energies used in optimization.
GPMin:    0 21:59:07       -6.273638*       0.6428
GPMin:    1 21:59:21       -6.498569*       0.2610
GPMin:    2 21:59:32       -6.591671*       0.2327
GPMin:    3 21:59:44       -6.687237*       0.1885
GPMin:    4 21:59:54       -6.754389*       0.2041
GPMin:    5 22:00:04       -6.820737*       0.2130
GPMin:    6 22:00:16       -6.897272*       0.2028
GPMin:    7 22:00:26       -6.963617*       0.1730
GPMin:    8 22:00:37       -7.014794*       0.1212
GPMin:    9 22:00:47       -7.048780*       0.0724
GPMin:   10 22:00:56       -7.071760*       0.0818
GPMin:   11 22:01:05       -7.092986*       0.0803
GPMin:   12 22:01:14       -7.110450*       0.0696
GPMin:   13 22:01:25       -7.125785*       0.0669
GPMin:   14 22:01:35       -7.137085*       0.0526
GPMin:   15 22:01:46       -7.145428*       0.0322
GPMin:   16 22:01:56       -7.148891*       0.0304
GPMin:   17 22:02:05       -7.150808*       0.0285
GPMin:   18 22:02:15       -7.154194*       0.0328
GPMin:   19 22:02:24       -7.159257*       0.0458
GPMin:   20 22:02:33       -7.169691*       0.0517
GPMin:   21 22:02:43       -7.186025*       0.0606
GPMin:   22 22:02:54       -7.208340*       0.0771
GPMin:   23 22:03:04       -7.235245*       0.0805
GPMin:   24 22:03:15       -7.257050*       0.0664
GPMin:   25 22:03:25       -7.271514*       0.0372
GPMin:   26 22:03:35       -7.276595*       0.0328
GPMin:   27 22:03:44       -7.277934*       0.0268
GPMin:   28 22:03:54       -7.279182*       0.0189
       Step     Time          Energy         fmax
*Force-consistent energies used in optimization.
GPMin:    0 22:04:18       -5.527342*       1.5415
GPMin:    1 22:04:32       -6.250675*       0.7336
GPMin:    2 22:04:45       -6.526127*       0.3713
GPMin:    3 22:04:57       -6.659784*       0.2727
GPMin:    4 22:05:10       -6.747300*       0.1889
GPMin:    5 22:05:21       -6.804969*       0.1869
GPMin:    6 22:05:32       -6.848061*       0.1824
GPMin:    7 22:05:42       -6.901714*       0.1820
GPMin:    8 22:05:52       -6.962519*       0.1730
GPMin:    9 22:06:03       -7.018926*       0.1443
GPMin:   10 22:06:13       -7.057848*       0.1098
GPMin:   11 22:06:23       -7.080886*       0.0874
GPMin:   12 22:06:33       -7.091325*       0.0658
GPMin:   13 22:06:42       -7.098284*       0.0664
GPMin:   14 22:06:52       -7.104419*       0.0481
GPMin:   15 22:07:01       -7.109163*       0.0522
GPMin:   16 22:07:11       -7.116001*       0.0702
GPMin:   17 22:07:21       -7.120406*       0.0557
GPMin:   18 22:07:31       -7.126262*       0.0532
GPMin:   19 22:07:41       -7.132283*       0.0561
GPMin:   20 22:07:50       -7.137688*       0.0303
GPMin:   21 22:07:58       -7.139459*       0.0243
GPMin:   22 22:08:07       -7.141199*       0.0281
GPMin:   23 22:08:15       -7.141863*       0.0185
       Step     Time          Energy         fmax
*Force-consistent energies used in optimization.
GPMin:    0 22:08:35       -6.348122*       0.7098
GPMin:    1 22:08:46       -6.711914*       0.2387
GPMin:    2 22:08:57       -6.804177*       0.1416
GPMin:    3 22:09:06       -6.833149*       0.1085
GPMin:    4 22:09:15       -6.846879*       0.0425
GPMin:    5 22:09:24       -6.849973*       0.0106
       Step     Time          Energy         fmax
*Force-consistent energies used in optimization.
GPMin:    0 22:09:44       -6.658627*       0.3507
GPMin:    1 22:09:58       -6.871858*       0.2595
GPMin:    2 22:10:09       -7.018319*       0.2202
GPMin:    3 22:10:20       -7.123378*       0.1751
GPMin:    4 22:10:30       -7.179814*       0.1093
GPMin:    5 22:10:39       -7.209906*       0.0838
GPMin:    6 22:10:49       -7.224027*       0.0591
GPMin:    7 22:10:58       -7.236199*       0.0622
GPMin:    8 22:11:07       -7.242917*       0.0416
GPMin:    9 22:11:16       -7.247192*       0.0388
GPMin:   10 22:11:25       -7.251815*       0.0395
GPMin:   11 22:11:36       -7.257836*       0.0429
GPMin:   12 22:11:45       -7.265028*       0.0374
GPMin:   13 22:11:55       -7.271734*       0.0338
GPMin:   14 22:12:04       -7.276038*       0.0292
GPMin:   15 22:12:12       -7.278310*       0.0183
       Step     Time          Energy         fmax
*Force-consistent energies used in optimization.
GPMin:    0 22:12:29       -6.460090*       0.7434
GPMin:    1 22:12:39       -6.863290*       0.2708
GPMin:    2 22:12:48       -6.971120*       0.1588
GPMin:    3 22:12:57       -7.011121*       0.1573
GPMin:    4 22:13:05       -7.054449*       0.0939
GPMin:    5 22:13:14       -7.072645*       0.0413
GPMin:    6 22:13:22       -7.075585*       0.0374
GPMin:    7 22:13:29       -7.079829*       0.0294
GPMin:    8 22:13:37       -7.082442*       0.0310
GPMin:    9 22:13:44       -7.087707*       0.0375
GPMin:   10 22:13:52       -7.097231*       0.0527
GPMin:   11 22:14:00       -7.112915*       0.0504
GPMin:   12 22:14:09       -7.130945*       0.0477
GPMin:   13 22:14:17       -7.151934*       0.0516
GPMin:   14 22:14:26       -7.172051*       0.0506
GPMin:   15 22:14:35       -7.189041*       0.0573
GPMin:   16 22:14:42       -7.208069*       0.0630
GPMin:   17 22:14:51       -7.228746*       0.0573
GPMin:   18 22:14:58       -7.248854*       0.0539
GPMin:   19 22:15:05       -7.266643*       0.0412
GPMin:   20 22:15:12       -7.276512*       0.0284
GPMin:   21 22:15:19       -7.279078*       0.0235
GPMin:   22 22:15:26       -7.279910*       0.0154
       Step     Time          Energy         fmax
*Force-consistent energies used in optimization.
GPMin:    0 22:15:42       -6.113244*       0.3014
GPMin:    1 22:15:54       -6.317875*       0.3131
GPMin:    2 22:16:05       -6.481234*       0.2903
GPMin:    3 22:16:17       -6.628683*       0.2369
GPMin:    4 22:16:26       -6.745124*       0.1977
GPMin:    5 22:16:36       -6.835498*       0.1712
GPMin:    6 22:16:44       -6.915595*       0.1748
GPMin:    7 22:16:53       -6.981620*       0.1520
GPMin:    8 22:17:01       -7.034625*       0.1298
GPMin:    9 22:17:10       -7.076600*       0.1173
GPMin:   10 22:17:18       -7.104620*       0.0840
GPMin:   11 22:17:26       -7.119115*       0.0545
GPMin:   12 22:17:33       -7.127370*       0.0673
GPMin:   13 22:17:41       -7.140940*       0.0794
GPMin:   14 22:17:48       -7.156855*       0.0627
GPMin:   15 22:17:57       -7.172962*       0.0598
GPMin:   16 22:18:05       -7.189771*       0.0689
GPMin:   17 22:18:14       -7.209293*       0.0657
GPMin:   18 22:18:22       -7.224654*       0.0613
GPMin:   19 22:18:31       -7.237737*       0.0574
GPMin:   20 22:18:39       -7.248913*       0.0505
GPMin:   21 22:18:47       -7.255759*       0.0402
GPMin:   22 22:18:55       -7.260844*       0.0400
GPMin:   23 22:19:04       -7.266700*       0.0433
GPMin:   24 22:19:12       -7.271868*       0.0312
GPMin:   25 22:19:20       -7.275312*       0.0272
GPMin:   26 22:19:28       -7.277271*       0.0247
GPMin:   27 22:19:36       -7.278753*       0.0251
GPMin:   28 22:19:43       -7.279407*       0.0176
       Step     Time          Energy         fmax
*Force-consistent energies used in optimization.
GPMin:    0 22:19:59       -6.447913*       0.6815
GPMin:    1 22:20:10       -6.742713*       0.2472
GPMin:    2 22:20:21       -6.873998*       0.2105
GPMin:    3 22:20:31       -7.000754*       0.1915
GPMin:    4 22:20:41       -7.104336*       0.1576
GPMin:    5 22:20:52       -7.167318*       0.1084
GPMin:    6 22:21:01       -7.196155*       0.0831
GPMin:    7 22:21:10       -7.213044*       0.0815
GPMin:    8 22:21:18       -7.228328*       0.0774
GPMin:    9 22:21:26       -7.238314*       0.0498
GPMin:   10 22:21:35       -7.244204*       0.0375
GPMin:   11 22:21:43       -7.247621*       0.0299
GPMin:   12 22:21:51       -7.250349*       0.0296
GPMin:   13 22:21:59       -7.255837*       0.0387
GPMin:   14 22:22:07       -7.262429*       0.0415
GPMin:   15 22:22:16       -7.269219*       0.0305
GPMin:   16 22:22:24       -7.275256*       0.0276
GPMin:   17 22:22:32       -7.278740*       0.0222
GPMin:   18 22:22:40       -7.279865*       0.0156
       Step     Time          Energy         fmax
*Force-consistent energies used in optimization.
GPMin:    0 22:22:54       -6.588228*       0.5289
GPMin:    1 22:23:05       -6.774500*       0.2651
GPMin:    2 22:23:15       -6.887336*       0.2652
GPMin:    3 22:23:25       -6.991105*       0.2312
GPMin:    4 22:23:34       -7.059873*       0.1446
GPMin:    5 22:23:43       -7.093335*       0.0716
GPMin:    6 22:23:52       -7.106562*       0.0636
GPMin:    7 22:24:00       -7.119604*       0.0509
GPMin:    8 22:24:09       -7.130131*       0.0466
GPMin:    9 22:24:18       -7.141691*       0.0490
GPMin:   10 22:24:27       -7.154270*       0.0421
GPMin:   11 22:24:36       -7.163386*       0.0359
GPMin:   12 22:24:45       -7.171301*       0.0537
GPMin:   13 22:24:54       -7.186049*       0.0573
GPMin:   14 22:25:03       -7.209055*       0.0633
GPMin:   15 22:25:13       -7.237164*       0.0621
GPMin:   16 22:25:22       -7.258339*       0.0565
GPMin:   17 22:25:31       -7.267593*       0.0443
GPMin:   18 22:25:39       -7.272229*       0.0313
GPMin:   19 22:25:48       -7.275478*       0.0233
GPMin:   20 22:25:56       -7.277571*       0.0240
GPMin:   21 22:26:04       -7.279175*       0.0202
GPMin:   22 22:26:11       -7.279903*       0.0135
       Step     Time          Energy         fmax
*Force-consistent energies used in optimization.
GPMin:    0 22:26:30       -6.393728*       0.5657
GPMin:    1 22:26:41       -6.669985*       0.1691
GPMin:    2 22:26:51       -6.743722*       0.1097
GPMin:    3 22:27:00       -6.780087*       0.0800
GPMin:    4 22:27:09       -6.814522*       0.0501
GPMin:    5 22:27:19       -6.829177*       0.0362
GPMin:    6 22:27:28       -6.838637*       0.0306
GPMin:    7 22:27:36       -6.844783*       0.0230
GPMin:    8 22:27:44       -6.847519*       0.0178
       Step     Time          Energy         fmax
*Force-consistent energies used in optimization.
GPMin:    0 22:27:58       -6.474716*       0.7184
GPMin:    1 22:28:10       -6.709599*       0.2732
GPMin:    2 22:28:20       -6.836389*       0.1801
GPMin:    3 22:28:30       -6.916841*       0.1733
GPMin:    4 22:28:40       -6.977512*       0.1475
GPMin:    5 22:28:51       -7.028898*       0.0941
GPMin:    6 22:29:00       -7.058962*       0.0786
GPMin:    7 22:29:09       -7.079880*       0.0911
GPMin:    8 22:29:18       -7.103628*       0.0756
GPMin:    9 22:29:27       -7.125195*       0.0797
GPMin:   10 22:29:37       -7.146392*       0.0573
GPMin:   11 22:29:46       -7.166412*       0.0793
GPMin:   12 22:29:55       -7.195782*       0.1019
GPMin:   13 22:30:04       -7.230011*       0.0849
GPMin:   14 22:30:14       -7.255385*       0.0869
GPMin:   15 22:30:23       -7.270479*       0.0578
GPMin:   16 22:30:31       -7.276665*       0.0397
GPMin:   17 22:30:39       -7.278576*       0.0217
GPMin:   18 22:30:47       -7.279737*       0.0152
       Step     Time          Energy         fmax
*Force-consistent energies used in optimization.
GPMin:    0 22:31:02       -7.053653*       0.4307
GPMin:    1 22:31:13       -7.223150*       0.1099
GPMin:    2 22:31:24       -7.252961*       0.0894
GPMin:    3 22:31:33       -7.270520*       0.0514
GPMin:    4 22:31:41       -7.279157*       0.0205
GPMin:    5 22:31:49       -7.280401*       0.0092
       Step     Time          Energy         fmax
*Force-consistent energies used in optimization.
GPMin:    0 22:32:05       -6.711751*       0.2891
GPMin:    1 22:32:16       -6.894439*       0.1942
GPMin:    2 22:32:26       -7.004791*       0.1555
GPMin:    3 22:32:36       -7.091795*       0.1391
GPMin:    4 22:32:47       -7.166966*       0.1117
GPMin:    5 22:32:56       -7.222014*       0.0844
GPMin:    6 22:33:05       -7.254274*       0.0611
GPMin:    7 22:33:14       -7.269869*       0.0382
GPMin:    8 22:33:22       -7.275237*       0.0298
GPMin:    9 22:33:29       -7.277163*       0.0228
GPMin:   10 22:33:37       -7.278978*       0.0161
       Step     Time          Energy         fmax
*Force-consistent energies used in optimization.
GPMin:    0 22:33:59       -6.106253*       0.5470
GPMin:    1 22:34:10       -6.369952*       0.3146
GPMin:    2 22:34:23       -6.555660*       0.3122
GPMin:    3 22:34:34       -6.727835*       0.2781
GPMin:    4 22:34:45       -6.871180*       0.2072
GPMin:    5 22:34:55       -6.964369*       0.1854
GPMin:    6 22:35:04       -7.010548*       0.1648
GPMin:    7 22:35:14       -7.040736*       0.1401
GPMin:    8 22:35:23       -7.074656*       0.1264
GPMin:    9 22:35:32       -7.111555*       0.1228
GPMin:   10 22:35:41       -7.160303*       0.1152
GPMin:   11 22:35:50       -7.208884*       0.0947
GPMin:   12 22:36:00       -7.244962*       0.0748
GPMin:   13 22:36:09       -7.264784*       0.0531
GPMin:   14 22:36:17       -7.272669*       0.0457
GPMin:   15 22:36:25       -7.277095*       0.0443
GPMin:   16 22:36:33       -7.279800*       0.0186
       Step     Time          Energy         fmax
*Force-consistent energies used in optimization.
GPMin:    0 22:36:49       -6.164305*       0.3349
GPMin:    1 22:36:59       -6.354758*       0.2209
GPMin:    2 22:37:10       -6.495433*       0.2157
GPMin:    3 22:37:20       -6.602078*       0.2001
GPMin:    4 22:37:30       -6.687006*       0.1901
GPMin:    5 22:37:40       -6.772892*       0.1808
GPMin:    6 22:37:51       -6.857729*       0.1612
GPMin:    7 22:38:01       -6.923695*       0.1203
GPMin:    8 22:38:10       -6.962828*       0.0918
GPMin:    9 22:38:20       -6.984408*       0.0880
GPMin:   10 22:38:29       -7.006397*       0.0822
GPMin:   11 22:38:39       -7.028707*       0.0788
GPMin:   12 22:38:49       -7.051162*       0.0780
GPMin:   13 22:38:57       -7.077056*       0.0700
GPMin:   14 22:39:07       -7.105510*       0.0641
GPMin:   15 22:39:16       -7.133056*       0.0699
GPMin:   16 22:39:25       -7.158952*       0.0740
GPMin:   17 22:39:34       -7.184861*       0.0708
GPMin:   18 22:39:45       -7.209541*       0.0783
GPMin:   19 22:39:55       -7.231167*       0.0866
GPMin:   20 22:40:04       -7.249780*       0.0812
GPMin:   21 22:40:13       -7.266329*       0.0579
GPMin:   22 22:40:24       -7.275720*       0.0357
GPMin:   23 22:40:34       -7.277918*       0.0273
GPMin:   24 22:40:43       -7.279025*       0.0226
GPMin:   25 22:40:52       -7.279863*       0.0151
       Step     Time          Energy         fmax
*Force-consistent energies used in optimization.
GPMin:    0 22:41:11       -6.531974*       0.5978
GPMin:    1 22:41:24       -6.714348*       0.1953
GPMin:    2 22:41:36       -6.781037*       0.1735
GPMin:    3 22:41:47       -6.857843*       0.1576
GPMin:    4 22:41:59       -6.909943*       0.1164
GPMin:    5 22:42:09       -6.946669*       0.0873
GPMin:    6 22:42:19       -6.976888*       0.0838
GPMin:    7 22:42:30       -7.015171*       0.0823
GPMin:    8 22:42:40       -7.052335*       0.0831
GPMin:    9 22:42:51       -7.083429*       0.0790
GPMin:   10 22:43:01       -7.108217*       0.0868
GPMin:   11 22:43:11       -7.122287*       0.0749
GPMin:   12 22:43:20       -7.131776*       0.0620
GPMin:   13 22:43:31       -7.143633*       0.0548
GPMin:   14 22:43:41       -7.157823*       0.0541
GPMin:   15 22:43:52       -7.171559*       0.0490
GPMin:   16 22:44:01       -7.185872*       0.0589
GPMin:   17 22:44:11       -7.204780*       0.0737
GPMin:   18 22:44:22       -7.230026*       0.0851
GPMin:   19 22:44:32       -7.254042*       0.0761
GPMin:   20 22:44:43       -7.271041*       0.0431
GPMin:   21 22:44:52       -7.276857*       0.0306
GPMin:   22 22:45:00       -7.277828*       0.0259
GPMin:   23 22:45:09       -7.279340*       0.0150
       Step     Time          Energy         fmax
*Force-consistent energies used in optimization.
GPMin:    0 22:45:28       -6.604195*       0.6018
GPMin:    1 22:45:40       -6.802960*       0.1946
GPMin:    2 22:45:50       -6.900718*       0.1683
GPMin:    3 22:46:02       -6.995673*       0.1550
GPMin:    4 22:46:13       -7.061672*       0.1171
GPMin:    5 22:46:23       -7.091693*       0.0643
GPMin:    6 22:46:34       -7.103313*       0.0456
GPMin:    7 22:46:43       -7.108395*       0.0268
GPMin:    8 22:46:52       -7.109826*       0.0157
       Step     Time          Energy         fmax
*Force-consistent energies used in optimization.
GPMin:    0 22:47:09       -6.890746*       0.2205
GPMin:    1 22:47:22       -7.022702*       0.1515
GPMin:    2 22:47:33       -7.084542*       0.0957
GPMin:    3 22:47:44       -7.127761*       0.0957
GPMin:    4 22:47:54       -7.169751*       0.0962
GPMin:    5 22:48:05       -7.207166*       0.1051
GPMin:    6 22:48:15       -7.240702*       0.0878
GPMin:    7 22:48:26       -7.259376*       0.0440
GPMin:    8 22:48:35       -7.265764*       0.0467
GPMin:    9 22:48:44       -7.272558*       0.0337
GPMin:   10 22:48:53       -7.276302*       0.0271
GPMin:   11 22:49:03       -7.278869*       0.0180
       Step     Time          Energy         fmax
*Force-consistent energies used in optimization.
GPMin:    0 22:49:20       -6.391693*       0.6370
GPMin:    1 22:49:32       -6.717677*       0.3108
GPMin:    2 22:49:43       -6.837688*       0.2256
GPMin:    3 22:49:55       -6.920825*       0.1801
GPMin:    4 22:50:06       -6.993726*       0.1457
GPMin:    5 22:50:17       -7.053212*       0.1017
GPMin:    6 22:50:27       -7.100046*       0.0934
GPMin:    7 22:50:37       -7.132560*       0.0770
GPMin:    8 22:50:47       -7.149225*       0.0630
GPMin:    9 22:50:56       -7.161213*       0.0727
GPMin:   10 22:51:06       -7.178881*       0.0836
GPMin:   11 22:51:17       -7.202810*       0.0776
GPMin:   12 22:51:27       -7.224462*       0.0763
GPMin:   13 22:51:38       -7.240253*       0.0542
GPMin:   14 22:51:47       -7.250381*       0.0391
GPMin:   15 22:51:56       -7.255346*       0.0423
GPMin:   16 22:52:05       -7.259938*       0.0428
GPMin:   17 22:52:14       -7.265653*       0.0347
GPMin:   18 22:52:24       -7.271463*       0.0316
GPMin:   19 22:52:33       -7.275951*       0.0278
GPMin:   20 22:52:42       -7.278422*       0.0221
GPMin:   21 22:52:51       -7.279520*       0.0173
       Step     Time          Energy         fmax
*Force-consistent energies used in optimization.
GPMin:    0 22:53:10       -6.503089*       0.3452
GPMin:    1 22:53:22       -6.700768*       0.2955
GPMin:    2 22:53:33       -6.834051*       0.2654
GPMin:    3 22:53:44       -6.946529*       0.2303
GPMin:    4 22:53:56       -7.029783*       0.1651
GPMin:    5 22:54:06       -7.076495*       0.0910
GPMin:    6 22:54:17       -7.099570*       0.0781
GPMin:    7 22:54:26       -7.118806*       0.0636
GPMin:    8 22:54:35       -7.136182*       0.0690
GPMin:    9 22:54:45       -7.156717*       0.0848
GPMin:   10 22:54:54       -7.183423*       0.0779
GPMin:   11 22:55:05       -7.210225*       0.0591
GPMin:   12 22:55:15       -7.230020*       0.0606
GPMin:   13 22:55:24       -7.242787*       0.0547
GPMin:   14 22:55:34       -7.251193*       0.0422
GPMin:   15 22:55:43       -7.256160*       0.0421
GPMin:   16 22:55:53       -7.260113*       0.0383
GPMin:   17 22:56:02       -7.266773*       0.0385
GPMin:   18 22:56:12       -7.273492*       0.0352
GPMin:   19 22:56:21       -7.276933*       0.0225
GPMin:   20 22:56:31       -7.278662*       0.0170
       Step     Time          Energy         fmax
*Force-consistent energies used in optimization.
GPMin:    0 22:56:49       -6.208585*       0.5319
GPMin:    1 22:57:00       -6.467911*       0.1492
GPMin:    2 22:57:11       -6.529742*       0.1242
GPMin:    3 22:57:21       -6.593138*       0.1475
GPMin:    4 22:57:31       -6.658349*       0.1683
GPMin:    5 22:57:42       -6.721622*       0.1711
GPMin:    6 22:57:51       -6.787063*       0.1483
GPMin:    7 22:58:00       -6.831667*       0.0816
GPMin:    8 22:58:09       -6.842616*       0.0241
GPMin:    9 22:58:17       -6.843644*       0.0182
       Step     Time          Energy         fmax
*Force-consistent energies used in optimization.
GPMin:    0 22:58:34       -6.795721*       0.1369
GPMin:    1 22:58:46       -6.835319*       0.0740
GPMin:    2 22:58:56       -6.838095*       0.1048
GPMin:    3 22:59:07       -6.848145*       0.0255
GPMin:    4 22:59:37       -6.850315*       0.0060
       Step     Time          Energy         fmax
*Force-consistent energies used in optimization.
GPMin:    0 22:59:55       -6.616379*       0.4632
GPMin:    1 23:00:07       -6.816406*       0.2323
GPMin:    2 23:00:19       -6.930776*       0.2055
GPMin:    3 23:00:30       -7.021570*       0.1251
GPMin:    4 23:00:42       -7.065799*       0.0712
GPMin:    5 23:00:52       -7.083710*       0.0587
GPMin:    6 23:01:02       -7.097015*       0.0546
GPMin:    7 23:01:11       -7.106146*       0.0465
GPMin:    8 23:01:21       -7.116929*       0.0402
GPMin:    9 23:01:30       -7.127371*       0.0344
GPMin:   10 23:01:39       -7.133408*       0.0239
GPMin:   11 23:01:49       -7.135673*       0.0233
GPMin:   12 23:01:58       -7.138441*       0.0240
GPMin:   13 23:02:07       -7.140713*       0.0183
       Step     Time          Energy         fmax
*Force-consistent energies used in optimization.
GPMin:    0 23:02:27       -5.716959*       0.8145
GPMin:    1 23:02:40       -6.227301*       0.4177
GPMin:    2 23:02:51       -6.424380*       0.2403
GPMin:    3 23:03:04       -6.528315*       0.1732
GPMin:    4 23:03:15       -6.611440*       0.1675
GPMin:    5 23:03:27       -6.693620*       0.1333
GPMin:    6 23:03:37       -6.760307*       0.0936
GPMin:    7 23:03:47       -6.799910*       0.0858
GPMin:    8 23:03:58       -6.817081*       0.0658
GPMin:    9 23:04:08       -6.824575*       0.0665
GPMin:   10 23:04:19       -6.831152*       0.0578
GPMin:   11 23:04:29       -6.837586*       0.0374
GPMin:   12 23:04:38       -6.841991*       0.0358
GPMin:   13 23:04:48       -6.845497*       0.0256
GPMin:   14 23:04:56       -6.846908*       0.0173
       Step     Time          Energy         fmax
*Force-consistent energies used in optimization.
GPMin:    0 23:05:16       -6.227354*       0.5613
GPMin:    1 23:05:28       -6.445334*       0.3459
GPMin:    2 23:05:40       -6.573405*       0.2696
GPMin:    3 23:05:50       -6.681841*       0.1874
GPMin:    4 23:06:00       -6.759055*       0.1407
GPMin:    5 23:06:11       -6.833330*       0.1688
GPMin:    6 23:06:22       -6.918412*       0.1625
GPMin:    7 23:06:33       -6.998407*       0.1619
GPMin:    8 23:06:44       -7.067746*       0.1434
GPMin:    9 23:06:54       -7.125449*       0.1267
GPMin:   10 23:07:05       -7.171188*       0.1146
GPMin:   11 23:07:16       -7.208307*       0.0930
GPMin:   12 23:07:26       -7.238517*       0.0651
GPMin:   13 23:07:37       -7.256701*       0.0583
GPMin:   14 23:07:46       -7.265721*       0.0503
GPMin:   15 23:07:55       -7.271240*       0.0411
GPMin:   16 23:08:06       -7.275121*       0.0309
GPMin:   17 23:08:15       -7.277299*       0.0259
GPMin:   18 23:08:24       -7.278939*       0.0188
       Step     Time          Energy         fmax
*Force-consistent energies used in optimization.
GPMin:    0 23:08:42       -6.736864*       0.3985
GPMin:    1 23:08:55       -6.915138*       0.2247
GPMin:    2 23:09:06       -7.004994*       0.1397
GPMin:    3 23:09:17       -7.049870*       0.0688
GPMin:    4 23:09:27       -7.068938*       0.0611
GPMin:    5 23:09:37       -7.087114*       0.0594
GPMin:    6 23:09:48       -7.099021*       0.0567
GPMin:    7 23:09:58       -7.106940*       0.0465
GPMin:    8 23:10:08       -7.116743*       0.0486
GPMin:    9 23:10:19       -7.130155*       0.0418
GPMin:   10 23:10:29       -7.142216*       0.0288
GPMin:   11 23:10:39       -7.148922*       0.0314
GPMin:   12 23:10:48       -7.152877*       0.0306
GPMin:   13 23:10:58       -7.160931*       0.0379
GPMin:   14 23:11:09       -7.177399*       0.0502
GPMin:   15 23:11:19       -7.203395*       0.0719
GPMin:   16 23:11:29       -7.234774*       0.0823
GPMin:   17 23:11:40       -7.262105*       0.0631
GPMin:   18 23:11:50       -7.274181*       0.0378
GPMin:   19 23:12:00       -7.276835*       0.0315
GPMin:   20 23:12:08       -7.278763*       0.0223
GPMin:   21 23:12:16       -7.279644*       0.0179
       Step     Time          Energy         fmax
*Force-consistent energies used in optimization.
GPMin:    0 23:12:37       -6.118512*       0.4045
GPMin:    1 23:12:50       -6.394334*       0.3724
GPMin:    2 23:13:01       -6.586466*       0.3062
GPMin:    3 23:13:13       -6.744567*       0.2437
GPMin:    4 23:13:24       -6.870591*       0.2174
GPMin:    5 23:13:36       -6.968522*       0.1638
GPMin:    6 23:13:47       -7.030509*       0.1041
GPMin:    7 23:13:57       -7.062201*       0.0788
GPMin:    8 23:14:08       -7.080102*       0.0713
GPMin:    9 23:14:18       -7.092968*       0.0599
GPMin:   10 23:14:27       -7.103342*       0.0549
GPMin:   11 23:14:36       -7.116550*       0.0713
GPMin:   12 23:14:46       -7.137177*       0.0722
GPMin:   13 23:14:55       -7.162831*       0.0690
GPMin:   14 23:15:04       -7.187232*       0.0692
GPMin:   15 23:15:13       -7.209815*       0.0600
GPMin:   16 23:15:22       -7.225565*       0.0485
GPMin:   17 23:15:31       -7.233004*       0.0377
GPMin:   18 23:15:41       -7.236063*       0.0322
GPMin:   19 23:15:49       -7.237843*       0.0244
GPMin:   20 23:15:58       -7.239269*       0.0208
GPMin:   21 23:16:07       -7.241218*       0.0198
       Step     Time          Energy         fmax
*Force-consistent energies used in optimization.
GPMin:    0 23:16:25       -6.619230*       0.2867
GPMin:    1 23:16:38       -6.758688*       0.1720
GPMin:    2 23:16:48       -6.847604*       0.1212
GPMin:    3 23:16:59       -6.914938*       0.1180
GPMin:    4 23:17:10       -6.969815*       0.1021
GPMin:    5 23:17:21       -7.012932*       0.0891
GPMin:    6 23:17:31       -7.053427*       0.1013
GPMin:    7 23:17:42       -7.098413*       0.1110
GPMin:    8 23:17:52       -7.145366*       0.1006
GPMin:    9 23:18:02       -7.186854*       0.1064
GPMin:   10 23:18:13       -7.218587*       0.1025
GPMin:   11 23:18:24       -7.243937*       0.0776
GPMin:   12 23:18:34       -7.261162*       0.0451
GPMin:   13 23:18:44       -7.269480*       0.0413
GPMin:   14 23:18:53       -7.273581*       0.0327
GPMin:   15 23:19:02       -7.277022*       0.0207
GPMin:   16 23:19:11       -7.278515*       0.0205
GPMin:   17 23:19:20       -7.279882*       0.0151
       Step     Time          Energy         fmax
*Force-consistent energies used in optimization.
GPMin:    0 23:19:39       -6.650253*       0.4662
GPMin:    1 23:19:51       -6.792129*       0.2262
GPMin:    2 23:20:03       -6.857752*       0.1155
GPMin:    3 23:20:14       -6.883764*       0.0646
GPMin:    4 23:20:25       -6.892416*       0.0484
GPMin:    5 23:20:35       -6.905183*       0.0470
GPMin:    6 23:20:45       -6.921624*       0.0468
GPMin:    7 23:20:56       -6.934579*       0.0402
GPMin:    8 23:21:06       -6.943277*       0.0203
GPMin:    9 23:21:15       -6.945843*       0.0289
GPMin:   10 23:21:24       -6.949706*       0.0349
GPMin:   11 23:21:35       -6.957872*       0.0474
GPMin:   12 23:21:45       -6.977691*       0.0648
GPMin:   13 23:21:55       -7.008346*       0.0735
GPMin:   14 23:22:06       -7.043040*       0.0696
GPMin:   15 23:22:16       -7.063642*       0.0417
GPMin:   16 23:22:26       -7.068508*       0.0287
GPMin:   17 23:22:35       -7.070857*       0.0199
       Step     Time          Energy         fmax
*Force-consistent energies used in optimization.
GPMin:    0 23:22:53       -6.479783*       0.6147
GPMin:    1 23:23:05       -6.718838*       0.2136
GPMin:    2 23:23:15       -6.797383*       0.1540
GPMin:    3 23:23:25       -6.839322*       0.0644
GPMin:    4 23:23:34       -6.847726*       0.0208
GPMin:    5 23:23:44       -6.848655*       0.0105
       Step     Time          Energy         fmax
*Force-consistent energies used in optimization.
GPMin:    0 23:24:01       -6.344976*       0.7346
GPMin:    1 23:24:12       -6.657679*       0.1907
GPMin:    2 23:24:24       -6.735620*       0.0974
GPMin:    3 23:24:34       -6.770830*       0.0980
GPMin:    4 23:24:44       -6.809937*       0.0553
GPMin:    5 23:24:55       -6.828253*       0.0358
GPMin:    6 23:25:05       -6.835825*       0.0392
GPMin:    7 23:25:14       -6.842893*       0.0195
       Step     Time          Energy         fmax
*Force-consistent energies used in optimization.
GPMin:    0 23:25:32       -6.514820*       0.5005
GPMin:    1 23:25:45       -6.690056*       0.2007
GPMin:    2 23:25:56       -6.778492*       0.1674
GPMin:    3 23:26:08       -6.863984*       0.1662
GPMin:    4 23:26:19       -6.925162*       0.1619
GPMin:    5 23:26:30       -6.985341*       0.1493
GPMin:    6 23:26:42       -7.040888*       0.1284
GPMin:    7 23:26:52       -7.077716*       0.0815
GPMin:    8 23:27:03       -7.093273*       0.0439
GPMin:    9 23:27:12       -7.098774*       0.0470
GPMin:   10 23:27:21       -7.104334*       0.0341
GPMin:   11 23:27:30       -7.107315*       0.0195
       Step     Time          Energy         fmax
*Force-consistent energies used in optimization.
GPMin:    0 23:27:47       -6.302577*       0.9433
GPMin:    1 23:28:00       -6.766013*       0.4158
GPMin:    2 23:28:12       -6.884977*       0.1975
GPMin:    3 23:28:23       -6.928319*       0.1555
GPMin:    4 23:28:34       -6.982432*       0.1674
GPMin:    5 23:28:44       -7.030820*       0.1326
GPMin:    6 23:28:55       -7.074625*       0.0866
GPMin:    7 23:29:06       -7.104080*       0.0828
GPMin:    8 23:29:16       -7.121262*       0.0737
GPMin:    9 23:29:25       -7.130798*       0.0473
GPMin:   10 23:29:36       -7.135905*       0.0365
GPMin:   11 23:29:45       -7.139345*       0.0409
GPMin:   12 23:29:54       -7.144145*       0.0322
GPMin:   13 23:30:03       -7.147334*       0.0258
GPMin:   14 23:30:12       -7.150265*       0.0313
GPMin:   15 23:30:22       -7.154306*       0.0322
GPMin:   16 23:30:32       -7.161851*       0.0468
GPMin:   17 23:30:42       -7.173785*       0.0564
GPMin:   18 23:30:53       -7.191966*       0.0692
GPMin:   19 23:31:03       -7.215232*       0.0861
GPMin:   20 23:31:14       -7.239901*       0.0824
GPMin:   21 23:31:24       -7.261324*       0.0584
GPMin:   22 23:31:35       -7.271685*       0.0374
GPMin:   23 23:31:44       -7.274844*       0.0306
GPMin:   24 23:31:53       -7.277275*       0.0264
GPMin:   25 23:32:02       -7.278451*       0.0175
       Step     Time          Energy         fmax
*Force-consistent energies used in optimization.
GPMin:    0 23:32:20       -6.244104*       0.4470
GPMin:    1 23:32:33       -6.435808*       0.2030
GPMin:    2 23:32:45       -6.549556*       0.2004
GPMin:    3 23:32:56       -6.662919*       0.2165
GPMin:    4 23:33:06       -6.769001*       0.2131
GPMin:    5 23:33:18       -6.855590*       0.1776
GPMin:    6 23:33:29       -6.913385*       0.1105
GPMin:    7 23:33:40       -6.944730*       0.0787
GPMin:    8 23:33:50       -6.964255*       0.0914
GPMin:    9 23:34:00       -6.982782*       0.0931
GPMin:   10 23:34:11       -7.005084*       0.0949
GPMin:   11 23:34:21       -7.039349*       0.1075
GPMin:   12 23:34:31       -7.072186*       0.1115
GPMin:   13 23:34:42       -7.098950*       0.1015
GPMin:   14 23:34:52       -7.119438*       0.0671
GPMin:   15 23:35:03       -7.130643*       0.0392
GPMin:   16 23:35:12       -7.134652*       0.0500
GPMin:   17 23:35:21       -7.139575*       0.0341
GPMin:   18 23:35:30       -7.143134*       0.0314
GPMin:   19 23:35:39       -7.145704*       0.0273
GPMin:   20 23:35:49       -7.147753*       0.0225
GPMin:   21 23:35:58       -7.149090*       0.0205
GPMin:   22 23:36:07       -7.150379*       0.0205
GPMin:   23 23:36:15       -7.151185*       0.0236
GPMin:   24 23:36:24       -7.152927*       0.0220
GPMin:   25 23:36:34       -7.154372*       0.0245
GPMin:   26 23:36:43       -7.159117*       0.0325
GPMin:   27 23:36:52       -7.165626*       0.0396
GPMin:   28 23:37:01       -7.177658*       0.0416
GPMin:   29 23:37:11       -7.196337*       0.0522
GPMin:   30 23:37:20       -7.218619*       0.0617
GPMin:   31 23:37:29       -7.244994*       0.0617
GPMin:   32 23:37:38       -7.265679*       0.0500
GPMin:   33 23:37:48       -7.276901*       0.0322
GPMin:   34 23:37:57       -7.279655*       0.0263
GPMin:   35 23:38:06       -7.280654*       0.0119
       Step     Time          Energy         fmax
*Force-consistent energies used in optimization.
GPMin:    0 23:38:27       -6.135567*       0.2335
GPMin:    1 23:38:41       -6.295494*       0.1956
GPMin:    2 23:38:55       -6.406698*       0.1652
GPMin:    3 23:39:09       -6.491924*       0.1332
GPMin:    4 23:39:22       -6.563644*       0.1488
GPMin:    5 23:39:34       -6.640097*       0.1573
GPMin:    6 23:39:46       -6.720616*       0.1517
GPMin:    7 23:39:57       -6.800003*       0.1473
GPMin:    8 23:40:09       -6.877301*       0.1471
GPMin:    9 23:40:20       -6.947319*       0.1414
GPMin:   10 23:40:32       -7.005967*       0.1181
GPMin:   11 23:40:43       -7.047193*       0.0772
GPMin:   12 23:40:52       -7.067572*       0.0631
GPMin:   13 23:41:03       -7.080359*       0.0640
GPMin:   14 23:41:13       -7.093662*       0.0542
GPMin:   15 23:41:23       -7.102776*       0.0555
GPMin:   16 23:41:32       -7.107861*       0.0562
GPMin:   17 23:41:42       -7.114829*       0.0495
GPMin:   18 23:41:51       -7.125169*       0.0520
GPMin:   19 23:42:00       -7.138236*       0.0441
GPMin:   20 23:42:09       -7.151701*       0.0508
GPMin:   21 23:42:18       -7.164842*       0.0563
GPMin:   22 23:42:27       -7.176012*       0.0566
GPMin:   23 23:42:37       -7.188311*       0.0603
GPMin:   24 23:42:47       -7.206903*       0.0732
GPMin:   25 23:42:57       -7.231009*       0.0733
GPMin:   26 23:43:08       -7.254578*       0.0577
GPMin:   27 23:43:18       -7.269969*       0.0451
GPMin:   28 23:43:27       -7.275041*       0.0366
GPMin:   29 23:43:35       -7.276768*       0.0296
GPMin:   30 23:43:45       -7.278694*       0.0166
       Step     Time          Energy         fmax
*Force-consistent energies used in optimization.
GPMin:    0 23:44:04       -6.549027*       0.4149
GPMin:    1 23:44:17       -6.762497*       0.2197
GPMin:    2 23:44:28       -6.905024*       0.2217
GPMin:    3 23:44:40       -7.025984*       0.2116
GPMin:    4 23:44:50       -7.111308*       0.1776
GPMin:    5 23:45:00       -7.159179*       0.1238
GPMin:    6 23:45:11       -7.187328*       0.0974
GPMin:    7 23:45:21       -7.215037*       0.1080
GPMin:    8 23:45:30       -7.237223*       0.0616
GPMin:    9 23:45:41       -7.250381*       0.0474
GPMin:   10 23:45:50       -7.256753*       0.0451
GPMin:   11 23:45:59       -7.262321*       0.0443
GPMin:   12 23:46:08       -7.267840*       0.0446
GPMin:   13 23:46:17       -7.272878*       0.0405
GPMin:   14 23:46:27       -7.277156*       0.0237
GPMin:   15 23:46:36       -7.278762*       0.0224
GPMin:   16 23:46:44       -7.279805*       0.0142
       Step     Time          Energy         fmax
*Force-consistent energies used in optimization.
GPMin:    0 23:47:01       -5.942729*       0.8856
GPMin:    1 23:47:14       -6.368869*       0.3849
GPMin:    2 23:47:26       -6.533829*       0.2547
GPMin:    3 23:47:38       -6.678732*       0.2503
GPMin:    4 23:47:49       -6.824028*       0.2531
GPMin:    5 23:48:01       -6.952432*       0.2417
GPMin:    6 23:48:12       -7.059758*       0.2088
GPMin:    7 23:48:23       -7.137425*       0.1524
GPMin:    8 23:48:33       -7.184389*       0.1108
GPMin:    9 23:48:42       -7.211289*       0.0959
GPMin:   10 23:48:51       -7.227038*       0.0825
GPMin:   11 23:49:01       -7.236594*       0.0565
GPMin:   12 23:49:10       -7.242228*       0.0398
GPMin:   13 23:49:19       -7.245792*       0.0310
GPMin:   14 23:49:28       -7.247578*       0.0300
GPMin:   15 23:49:37       -7.249643*       0.0371
GPMin:   16 23:49:46       -7.254090*       0.0412
GPMin:   17 23:49:56       -7.259288*       0.0336
GPMin:   18 23:50:05       -7.264429*       0.0301
GPMin:   19 23:50:14       -7.270406*       0.0300
GPMin:   20 23:50:23       -7.275202*       0.0294
GPMin:   21 23:50:32       -7.277943*       0.0265
GPMin:   22 23:50:41       -7.279161*       0.0181
       Step     Time          Energy         fmax
*Force-consistent energies used in optimization.
GPMin:    0 23:50:59       -6.373927*       0.8978
GPMin:    1 23:51:12       -6.792106*       0.3577
GPMin:    2 23:51:25       -6.904582*       0.1449
GPMin:    3 23:51:36       -6.941284*       0.1423
GPMin:    4 23:51:46       -6.985534*       0.1382
GPMin:    5 23:51:57       -7.024358*       0.1367
GPMin:    6 23:52:07       -7.054282*       0.1246
GPMin:    7 23:52:17       -7.076567*       0.0796
GPMin:    8 23:52:28       -7.090839*       0.0480
GPMin:    9 23:52:37       -7.098520*       0.0418
GPMin:   10 23:52:46       -7.103237*       0.0410
GPMin:   11 23:52:55       -7.107819*       0.0379
GPMin:   12 23:53:04       -7.110343*       0.0189
       Step     Time          Energy         fmax
*Force-consistent energies used in optimization.
GPMin:    0 23:53:21       -6.492795*       0.6914
GPMin:    1 23:53:34       -6.740585*       0.2272
GPMin:    2 23:53:45       -6.834288*       0.1566
GPMin:    3 23:53:56       -6.892995*       0.1140
GPMin:    4 23:54:06       -6.923303*       0.0892
GPMin:    5 23:54:16       -6.954299*       0.0951
GPMin:    6 23:54:27       -6.983521*       0.0948
GPMin:    7 23:54:37       -7.012458*       0.0949
GPMin:    8 23:54:47       -7.041159*       0.0773
GPMin:    9 23:54:58       -7.068748*       0.0640
GPMin:   10 23:55:08       -7.099454*       0.0783
GPMin:   11 23:55:19       -7.131584*       0.0668
GPMin:   12 23:55:29       -7.158903*       0.0656
GPMin:   13 23:55:39       -7.184931*       0.0678
GPMin:   14 23:55:50       -7.210052*       0.0847
GPMin:   15 23:56:00       -7.234522*       0.0957
GPMin:   16 23:56:10       -7.258584*       0.0734
GPMin:   17 23:56:21       -7.273418*       0.0426
GPMin:   18 23:56:30       -7.278411*       0.0324
GPMin:   19 23:56:38       -7.279853*       0.0190
       Step     Time          Energy         fmax
*Force-consistent energies used in optimization.
GPMin:    0 23:56:56       -6.704013*       0.4429
GPMin:    1 23:57:09       -6.881725*       0.2118
GPMin:    2 23:57:20       -6.979833*       0.1651
GPMin:    3 23:57:32       -7.050522*       0.1047
GPMin:    4 23:57:43       -7.081001*       0.0720
GPMin:    5 23:57:54       -7.097716*       0.0573
GPMin:    6 23:58:04       -7.109831*       0.0552
GPMin:    7 23:58:14       -7.118048*       0.0430
GPMin:    8 23:58:24       -7.125882*       0.0424
GPMin:    9 23:58:34       -7.133637*       0.0293
GPMin:   10 23:58:45       -7.137365*       0.0218
GPMin:   11 23:58:54       -7.138921*       0.0155
       Step     Time          Energy         fmax
*Force-consistent energies used in optimization.
GPMin:    0 23:59:12       -6.609895*       0.7825
GPMin:    1 23:59:23       -6.853748*       0.1984
GPMin:    2 23:59:34       -6.904917*       0.1115
GPMin:    3 23:59:45       -6.923135*       0.1174
GPMin:    4 23:59:55       -6.953337*       0.0719
GPMin:    5 00:00:05       -6.979761*       0.1098
GPMin:    6 00:00:15       -7.025436*       0.1105
GPMin:    7 00:00:26       -7.075707*       0.1021
GPMin:    8 00:00:36       -7.121600*       0.0865
GPMin:    9 00:00:46       -7.154281*       0.0711
GPMin:   10 00:00:57       -7.171172*       0.0724
GPMin:   11 00:01:07       -7.187637*       0.0711
GPMin:   12 00:01:16       -7.202590*       0.0814
GPMin:   13 00:01:27       -7.225360*       0.0714
GPMin:   14 00:01:37       -7.248176*       0.0643
GPMin:   15 00:01:47       -7.261063*       0.0444
GPMin:   16 00:01:57       -7.268071*       0.0329
GPMin:   17 00:02:06       -7.271952*       0.0302
GPMin:   18 00:02:15       -7.275034*       0.0284
GPMin:   19 00:02:24       -7.278029*       0.0252
GPMin:   20 00:02:32       -7.279713*       0.0169
       Step     Time          Energy         fmax
*Force-consistent energies used in optimization.
GPMin:    0 00:02:49       -6.711075*       0.7036
GPMin:    1 00:03:02       -6.912778*       0.1949
GPMin:    2 00:03:13       -6.985033*       0.1899
GPMin:    3 00:03:25       -7.052372*       0.1496
GPMin:    4 00:03:35       -7.089872*       0.0811
GPMin:    5 00:03:45       -7.125255*       0.0992
GPMin:    6 00:03:56       -7.169551*       0.0920
GPMin:    7 00:04:06       -7.214556*       0.0802
GPMin:    8 00:04:16       -7.250762*       0.0650
GPMin:    9 00:04:27       -7.272130*       0.0389
GPMin:   10 00:04:36       -7.277671*       0.0250
GPMin:   11 00:04:45       -7.278943*       0.0225
GPMin:   12 00:04:54       -7.279980*       0.0144
       Step     Time          Energy         fmax
*Force-consistent energies used in optimization.
GPMin:    0 00:05:12       -6.531089*       0.8241
GPMin:    1 00:05:25       -6.872813*       0.2835
GPMin:    2 00:05:36       -6.981406*       0.2710
GPMin:    3 00:05:48       -7.062442*       0.2426
GPMin:    4 00:06:00       -7.137915*       0.1807
GPMin:    5 00:06:10       -7.184558*       0.1051
GPMin:    6 00:06:19       -7.209022*       0.1039
GPMin:    7 00:06:29       -7.233329*       0.0732
GPMin:    8 00:06:40       -7.253699*       0.0668
GPMin:    9 00:06:49       -7.268082*       0.0497
GPMin:   10 00:06:58       -7.274775*       0.0340
GPMin:   11 00:07:07       -7.276561*       0.0233
GPMin:   12 00:07:17       -7.278580*       0.0258
GPMin:   13 00:07:26       -7.279790*       0.0184
       Step     Time          Energy         fmax
*Force-consistent energies used in optimization.
GPMin:    0 00:07:43       -6.542263*       0.6070
GPMin:    1 00:07:56       -6.806651*       0.3373
GPMin:    2 00:08:07       -6.949383*       0.2283
GPMin:    3 00:08:19       -7.030712*       0.1286
GPMin:    4 00:08:30       -7.063273*       0.1039
GPMin:    5 00:08:40       -7.081630*       0.0494
GPMin:    6 00:08:49       -7.085394*       0.0418
GPMin:    7 00:08:58       -7.088457*       0.0266
GPMin:    8 00:09:08       -7.091293*       0.0265
GPMin:    9 00:09:17       -7.094290*       0.0312
GPMin:   10 00:09:28       -7.098994*       0.0328
GPMin:   11 00:09:38       -7.104222*       0.0263
GPMin:   12 00:09:48       -7.107368*       0.0248
GPMin:   13 00:09:57       -7.110003*       0.0210
GPMin:   14 00:10:07       -7.111295*       0.0134
       Step     Time          Energy         fmax
*Force-consistent energies used in optimization.
GPMin:    0 00:10:27       -6.135567*       0.2336
GPMin:    1 00:10:41       -6.295459*       0.1957
GPMin:    2 00:10:56       -6.406690*       0.1652
GPMin:    3 00:11:09       -6.491906*       0.1332
GPMin:    4 00:11:22       -6.563620*       0.1489
GPMin:    5 00:11:35       -6.640082*       0.1573
GPMin:    6 00:11:46       -6.720601*       0.1516
GPMin:    7 00:11:57       -6.799990*       0.1473
GPMin:    8 00:12:09       -6.877284*       0.1471
GPMin:    9 00:12:20       -6.947288*       0.1414
GPMin:   10 00:12:32       -7.005936*       0.1182
GPMin:   11 00:12:43       -7.047176*       0.0772
GPMin:   12 00:12:52       -7.067564*       0.0631
GPMin:   13 00:13:02       -7.080350*       0.0641
GPMin:   14 00:13:13       -7.093650*       0.0541
GPMin:   15 00:13:23       -7.102765*       0.0555
GPMin:   16 00:13:32       -7.107850*       0.0562
GPMin:   17 00:13:41       -7.114813*       0.0495
GPMin:   18 00:13:50       -7.125149*       0.0520
GPMin:   19 00:14:00       -7.138210*       0.0441
GPMin:   20 00:14:09       -7.151689*       0.0508
GPMin:   21 00:14:18       -7.164838*       0.0563
GPMin:   22 00:14:27       -7.176023*       0.0566
GPMin:   23 00:14:36       -7.188328*       0.0603
GPMin:   24 00:14:47       -7.206913*       0.0732
GPMin:   25 00:14:57       -7.231016*       0.0733
GPMin:   26 00:15:07       -7.254582*       0.0577
GPMin:   27 00:15:18       -7.269969*       0.0451
GPMin:   28 00:15:27       -7.275041*       0.0367
GPMin:   29 00:15:35       -7.276769*       0.0296
GPMin:   30 00:15:44       -7.278695*       0.0166
